<?xml version="1.0" encoding="UTF-8"?>
<testsuite xmlns:xsi="http://www.w3.org/2001/XMLSchema-instance" xsi:noNamespaceSchemaLocation="https://maven.apache.org/surefire/maven-surefire-plugin/xsd/surefire-test-report-3.0.xsd" version="3.0" name="edu.brown.cs.student.SearchTest" time="0.678" tests="20" errors="0" skipped="0" failures="0">
  <properties>
    <property name="java.specification.version" value="17"/>
    <property name="sun.jnu.encoding" value="UTF-8"/>
    <property name="java.class.path" value="/Users/happy2na/Desktop/CS320/csv-YUUU23/target/test-classes:/Users/happy2na/Desktop/CS320/csv-YUUU23/target/classes:/Users/happy2na/.m2/repository/com/squareup/moshi/moshi/1.13.0/moshi-1.13.0.jar:/Users/happy2na/.m2/repository/com/squareup/okio/okio/2.10.0/okio-2.10.0.jar:/Users/happy2na/.m2/repository/org/jetbrains/kotlin/kotlin-stdlib/1.4.20/kotlin-stdlib-1.4.20.jar:/Users/happy2na/.m2/repository/org/jetbrains/annotations/13.0/annotations-13.0.jar:/Users/happy2na/.m2/repository/org/jetbrains/kotlin/kotlin-stdlib-common/1.4.20/kotlin-stdlib-common-1.4.20.jar:/Users/happy2na/.m2/repository/org/jetbrains/kotlin/kotlin-stdlib-jdk8/1.6.0/kotlin-stdlib-jdk8-1.6.0.jar:/Users/happy2na/.m2/repository/org/jetbrains/kotlin/kotlin-stdlib-jdk7/1.6.0/kotlin-stdlib-jdk7-1.6.0.jar:/Users/happy2na/.m2/repository/com/squareup/moshi/moshi-adapters/1.13.0/moshi-adapters-1.13.0.jar:/Users/happy2na/.m2/repository/com/sparkjava/spark-core/2.9.3/spark-core-2.9.3.jar:/Users/happy2na/.m2/repository/org/slf4j/slf4j-api/1.7.25/slf4j-api-1.7.25.jar:/Users/happy2na/.m2/repository/org/eclipse/jetty/jetty-server/9.4.31.v20200723/jetty-server-9.4.31.v20200723.jar:/Users/happy2na/.m2/repository/javax/servlet/javax.servlet-api/3.1.0/javax.servlet-api-3.1.0.jar:/Users/happy2na/.m2/repository/org/eclipse/jetty/jetty-http/9.4.31.v20200723/jetty-http-9.4.31.v20200723.jar:/Users/happy2na/.m2/repository/org/eclipse/jetty/jetty-util/9.4.31.v20200723/jetty-util-9.4.31.v20200723.jar:/Users/happy2na/.m2/repository/org/eclipse/jetty/jetty-io/9.4.31.v20200723/jetty-io-9.4.31.v20200723.jar:/Users/happy2na/.m2/repository/org/eclipse/jetty/jetty-webapp/9.4.31.v20200723/jetty-webapp-9.4.31.v20200723.jar:/Users/happy2na/.m2/repository/org/eclipse/jetty/jetty-xml/9.4.31.v20200723/jetty-xml-9.4.31.v20200723.jar:/Users/happy2na/.m2/repository/org/eclipse/jetty/jetty-servlet/9.4.31.v20200723/jetty-servlet-9.4.31.v20200723.jar:/Users/happy2na/.m2/repository/org/eclipse/jetty/jetty-security/9.4.31.v20200723/jetty-security-9.4.31.v20200723.jar:/Users/happy2na/.m2/repository/org/eclipse/jetty/websocket/websocket-server/9.4.31.v20200723/websocket-server-9.4.31.v20200723.jar:/Users/happy2na/.m2/repository/org/eclipse/jetty/websocket/websocket-common/9.4.31.v20200723/websocket-common-9.4.31.v20200723.jar:/Users/happy2na/.m2/repository/org/eclipse/jetty/websocket/websocket-client/9.4.31.v20200723/websocket-client-9.4.31.v20200723.jar:/Users/happy2na/.m2/repository/org/eclipse/jetty/jetty-client/9.4.31.v20200723/jetty-client-9.4.31.v20200723.jar:/Users/happy2na/.m2/repository/org/eclipse/jetty/websocket/websocket-servlet/9.4.31.v20200723/websocket-servlet-9.4.31.v20200723.jar:/Users/happy2na/.m2/repository/org/eclipse/jetty/websocket/websocket-api/9.4.31.v20200723/websocket-api-9.4.31.v20200723.jar:/Users/happy2na/.m2/repository/org/testng/testng/7.9.0/testng-7.9.0.jar:/Users/happy2na/.m2/repository/com/beust/jcommander/1.82/jcommander-1.82.jar:/Users/happy2na/.m2/repository/org/webjars/jquery/3.7.1/jquery-3.7.1.jar:/Users/happy2na/.m2/repository/org/junit/jupiter/junit-jupiter-engine/5.4.0/junit-jupiter-engine-5.4.0.jar:/Users/happy2na/.m2/repository/org/apiguardian/apiguardian-api/1.0.0/apiguardian-api-1.0.0.jar:/Users/happy2na/.m2/repository/org/junit/platform/junit-platform-engine/1.4.0/junit-platform-engine-1.4.0.jar:/Users/happy2na/.m2/repository/org/opentest4j/opentest4j/1.1.1/opentest4j-1.1.1.jar:/Users/happy2na/.m2/repository/org/junit/platform/junit-platform-commons/1.4.0/junit-platform-commons-1.4.0.jar:/Users/happy2na/.m2/repository/org/junit/jupiter/junit-jupiter-api/5.4.0/junit-jupiter-api-5.4.0.jar:"/>
    <property name="java.vm.vendor" value="Homebrew"/>
    <property name="sun.arch.data.model" value="64"/>
    <property name="java.vendor.url" value="https://github.com/Homebrew/homebrew-core/issues"/>
    <property name="os.name" value="Mac OS X"/>
    <property name="java.vm.specification.version" value="17"/>
    <property name="sun.java.launcher" value="SUN_STANDARD"/>
    <property name="user.country" value="US"/>
    <property name="sun.boot.library.path" value="/opt/homebrew/Cellar/openjdk@17/17.0.9/libexec/openjdk.jdk/Contents/Home/lib"/>
    <property name="sun.java.command" value="/Users/happy2na/Desktop/CS320/csv-YUUU23/target/surefire/surefirebooter-20240204181603834_3.jar /Users/happy2na/Desktop/CS320/csv-YUUU23/target/surefire 2024-02-04T18-16-03_679-jvmRun1 surefire-20240204181603834_1tmp surefire_0-20240204181603834_2tmp"/>
    <property name="http.nonProxyHosts" value="local|*.local|169.254/16|*.169.254/16"/>
    <property name="jdk.debug" value="release"/>
    <property name="surefire.test.class.path" value="/Users/happy2na/Desktop/CS320/csv-YUUU23/target/test-classes:/Users/happy2na/Desktop/CS320/csv-YUUU23/target/classes:/Users/happy2na/.m2/repository/com/squareup/moshi/moshi/1.13.0/moshi-1.13.0.jar:/Users/happy2na/.m2/repository/com/squareup/okio/okio/2.10.0/okio-2.10.0.jar:/Users/happy2na/.m2/repository/org/jetbrains/kotlin/kotlin-stdlib/1.4.20/kotlin-stdlib-1.4.20.jar:/Users/happy2na/.m2/repository/org/jetbrains/annotations/13.0/annotations-13.0.jar:/Users/happy2na/.m2/repository/org/jetbrains/kotlin/kotlin-stdlib-common/1.4.20/kotlin-stdlib-common-1.4.20.jar:/Users/happy2na/.m2/repository/org/jetbrains/kotlin/kotlin-stdlib-jdk8/1.6.0/kotlin-stdlib-jdk8-1.6.0.jar:/Users/happy2na/.m2/repository/org/jetbrains/kotlin/kotlin-stdlib-jdk7/1.6.0/kotlin-stdlib-jdk7-1.6.0.jar:/Users/happy2na/.m2/repository/com/squareup/moshi/moshi-adapters/1.13.0/moshi-adapters-1.13.0.jar:/Users/happy2na/.m2/repository/com/sparkjava/spark-core/2.9.3/spark-core-2.9.3.jar:/Users/happy2na/.m2/repository/org/slf4j/slf4j-api/1.7.25/slf4j-api-1.7.25.jar:/Users/happy2na/.m2/repository/org/eclipse/jetty/jetty-server/9.4.31.v20200723/jetty-server-9.4.31.v20200723.jar:/Users/happy2na/.m2/repository/javax/servlet/javax.servlet-api/3.1.0/javax.servlet-api-3.1.0.jar:/Users/happy2na/.m2/repository/org/eclipse/jetty/jetty-http/9.4.31.v20200723/jetty-http-9.4.31.v20200723.jar:/Users/happy2na/.m2/repository/org/eclipse/jetty/jetty-util/9.4.31.v20200723/jetty-util-9.4.31.v20200723.jar:/Users/happy2na/.m2/repository/org/eclipse/jetty/jetty-io/9.4.31.v20200723/jetty-io-9.4.31.v20200723.jar:/Users/happy2na/.m2/repository/org/eclipse/jetty/jetty-webapp/9.4.31.v20200723/jetty-webapp-9.4.31.v20200723.jar:/Users/happy2na/.m2/repository/org/eclipse/jetty/jetty-xml/9.4.31.v20200723/jetty-xml-9.4.31.v20200723.jar:/Users/happy2na/.m2/repository/org/eclipse/jetty/jetty-servlet/9.4.31.v20200723/jetty-servlet-9.4.31.v20200723.jar:/Users/happy2na/.m2/repository/org/eclipse/jetty/jetty-security/9.4.31.v20200723/jetty-security-9.4.31.v20200723.jar:/Users/happy2na/.m2/repository/org/eclipse/jetty/websocket/websocket-server/9.4.31.v20200723/websocket-server-9.4.31.v20200723.jar:/Users/happy2na/.m2/repository/org/eclipse/jetty/websocket/websocket-common/9.4.31.v20200723/websocket-common-9.4.31.v20200723.jar:/Users/happy2na/.m2/repository/org/eclipse/jetty/websocket/websocket-client/9.4.31.v20200723/websocket-client-9.4.31.v20200723.jar:/Users/happy2na/.m2/repository/org/eclipse/jetty/jetty-client/9.4.31.v20200723/jetty-client-9.4.31.v20200723.jar:/Users/happy2na/.m2/repository/org/eclipse/jetty/websocket/websocket-servlet/9.4.31.v20200723/websocket-servlet-9.4.31.v20200723.jar:/Users/happy2na/.m2/repository/org/eclipse/jetty/websocket/websocket-api/9.4.31.v20200723/websocket-api-9.4.31.v20200723.jar:/Users/happy2na/.m2/repository/org/testng/testng/7.9.0/testng-7.9.0.jar:/Users/happy2na/.m2/repository/com/beust/jcommander/1.82/jcommander-1.82.jar:/Users/happy2na/.m2/repository/org/webjars/jquery/3.7.1/jquery-3.7.1.jar:/Users/happy2na/.m2/repository/org/junit/jupiter/junit-jupiter-engine/5.4.0/junit-jupiter-engine-5.4.0.jar:/Users/happy2na/.m2/repository/org/apiguardian/apiguardian-api/1.0.0/apiguardian-api-1.0.0.jar:/Users/happy2na/.m2/repository/org/junit/platform/junit-platform-engine/1.4.0/junit-platform-engine-1.4.0.jar:/Users/happy2na/.m2/repository/org/opentest4j/opentest4j/1.1.1/opentest4j-1.1.1.jar:/Users/happy2na/.m2/repository/org/junit/platform/junit-platform-commons/1.4.0/junit-platform-commons-1.4.0.jar:/Users/happy2na/.m2/repository/org/junit/jupiter/junit-jupiter-api/5.4.0/junit-jupiter-api-5.4.0.jar:"/>
    <property name="sun.cpu.endian" value="little"/>
    <property name="user.home" value="/Users/happy2na"/>
    <property name="user.language" value="en"/>
    <property name="java.specification.vendor" value="Oracle Corporation"/>
    <property name="java.version.date" value="2023-10-17"/>
    <property name="java.home" value="/opt/homebrew/Cellar/openjdk@17/17.0.9/libexec/openjdk.jdk/Contents/Home"/>
    <property name="file.separator" value="/"/>
    <property name="basedir" value="/Users/happy2na/Desktop/CS320/csv-YUUU23"/>
    <property name="java.vm.compressedOopsMode" value="Zero based"/>
    <property name="line.separator" value="&#10;"/>
    <property name="java.specification.name" value="Java Platform API Specification"/>
    <property name="java.vm.specification.vendor" value="Oracle Corporation"/>
    <property name="surefire.real.class.path" value="/Users/happy2na/Desktop/CS320/csv-YUUU23/target/surefire/surefirebooter-20240204181603834_3.jar"/>
    <property name="sun.management.compiler" value="HotSpot 64-Bit Tiered Compilers"/>
    <property name="ftp.nonProxyHosts" value="local|*.local|169.254/16|*.169.254/16"/>
    <property name="java.runtime.version" value="17.0.9+0"/>
    <property name="user.name" value="happy2na"/>
    <property name="path.separator" value=":"/>
    <property name="os.version" value="14.1"/>
    <property name="java.runtime.name" value="OpenJDK Runtime Environment"/>
    <property name="file.encoding" value="UTF-8"/>
    <property name="java.vm.name" value="OpenJDK 64-Bit Server VM"/>
    <property name="java.vendor.version" value="Homebrew"/>
    <property name="localRepository" value="/Users/happy2na/.m2/repository"/>
    <property name="java.vendor.url.bug" value="https://github.com/Homebrew/homebrew-core/issues"/>
    <property name="java.io.tmpdir" value="/var/folders/6m/f47m_fzj7cb6grp4vc8q8h880000gn/T/"/>
    <property name="java.version" value="17.0.9"/>
    <property name="user.dir" value="/Users/happy2na/Desktop/CS320/csv-YUUU23"/>
    <property name="os.arch" value="aarch64"/>
    <property name="java.vm.specification.name" value="Java Virtual Machine Specification"/>
    <property name="native.encoding" value="UTF-8"/>
    <property name="java.library.path" value="/Users/happy2na/Library/Java/Extensions:/Library/Java/Extensions:/Network/Library/Java/Extensions:/System/Library/Java/Extensions:/usr/lib/java:."/>
    <property name="java.vm.info" value="mixed mode, sharing"/>
    <property name="java.vendor" value="Homebrew"/>
    <property name="java.vm.version" value="17.0.9+0"/>
    <property name="sun.io.unicode.encoding" value="UnicodeBig"/>
    <property name="socksNonProxyHosts" value="local|*.local|169.254/16|*.169.254/16"/>
    <property name="java.class.version" value="61.0"/>
  </properties>
  <testcase name="testInvalidColIndex" classname="edu.brown.cs.student.SearchTest" time="0.072">
    <system-out><![CDATA[mismatched to row format: [Gemini, Roberto, Nick]
mismatched to row format: [Virgo]
mismatched to row format: [Libra]
mismatched to row format: [Aquarius]
mismatched to row format: [Gemini, Roberto, Nick]
mismatched to row format: [Virgo]
mismatched to row format: [Libra]
mismatched to row format: [Aquarius]
]]></system-out>
  </testcase>
  <testcase name="testNoHeaderNoSearchName" classname="edu.brown.cs.student.SearchTest" time="0.033"/>
  <testcase name="testExistInWrongColAll" classname="edu.brown.cs.student.SearchTest" time="0.068">
    <system-out><![CDATA[05000US44007not found in given csv under column name ID Year
2020not found in given csv under column name Slug University
Womennot found in given csv under column index 9
mismatched to row format: [Gemini, Roberto, Nick]
mismatched to row format: [Virgo]
mismatched to row format: [Libra]
mismatched to row format: [Aquarius]
Scorpionot found in given csv under column index 1
]]></system-out>
  </testcase>
  <testcase name="testRepeatSearchWithHeaderFound" classname="edu.brown.cs.student.SearchTest" time="0.108">
    <system-out><![CDATA[Row containing RI: RI, White, " $1,058.47 ", 395773.6521,  $1.00 , 75%
Row containing RI: RI, Black,  $770.26 , 30424.80376,  $0.73 , 6%
Row containing RI: RI, Native American/American Indian,  $471.07 , 2315.505646,  $0.45 , 0%
Row containing RI: RI, Asian-Pacific Islander, " $1,080.09 ", 18956.71657,  $1.02 , 4%
Row containing RI: RI, Hispanic/Latino,  $673.14 , 74596.18851,  $0.64 , 14%
Row containing RI: RI, Multiracial,  $971.89 , 8883.049171,  $0.92 , 2%
Row containing White: White, 2020, 2020, 217156, Brown University, 691, brown-university, 0.223552248, Men, 1
Row containing White: White, 2020, 2020, 217156, Brown University, 660, brown-university, 0.213523132, Women, 2
Row containing White: White, 2020, 2020, 217156, Brown University, 691, brown-university, 0.223552248, Men, 1
Row containing White: White, 2020, 2020, 217156, Brown University, 660, brown-university, 0.213523132, Women, 2
Row containing White: White, 2020, 2020, 217156, Brown University, 691, brown-university, 0.223552248, Men, 1
Row containing White: White, 2020, 2020, 217156, Brown University, 660, brown-university, 0.213523132, Women, 2
Row containing 2 under column number 9: Asian, 2020, 2020, 217156, Brown University, 235, brown-university, 0.076027176, Women, 2
Row containing 2 under column number 9: Black or African American, 2020, 2020, 217156, Brown University, 95, brown-university, 0.03073439, Women, 2
Row containing 2 under column number 9: Native Hawaiian or Other Pacific Islanders, 2020, 2020, 217156, Brown University, 4, brown-university, 0.00129408, Women, 2
Row containing 2 under column number 9: Hispanic or Latino, 2020, 2020, 217156, Brown University, 207, brown-university, 0.066968619, Women, 2
Row containing 2 under column number 9: Two or More Races, 2020, 2020, 217156, Brown University, 85, brown-university, 0.027499191, Women, 2
Row containing 2 under column number 9: American Indian or Alaska Native, 2020, 2020, 217156, Brown University, 7, brown-university, 0.002264639, Women, 2
Row containing 2 under column number 9: Non-resident Alien, 2020, 2020, 217156, Brown University, 281, brown-university, 0.090909091, Women, 2
Row containing 2 under column number 9: White, 2020, 2020, 217156, Brown University, 660, brown-university, 0.213523132, Women, 2
Row containing Asian under column number 0: Asian, 2020, 2020, 217156, Brown University, 214, brown-university, 0.069233258, Men, 1
Row containing Asian under column number 0: Asian, 2020, 2020, 217156, Brown University, 235, brown-university, 0.076027176, Women, 2
Row containing Asian under column number 0: Asian, 2020, 2020, 217156, Brown University, 214, brown-university, 0.069233258, Men, 1
Row containing Asian under column number 0: Asian, 2020, 2020, 217156, Brown University, 235, brown-university, 0.076027176, Women, 2
Row containing Asian under column number 0: Asian, 2020, 2020, 217156, Brown University, 214, brown-university, 0.069233258, Men, 1
Row containing Asian under column number 0: Asian, 2020, 2020, 217156, Brown University, 235, brown-university, 0.076027176, Women, 2
Row containing 05000US44001 under column number 7: 0, Total, 2020, 2020, 85413, 6122, "Bristol County, RI", 05000US44001, bristol-county-ri
Row containing 05000US44001 under column number 7: 1, White, 2020, 2020, 85359, 6432, "Bristol County, RI", 05000US44001, bristol-county-ri
Row containing 05000US44001 under column number 7: 2, Black, 2020, 2020, 72443, 54768, "Bristol County, RI", 05000US44001, bristol-county-ri
Row containing 05000US44001 under column number 7: 4, Asian, 2020, 2020, 69612, 53700, "Bristol County, RI", 05000US44001, bristol-county-ri
Row containing 05000US44001 under column number 7: 7, Two Or More, 2020, 2020, 100250, 22504, "Bristol County, RI", 05000US44001, bristol-county-ri
Row containing 05000US44001 under column number 7: 8, White Non-Hispanic, 2020, 2020, 86463, 7051, "Bristol County, RI", 05000US44001, bristol-county-ri
Row containing 05000US44001 under column number 7: 9, Hispanic, 2020, 2020, 64167, 25729, "Bristol County, RI", 05000US44001, bristol-county-ri
Row containing 05000US44001 under column number 7: 0, Total, 2019, 2019, 83092, 4339, "Bristol County, RI", 05000US44001, bristol-county-ri
Row containing 05000US44001 under column number 7: 1, White, 2019, 2019, 82750, 5075, "Bristol County, RI", 05000US44001, bristol-county-ri
Row containing 05000US44001 under column number 7: 4, Asian, 2019, 2019, 118750, 78991, "Bristol County, RI", 05000US44001, bristol-county-ri
Row containing 05000US44001 under column number 7: 7, Two Or More, 2019, 2019, 110078, 43635, "Bristol County, RI", 05000US44001, bristol-county-ri
Row containing 05000US44001 under column number 7: 8, White Non-Hispanic, 2019, 2019, 83216, 4938, "Bristol County, RI", 05000US44001, bristol-county-ri
Row containing 05000US44001 under column number 7: 9, Hispanic, 2019, 2019, 70543, 24295, "Bristol County, RI", 05000US44001, bristol-county-ri
Row containing 05000US44001 under column number 7: 0, Total, 2018, 2018, 75578, 3422, "Bristol County, RI", 05000US44001, bristol-county-ri
Row containing 05000US44001 under column number 7: 1, White, 2018, 2018, 75730, 3643.0000000000000, "Bristol County, RI", 05000US44001, bristol-county-ri
Row containing 05000US44001 under column number 7: 4, Asian, 2018, 2018, 82250, 80499, "Bristol County, RI", 05000US44001, bristol-county-ri
Row containing 05000US44001 under column number 7: 8, White Non-Hispanic, 2018, 2018, 76057, 3490.0000000000000, "Bristol County, RI", 05000US44001, bristol-county-ri
Row containing 05000US44001 under column number 7: 9, Hispanic, 2018, 2018, 51602, 31160.000000000000, "Bristol County, RI", 05000US44001, bristol-county-ri
Row containing 05000US44001 under column number 7: 0, Total, 2017, 2017, 74630, 3265, "Bristol County, RI", 05000US44001, bristol-county-ri
Row containing 05000US44001 under column number 7: 1, White, 2017, 2017, 74736, 3411, "Bristol County, RI", 05000US44001, bristol-county-ri
Row containing 05000US44001 under column number 7: 4, Asian, 2017, 2017, 78778, 38212, "Bristol County, RI", 05000US44001, bristol-county-ri
Row containing 05000US44001 under column number 7: 7, Two Or More, 2017, 2017, 77011, 37514, "Bristol County, RI", 05000US44001, bristol-county-ri
Row containing 05000US44001 under column number 7: 8, White Non-Hispanic, 2017, 2017, 74788, 3320, "Bristol County, RI", 05000US44001, bristol-county-ri
Row containing 05000US44001 under column number 7: 9, Hispanic, 2017, 2017, 47542, 31963, "Bristol County, RI", 05000US44001, bristol-county-ri
Row containing 05000US44001 under column number 7: 0, Total, 2016, 2016, 73096, 2962, "Bristol County, RI", 05000US44001, bristol-county-ri
Row containing 05000US44001 under column number 7: 1, White, 2016, 2016, 73255, 2929, "Bristol County, RI", 05000US44001, bristol-county-ri
Row containing 05000US44001 under column number 7: 4, Asian, 2016, 2016, 78598, 44648, "Bristol County, RI", 05000US44001, bristol-county-ri
Row containing 05000US44001 under column number 7: 7, Two Or More, 2016, 2016, 73315, 62393.00000000000, "Bristol County, RI", 05000US44001, bristol-county-ri
Row containing 05000US44001 under column number 7: 8, White Non-Hispanic, 2016, 2016, 73096, 2931, "Bristol County, RI", 05000US44001, bristol-county-ri
Row containing 05000US44001 under column number 7: 9, Hispanic, 2016, 2016, 68194, 38709, "Bristol County, RI", 05000US44001, bristol-county-ri
Row containing 05000US44001 under column number 7: 0, Total, 2015, 2015, 72458, 3264, "Bristol County, RI", 05000US44001, bristol-county-ri
Row containing 05000US44001 under column number 7: 1, White, 2015, 2015, 72815, 3491.0000000000000, "Bristol County, RI", 05000US44001, bristol-county-ri
Row containing 05000US44001 under column number 7: 4, Asian, 2015, 2015, 75000, 44237, "Bristol County, RI", 05000US44001, bristol-county-ri
Row containing 05000US44001 under column number 7: 8, White Non-Hispanic, 2015, 2015, 72744, 3542, "Bristol County, RI", 05000US44001, bristol-county-ri
Row containing 05000US44001 under column number 7: 9, Hispanic, 2015, 2015, 63583, 34020, "Bristol County, RI", 05000US44001, bristol-county-ri
Row containing 05000US44001 under column number 7: 0, Total, 2014, 2014, 69240, 5304, "Bristol County, RI", 05000US44001, bristol-county-ri
Row containing 05000US44001 under column number 7: 1, White, 2014, 2014, 70086, 5118, "Bristol County, RI", 05000US44001, bristol-county-ri
Row containing 05000US44001 under column number 7: 2, Black, 2014, 2014, 42292, 219684, "Bristol County, RI", 05000US44001, bristol-county-ri
Row containing 05000US44001 under column number 7: 4, Asian, 2014, 2014, 45385, 26221, "Bristol County, RI", 05000US44001, bristol-county-ri
Row containing 05000US44001 under column number 7: 7, Two Or More, 2014, 2014, 59969, 30608, "Bristol County, RI", 05000US44001, bristol-county-ri
Row containing 05000US44001 under column number 7: 8, White Non-Hispanic, 2014, 2014, 70403, 4923, "Bristol County, RI", 05000US44001, bristol-county-ri
Row containing 05000US44001 under column number 7: 9, Hispanic, 2014, 2014, 39872, 38276, "Bristol County, RI", 05000US44001, bristol-county-ri
Row containing 05000US44001 under column number 7: 0, Total, 2013, 2013, 71238, 2819, "Bristol County, RI", 05000US44001, bristol-county-ri
Row containing 05000US44001 under column number 7: 1, White, 2013, 2013, 71580, 3233, "Bristol County, RI", 05000US44001, bristol-county-ri
Row containing 05000US44001 under column number 7: 4, Asian, 2013, 2013, 58750, 69970, "Bristol County, RI", 05000US44001, bristol-county-ri
Row containing 05000US44001 under column number 7: 7, Two Or More, 2013, 2013, 55854, 40346, "Bristol County, RI", 05000US44001, bristol-county-ri
Row containing 05000US44001 under column number 7: 8, White Non-Hispanic, 2013, 2013, 71679, 3236, "Bristol County, RI", 05000US44001, bristol-county-ri
Row containing 05000US44001 under column number 7: 9, Hispanic, 2013, 2013, 53011, 26340, "Bristol County, RI", 05000US44001, bristol-county-ri
Row containing 05000US44001 under column number 7: 0, Total, 2020, 2020, 85413, 6122, "Bristol County, RI", 05000US44001, bristol-county-ri
Row containing 05000US44001 under column number 7: 1, White, 2020, 2020, 85359, 6432, "Bristol County, RI", 05000US44001, bristol-county-ri
Row containing 05000US44001 under column number 7: 2, Black, 2020, 2020, 72443, 54768, "Bristol County, RI", 05000US44001, bristol-county-ri
Row containing 05000US44001 under column number 7: 4, Asian, 2020, 2020, 69612, 53700, "Bristol County, RI", 05000US44001, bristol-county-ri
Row containing 05000US44001 under column number 7: 7, Two Or More, 2020, 2020, 100250, 22504, "Bristol County, RI", 05000US44001, bristol-county-ri
Row containing 05000US44001 under column number 7: 8, White Non-Hispanic, 2020, 2020, 86463, 7051, "Bristol County, RI", 05000US44001, bristol-county-ri
Row containing 05000US44001 under column number 7: 9, Hispanic, 2020, 2020, 64167, 25729, "Bristol County, RI", 05000US44001, bristol-county-ri
Row containing 05000US44001 under column number 7: 0, Total, 2019, 2019, 83092, 4339, "Bristol County, RI", 05000US44001, bristol-county-ri
Row containing 05000US44001 under column number 7: 1, White, 2019, 2019, 82750, 5075, "Bristol County, RI", 05000US44001, bristol-county-ri
Row containing 05000US44001 under column number 7: 4, Asian, 2019, 2019, 118750, 78991, "Bristol County, RI", 05000US44001, bristol-county-ri
Row containing 05000US44001 under column number 7: 7, Two Or More, 2019, 2019, 110078, 43635, "Bristol County, RI", 05000US44001, bristol-county-ri
Row containing 05000US44001 under column number 7: 8, White Non-Hispanic, 2019, 2019, 83216, 4938, "Bristol County, RI", 05000US44001, bristol-county-ri
Row containing 05000US44001 under column number 7: 9, Hispanic, 2019, 2019, 70543, 24295, "Bristol County, RI", 05000US44001, bristol-county-ri
Row containing 05000US44001 under column number 7: 0, Total, 2018, 2018, 75578, 3422, "Bristol County, RI", 05000US44001, bristol-county-ri
Row containing 05000US44001 under column number 7: 1, White, 2018, 2018, 75730, 3643.0000000000000, "Bristol County, RI", 05000US44001, bristol-county-ri
Row containing 05000US44001 under column number 7: 4, Asian, 2018, 2018, 82250, 80499, "Bristol County, RI", 05000US44001, bristol-county-ri
Row containing 05000US44001 under column number 7: 8, White Non-Hispanic, 2018, 2018, 76057, 3490.0000000000000, "Bristol County, RI", 05000US44001, bristol-county-ri
Row containing 05000US44001 under column number 7: 9, Hispanic, 2018, 2018, 51602, 31160.000000000000, "Bristol County, RI", 05000US44001, bristol-county-ri
Row containing 05000US44001 under column number 7: 0, Total, 2017, 2017, 74630, 3265, "Bristol County, RI", 05000US44001, bristol-county-ri
Row containing 05000US44001 under column number 7: 1, White, 2017, 2017, 74736, 3411, "Bristol County, RI", 05000US44001, bristol-county-ri
Row containing 05000US44001 under column number 7: 4, Asian, 2017, 2017, 78778, 38212, "Bristol County, RI", 05000US44001, bristol-county-ri
Row containing 05000US44001 under column number 7: 7, Two Or More, 2017, 2017, 77011, 37514, "Bristol County, RI", 05000US44001, bristol-county-ri
Row containing 05000US44001 under column number 7: 8, White Non-Hispanic, 2017, 2017, 74788, 3320, "Bristol County, RI", 05000US44001, bristol-county-ri
Row containing 05000US44001 under column number 7: 9, Hispanic, 2017, 2017, 47542, 31963, "Bristol County, RI", 05000US44001, bristol-county-ri
Row containing 05000US44001 under column number 7: 0, Total, 2016, 2016, 73096, 2962, "Bristol County, RI", 05000US44001, bristol-county-ri
Row containing 05000US44001 under column number 7: 1, White, 2016, 2016, 73255, 2929, "Bristol County, RI", 05000US44001, bristol-county-ri
Row containing 05000US44001 under column number 7: 4, Asian, 2016, 2016, 78598, 44648, "Bristol County, RI", 05000US44001, bristol-county-ri
Row containing 05000US44001 under column number 7: 7, Two Or More, 2016, 2016, 73315, 62393.00000000000, "Bristol County, RI", 05000US44001, bristol-county-ri
Row containing 05000US44001 under column number 7: 8, White Non-Hispanic, 2016, 2016, 73096, 2931, "Bristol County, RI", 05000US44001, bristol-county-ri
Row containing 05000US44001 under column number 7: 9, Hispanic, 2016, 2016, 68194, 38709, "Bristol County, RI", 05000US44001, bristol-county-ri
Row containing 05000US44001 under column number 7: 0, Total, 2015, 2015, 72458, 3264, "Bristol County, RI", 05000US44001, bristol-county-ri
Row containing 05000US44001 under column number 7: 1, White, 2015, 2015, 72815, 3491.0000000000000, "Bristol County, RI", 05000US44001, bristol-county-ri
Row containing 05000US44001 under column number 7: 4, Asian, 2015, 2015, 75000, 44237, "Bristol County, RI", 05000US44001, bristol-county-ri
Row containing 05000US44001 under column number 7: 8, White Non-Hispanic, 2015, 2015, 72744, 3542, "Bristol County, RI", 05000US44001, bristol-county-ri
Row containing 05000US44001 under column number 7: 9, Hispanic, 2015, 2015, 63583, 34020, "Bristol County, RI", 05000US44001, bristol-county-ri
Row containing 05000US44001 under column number 7: 0, Total, 2014, 2014, 69240, 5304, "Bristol County, RI", 05000US44001, bristol-county-ri
Row containing 05000US44001 under column number 7: 1, White, 2014, 2014, 70086, 5118, "Bristol County, RI", 05000US44001, bristol-county-ri
Row containing 05000US44001 under column number 7: 2, Black, 2014, 2014, 42292, 219684, "Bristol County, RI", 05000US44001, bristol-county-ri
Row containing 05000US44001 under column number 7: 4, Asian, 2014, 2014, 45385, 26221, "Bristol County, RI", 05000US44001, bristol-county-ri
Row containing 05000US44001 under column number 7: 7, Two Or More, 2014, 2014, 59969, 30608, "Bristol County, RI", 05000US44001, bristol-county-ri
Row containing 05000US44001 under column number 7: 8, White Non-Hispanic, 2014, 2014, 70403, 4923, "Bristol County, RI", 05000US44001, bristol-county-ri
Row containing 05000US44001 under column number 7: 9, Hispanic, 2014, 2014, 39872, 38276, "Bristol County, RI", 05000US44001, bristol-county-ri
Row containing 05000US44001 under column number 7: 0, Total, 2013, 2013, 71238, 2819, "Bristol County, RI", 05000US44001, bristol-county-ri
Row containing 05000US44001 under column number 7: 1, White, 2013, 2013, 71580, 3233, "Bristol County, RI", 05000US44001, bristol-county-ri
Row containing 05000US44001 under column number 7: 4, Asian, 2013, 2013, 58750, 69970, "Bristol County, RI", 05000US44001, bristol-county-ri
Row containing 05000US44001 under column number 7: 7, Two Or More, 2013, 2013, 55854, 40346, "Bristol County, RI", 05000US44001, bristol-county-ri
Row containing 05000US44001 under column number 7: 8, White Non-Hispanic, 2013, 2013, 71679, 3236, "Bristol County, RI", 05000US44001, bristol-county-ri
Row containing 05000US44001 under column number 7: 9, Hispanic, 2013, 2013, 53011, 26340, "Bristol County, RI", 05000US44001, bristol-county-ri
Row containing 05000US44001 under column number 7: 0, Total, 2020, 2020, 85413, 6122, "Bristol County, RI", 05000US44001, bristol-county-ri
Row containing 05000US44001 under column number 7: 1, White, 2020, 2020, 85359, 6432, "Bristol County, RI", 05000US44001, bristol-county-ri
Row containing 05000US44001 under column number 7: 2, Black, 2020, 2020, 72443, 54768, "Bristol County, RI", 05000US44001, bristol-county-ri
Row containing 05000US44001 under column number 7: 4, Asian, 2020, 2020, 69612, 53700, "Bristol County, RI", 05000US44001, bristol-county-ri
Row containing 05000US44001 under column number 7: 7, Two Or More, 2020, 2020, 100250, 22504, "Bristol County, RI", 05000US44001, bristol-county-ri
Row containing 05000US44001 under column number 7: 8, White Non-Hispanic, 2020, 2020, 86463, 7051, "Bristol County, RI", 05000US44001, bristol-county-ri
Row containing 05000US44001 under column number 7: 9, Hispanic, 2020, 2020, 64167, 25729, "Bristol County, RI", 05000US44001, bristol-county-ri
Row containing 05000US44001 under column number 7: 0, Total, 2019, 2019, 83092, 4339, "Bristol County, RI", 05000US44001, bristol-county-ri
Row containing 05000US44001 under column number 7: 1, White, 2019, 2019, 82750, 5075, "Bristol County, RI", 05000US44001, bristol-county-ri
Row containing 05000US44001 under column number 7: 4, Asian, 2019, 2019, 118750, 78991, "Bristol County, RI", 05000US44001, bristol-county-ri
Row containing 05000US44001 under column number 7: 7, Two Or More, 2019, 2019, 110078, 43635, "Bristol County, RI", 05000US44001, bristol-county-ri
Row containing 05000US44001 under column number 7: 8, White Non-Hispanic, 2019, 2019, 83216, 4938, "Bristol County, RI", 05000US44001, bristol-county-ri
Row containing 05000US44001 under column number 7: 9, Hispanic, 2019, 2019, 70543, 24295, "Bristol County, RI", 05000US44001, bristol-county-ri
Row containing 05000US44001 under column number 7: 0, Total, 2018, 2018, 75578, 3422, "Bristol County, RI", 05000US44001, bristol-county-ri
Row containing 05000US44001 under column number 7: 1, White, 2018, 2018, 75730, 3643.0000000000000, "Bristol County, RI", 05000US44001, bristol-county-ri
Row containing 05000US44001 under column number 7: 4, Asian, 2018, 2018, 82250, 80499, "Bristol County, RI", 05000US44001, bristol-county-ri
Row containing 05000US44001 under column number 7: 8, White Non-Hispanic, 2018, 2018, 76057, 3490.0000000000000, "Bristol County, RI", 05000US44001, bristol-county-ri
Row containing 05000US44001 under column number 7: 9, Hispanic, 2018, 2018, 51602, 31160.000000000000, "Bristol County, RI", 05000US44001, bristol-county-ri
Row containing 05000US44001 under column number 7: 0, Total, 2017, 2017, 74630, 3265, "Bristol County, RI", 05000US44001, bristol-county-ri
Row containing 05000US44001 under column number 7: 1, White, 2017, 2017, 74736, 3411, "Bristol County, RI", 05000US44001, bristol-county-ri
Row containing 05000US44001 under column number 7: 4, Asian, 2017, 2017, 78778, 38212, "Bristol County, RI", 05000US44001, bristol-county-ri
Row containing 05000US44001 under column number 7: 7, Two Or More, 2017, 2017, 77011, 37514, "Bristol County, RI", 05000US44001, bristol-county-ri
Row containing 05000US44001 under column number 7: 8, White Non-Hispanic, 2017, 2017, 74788, 3320, "Bristol County, RI", 05000US44001, bristol-county-ri
Row containing 05000US44001 under column number 7: 9, Hispanic, 2017, 2017, 47542, 31963, "Bristol County, RI", 05000US44001, bristol-county-ri
Row containing 05000US44001 under column number 7: 0, Total, 2016, 2016, 73096, 2962, "Bristol County, RI", 05000US44001, bristol-county-ri
Row containing 05000US44001 under column number 7: 1, White, 2016, 2016, 73255, 2929, "Bristol County, RI", 05000US44001, bristol-county-ri
Row containing 05000US44001 under column number 7: 4, Asian, 2016, 2016, 78598, 44648, "Bristol County, RI", 05000US44001, bristol-county-ri
Row containing 05000US44001 under column number 7: 7, Two Or More, 2016, 2016, 73315, 62393.00000000000, "Bristol County, RI", 05000US44001, bristol-county-ri
Row containing 05000US44001 under column number 7: 8, White Non-Hispanic, 2016, 2016, 73096, 2931, "Bristol County, RI", 05000US44001, bristol-county-ri
Row containing 05000US44001 under column number 7: 9, Hispanic, 2016, 2016, 68194, 38709, "Bristol County, RI", 05000US44001, bristol-county-ri
Row containing 05000US44001 under column number 7: 0, Total, 2015, 2015, 72458, 3264, "Bristol County, RI", 05000US44001, bristol-county-ri
Row containing 05000US44001 under column number 7: 1, White, 2015, 2015, 72815, 3491.0000000000000, "Bristol County, RI", 05000US44001, bristol-county-ri
Row containing 05000US44001 under column number 7: 4, Asian, 2015, 2015, 75000, 44237, "Bristol County, RI", 05000US44001, bristol-county-ri
Row containing 05000US44001 under column number 7: 8, White Non-Hispanic, 2015, 2015, 72744, 3542, "Bristol County, RI", 05000US44001, bristol-county-ri
Row containing 05000US44001 under column number 7: 9, Hispanic, 2015, 2015, 63583, 34020, "Bristol County, RI", 05000US44001, bristol-county-ri
Row containing 05000US44001 under column number 7: 0, Total, 2014, 2014, 69240, 5304, "Bristol County, RI", 05000US44001, bristol-county-ri
Row containing 05000US44001 under column number 7: 1, White, 2014, 2014, 70086, 5118, "Bristol County, RI", 05000US44001, bristol-county-ri
Row containing 05000US44001 under column number 7: 2, Black, 2014, 2014, 42292, 219684, "Bristol County, RI", 05000US44001, bristol-county-ri
Row containing 05000US44001 under column number 7: 4, Asian, 2014, 2014, 45385, 26221, "Bristol County, RI", 05000US44001, bristol-county-ri
Row containing 05000US44001 under column number 7: 7, Two Or More, 2014, 2014, 59969, 30608, "Bristol County, RI", 05000US44001, bristol-county-ri
Row containing 05000US44001 under column number 7: 8, White Non-Hispanic, 2014, 2014, 70403, 4923, "Bristol County, RI", 05000US44001, bristol-county-ri
Row containing 05000US44001 under column number 7: 9, Hispanic, 2014, 2014, 39872, 38276, "Bristol County, RI", 05000US44001, bristol-county-ri
Row containing 05000US44001 under column number 7: 0, Total, 2013, 2013, 71238, 2819, "Bristol County, RI", 05000US44001, bristol-county-ri
Row containing 05000US44001 under column number 7: 1, White, 2013, 2013, 71580, 3233, "Bristol County, RI", 05000US44001, bristol-county-ri
Row containing 05000US44001 under column number 7: 4, Asian, 2013, 2013, 58750, 69970, "Bristol County, RI", 05000US44001, bristol-county-ri
Row containing 05000US44001 under column number 7: 7, Two Or More, 2013, 2013, 55854, 40346, "Bristol County, RI", 05000US44001, bristol-county-ri
Row containing 05000US44001 under column number 7: 8, White Non-Hispanic, 2013, 2013, 71679, 3236, "Bristol County, RI", 05000US44001, bristol-county-ri
Row containing 05000US44001 under column number 7: 9, Hispanic, 2013, 2013, 53011, 26340, "Bristol County, RI", 05000US44001, bristol-county-ri
Row containing Two or More Races under columnIPEDS Race: Two or More Races, 2020, 2020, 217156, Brown University, 58, brown-university, 0.018764154, Men, 1
Row containing Two or More Races under columnIPEDS Race: Two or More Races, 2020, 2020, 217156, Brown University, 85, brown-university, 0.027499191, Women, 2
Row containing Two or More Races under columnIPEDS Race: Two or More Races, 2020, 2020, 217156, Brown University, 58, brown-university, 0.018764154, Men, 1
Row containing Two or More Races under columnIPEDS Race: Two or More Races, 2020, 2020, 217156, Brown University, 85, brown-university, 0.027499191, Women, 2
Row containing Two or More Races under columnIPEDS Race: Two or More Races, 2020, 2020, 217156, Brown University, 58, brown-university, 0.018764154, Men, 1
Row containing Two or More Races under columnIPEDS Race: Two or More Races, 2020, 2020, 217156, Brown University, 85, brown-university, 0.027499191, Women, 2
Row containing "Washington County, RI" under columnGeography: 0, Total, 2020, 2020, 86970, 3651, "Washington County, RI", 05000US44009, washington-county-ri
Row containing "Washington County, RI" under columnGeography: 1, White, 2020, 2020, 88147, 3942, "Washington County, RI", 05000US44009, washington-county-ri
Row containing "Washington County, RI" under columnGeography: 2, Black, 2020, 2020, 45849, 6614, "Washington County, RI", 05000US44009, washington-county-ri
Row containing "Washington County, RI" under columnGeography: 4, Asian, 2020, 2020, 69653, 31807.000000000000, "Washington County, RI", 05000US44009, washington-county-ri
Row containing "Washington County, RI" under columnGeography: 7, Two Or More, 2020, 2020, 96898, 42213, "Washington County, RI", 05000US44009, washington-county-ri
Row containing "Washington County, RI" under columnGeography: 8, White Non-Hispanic, 2020, 2020, 87516, 3859.0000000000000, "Washington County, RI", 05000US44009, washington-county-ri
Row containing "Washington County, RI" under columnGeography: 9, Hispanic, 2020, 2020, 104929, 30259, "Washington County, RI", 05000US44009, washington-county-ri
Row containing "Washington County, RI" under columnGeography: 0, Total, 2019, 2019, 85531, 2042, "Washington County, RI", 05000US44009, washington-county-ri
Row containing "Washington County, RI" under columnGeography: 1, White, 2019, 2019, 87019, 2150, "Washington County, RI", 05000US44009, washington-county-ri
Row containing "Washington County, RI" under columnGeography: 2, Black, 2019, 2019, 83011, 16035, "Washington County, RI", 05000US44009, washington-county-ri
Row containing "Washington County, RI" under columnGeography: 4, Asian, 2019, 2019, 75735, 11221, "Washington County, RI", 05000US44009, washington-county-ri
Row containing "Washington County, RI" under columnGeography: 8, White Non-Hispanic, 2019, 2019, 86857, 2237, "Washington County, RI", 05000US44009, washington-county-ri
Row containing "Washington County, RI" under columnGeography: 9, Hispanic, 2019, 2019, 83661, 58895, "Washington County, RI", 05000US44009, washington-county-ri
Row containing "Washington County, RI" under columnGeography: 0, Total, 2018, 2018, 81301, 2985, "Washington County, RI", 05000US44009, washington-county-ri
Row containing "Washington County, RI" under columnGeography: 1, White, 2018, 2018, 82240, 3183, "Washington County, RI", 05000US44009, washington-county-ri
Row containing "Washington County, RI" under columnGeography: 2, Black, 2018, 2018, 90313, 20795, "Washington County, RI", 05000US44009, washington-county-ri
Row containing "Washington County, RI" under columnGeography: 4, Asian, 2018, 2018, 75946, 10049, "Washington County, RI", 05000US44009, washington-county-ri
Row containing "Washington County, RI" under columnGeography: 8, White Non-Hispanic, 2018, 2018, 82166, 3288, "Washington County, RI", 05000US44009, washington-county-ri
Row containing "Washington County, RI" under columnGeography: 9, Hispanic, 2018, 2018, 82279, 56035, "Washington County, RI", 05000US44009, washington-county-ri
Row containing "Washington County, RI" under columnGeography: 0, Total, 2017, 2017, 77862, 2350, "Washington County, RI", 05000US44009, washington-county-ri
Row containing "Washington County, RI" under columnGeography: 1, White, 2017, 2017, 78350, 2452, "Washington County, RI", 05000US44009, washington-county-ri
Row containing "Washington County, RI" under columnGeography: 2, Black, 2017, 2017, 98250, 25121, "Washington County, RI", 05000US44009, washington-county-ri
Row containing "Washington County, RI" under columnGeography: 4, Asian, 2017, 2017, 73094, 34344, "Washington County, RI", 05000US44009, washington-county-ri
Row containing "Washington County, RI" under columnGeography: 8, White Non-Hispanic, 2017, 2017, 78364, 2455, "Washington County, RI", 05000US44009, washington-county-ri
Row containing "Washington County, RI" under columnGeography: 9, Hispanic, 2017, 2017, 66000, 46545, "Washington County, RI", 05000US44009, washington-county-ri
Row containing "Washington County, RI" under columnGeography: 0, Total, 2016, 2016, 74302, 2229, "Washington County, RI", 05000US44009, washington-county-ri
Row containing "Washington County, RI" under columnGeography: 1, White, 2016, 2016, 74962, 2699, "Washington County, RI", 05000US44009, washington-county-ri
Row containing "Washington County, RI" under columnGeography: 2, Black, 2016, 2016, 78333, 24435, "Washington County, RI", 05000US44009, washington-county-ri
Row containing "Washington County, RI" under columnGeography: 4, Asian, 2016, 2016, 53864, 34694, "Washington County, RI", 05000US44009, washington-county-ri
Row containing "Washington County, RI" under columnGeography: 6, Other, 2016, 2016, 54354, 43814, "Washington County, RI", 05000US44009, washington-county-ri
Row containing "Washington County, RI" under columnGeography: 7, Two Or More, 2016, 2016, 51860, 42964, "Washington County, RI", 05000US44009, washington-county-ri
Row containing "Washington County, RI" under columnGeography: 8, White Non-Hispanic, 2016, 2016, 74935, 2687, "Washington County, RI", 05000US44009, washington-county-ri
Row containing "Washington County, RI" under columnGeography: 9, Hispanic, 2016, 2016, 54715, 49259, "Washington County, RI", 05000US44009, washington-county-ri
Row containing "Washington County, RI" under columnGeography: 0, Total, 2015, 2015, 72807, 2018.0000000000000, "Washington County, RI", 05000US44009, washington-county-ri
Row containing "Washington County, RI" under columnGeography: 1, White, 2015, 2015, 74124, 2231, "Washington County, RI", 05000US44009, washington-county-ri
Row containing "Washington County, RI" under columnGeography: 2, Black, 2015, 2015, 69850, 32800, "Washington County, RI", 05000US44009, washington-county-ri
Row containing "Washington County, RI" under columnGeography: 3, Native American, 2015, 2015, 29375, 28355, "Washington County, RI", 05000US44009, washington-county-ri
Row containing "Washington County, RI" under columnGeography: 4, Asian, 2015, 2015, 34773, 17313, "Washington County, RI", 05000US44009, washington-county-ri
Row containing "Washington County, RI" under columnGeography: 7, Two Or More, 2015, 2015, 48950, 27437, "Washington County, RI", 05000US44009, washington-county-ri
Row containing "Washington County, RI" under columnGeography: 8, White Non-Hispanic, 2015, 2015, 74326, 2237, "Washington County, RI", 05000US44009, washington-county-ri
Row containing "Washington County, RI" under columnGeography: 9, Hispanic, 2015, 2015, 55031, 5748, "Washington County, RI", 05000US44009, washington-county-ri
Row containing "Washington County, RI" under columnGeography: 0, Total, 2014, 2014, 72784, 1757, "Washington County, RI", 05000US44009, washington-county-ri
Row containing "Washington County, RI" under columnGeography: 1, White, 2014, 2014, 74110, 1884.0000000000000, "Washington County, RI", 05000US44009, washington-county-ri
Row containing "Washington County, RI" under columnGeography: 2, Black, 2014, 2014, 31727, 20189, "Washington County, RI", 05000US44009, washington-county-ri
Row containing "Washington County, RI" under columnGeography: 3, Native American, 2014, 2014, 34375, 24766, "Washington County, RI", 05000US44009, washington-county-ri
Row containing "Washington County, RI" under columnGeography: 4, Asian, 2014, 2014, 53638, 14033, "Washington County, RI", 05000US44009, washington-county-ri
Row containing "Washington County, RI" under columnGeography: 6, Other, 2014, 2014, 50613, 13807, "Washington County, RI", 05000US44009, washington-county-ri
Row containing "Washington County, RI" under columnGeography: 7, Two Or More, 2014, 2014, 50857, 6132, "Washington County, RI", 05000US44009, washington-county-ri
Row containing "Washington County, RI" under columnGeography: 8, White Non-Hispanic, 2014, 2014, 74142, 1887.0000000000000, "Washington County, RI", 05000US44009, washington-county-ri
Row containing "Washington County, RI" under columnGeography: 9, Hispanic, 2014, 2014, 55931, 15616, "Washington County, RI", 05000US44009, washington-county-ri
Row containing "Washington County, RI" under columnGeography: 0, Total, 2013, 2013, 72138, 2516, "Washington County, RI", 05000US44009, washington-county-ri
Row containing "Washington County, RI" under columnGeography: 1, White, 2013, 2013, 73923, 2847, "Washington County, RI", 05000US44009, washington-county-ri
Row containing "Washington County, RI" under columnGeography: 2, Black, 2013, 2013, 25543, 14026, "Washington County, RI", 05000US44009, washington-county-ri
Row containing "Washington County, RI" under columnGeography: 3, Native American, 2013, 2013, 31250, 23707, "Washington County, RI", 05000US44009, washington-county-ri
Row containing "Washington County, RI" under columnGeography: 4, Asian, 2013, 2013, 54122, 6114, "Washington County, RI", 05000US44009, washington-county-ri
Row containing "Washington County, RI" under columnGeography: 6, Other, 2013, 2013, 50343, 22843, "Washington County, RI", 05000US44009, washington-county-ri
Row containing "Washington County, RI" under columnGeography: 7, Two Or More, 2013, 2013, 50083, 26976, "Washington County, RI", 05000US44009, washington-county-ri
Row containing "Washington County, RI" under columnGeography: 8, White Non-Hispanic, 2013, 2013, 73944, 2858, "Washington County, RI", 05000US44009, washington-county-ri
Row containing "Washington County, RI" under columnGeography: 9, Hispanic, 2013, 2013, 53856, 18499, "Washington County, RI", 05000US44009, washington-county-ri
Row containing "Washington County, RI" under columnGeography: 0, Total, 2020, 2020, 86970, 3651, "Washington County, RI", 05000US44009, washington-county-ri
Row containing "Washington County, RI" under columnGeography: 1, White, 2020, 2020, 88147, 3942, "Washington County, RI", 05000US44009, washington-county-ri
Row containing "Washington County, RI" under columnGeography: 2, Black, 2020, 2020, 45849, 6614, "Washington County, RI", 05000US44009, washington-county-ri
Row containing "Washington County, RI" under columnGeography: 4, Asian, 2020, 2020, 69653, 31807.000000000000, "Washington County, RI", 05000US44009, washington-county-ri
Row containing "Washington County, RI" under columnGeography: 7, Two Or More, 2020, 2020, 96898, 42213, "Washington County, RI", 05000US44009, washington-county-ri
Row containing "Washington County, RI" under columnGeography: 8, White Non-Hispanic, 2020, 2020, 87516, 3859.0000000000000, "Washington County, RI", 05000US44009, washington-county-ri
Row containing "Washington County, RI" under columnGeography: 9, Hispanic, 2020, 2020, 104929, 30259, "Washington County, RI", 05000US44009, washington-county-ri
Row containing "Washington County, RI" under columnGeography: 0, Total, 2019, 2019, 85531, 2042, "Washington County, RI", 05000US44009, washington-county-ri
Row containing "Washington County, RI" under columnGeography: 1, White, 2019, 2019, 87019, 2150, "Washington County, RI", 05000US44009, washington-county-ri
Row containing "Washington County, RI" under columnGeography: 2, Black, 2019, 2019, 83011, 16035, "Washington County, RI", 05000US44009, washington-county-ri
Row containing "Washington County, RI" under columnGeography: 4, Asian, 2019, 2019, 75735, 11221, "Washington County, RI", 05000US44009, washington-county-ri
Row containing "Washington County, RI" under columnGeography: 8, White Non-Hispanic, 2019, 2019, 86857, 2237, "Washington County, RI", 05000US44009, washington-county-ri
Row containing "Washington County, RI" under columnGeography: 9, Hispanic, 2019, 2019, 83661, 58895, "Washington County, RI", 05000US44009, washington-county-ri
Row containing "Washington County, RI" under columnGeography: 0, Total, 2018, 2018, 81301, 2985, "Washington County, RI", 05000US44009, washington-county-ri
Row containing "Washington County, RI" under columnGeography: 1, White, 2018, 2018, 82240, 3183, "Washington County, RI", 05000US44009, washington-county-ri
Row containing "Washington County, RI" under columnGeography: 2, Black, 2018, 2018, 90313, 20795, "Washington County, RI", 05000US44009, washington-county-ri
Row containing "Washington County, RI" under columnGeography: 4, Asian, 2018, 2018, 75946, 10049, "Washington County, RI", 05000US44009, washington-county-ri
Row containing "Washington County, RI" under columnGeography: 8, White Non-Hispanic, 2018, 2018, 82166, 3288, "Washington County, RI", 05000US44009, washington-county-ri
Row containing "Washington County, RI" under columnGeography: 9, Hispanic, 2018, 2018, 82279, 56035, "Washington County, RI", 05000US44009, washington-county-ri
Row containing "Washington County, RI" under columnGeography: 0, Total, 2017, 2017, 77862, 2350, "Washington County, RI", 05000US44009, washington-county-ri
Row containing "Washington County, RI" under columnGeography: 1, White, 2017, 2017, 78350, 2452, "Washington County, RI", 05000US44009, washington-county-ri
Row containing "Washington County, RI" under columnGeography: 2, Black, 2017, 2017, 98250, 25121, "Washington County, RI", 05000US44009, washington-county-ri
Row containing "Washington County, RI" under columnGeography: 4, Asian, 2017, 2017, 73094, 34344, "Washington County, RI", 05000US44009, washington-county-ri
Row containing "Washington County, RI" under columnGeography: 8, White Non-Hispanic, 2017, 2017, 78364, 2455, "Washington County, RI", 05000US44009, washington-county-ri
Row containing "Washington County, RI" under columnGeography: 9, Hispanic, 2017, 2017, 66000, 46545, "Washington County, RI", 05000US44009, washington-county-ri
Row containing "Washington County, RI" under columnGeography: 0, Total, 2016, 2016, 74302, 2229, "Washington County, RI", 05000US44009, washington-county-ri
Row containing "Washington County, RI" under columnGeography: 1, White, 2016, 2016, 74962, 2699, "Washington County, RI", 05000US44009, washington-county-ri
Row containing "Washington County, RI" under columnGeography: 2, Black, 2016, 2016, 78333, 24435, "Washington County, RI", 05000US44009, washington-county-ri
Row containing "Washington County, RI" under columnGeography: 4, Asian, 2016, 2016, 53864, 34694, "Washington County, RI", 05000US44009, washington-county-ri
Row containing "Washington County, RI" under columnGeography: 6, Other, 2016, 2016, 54354, 43814, "Washington County, RI", 05000US44009, washington-county-ri
Row containing "Washington County, RI" under columnGeography: 7, Two Or More, 2016, 2016, 51860, 42964, "Washington County, RI", 05000US44009, washington-county-ri
Row containing "Washington County, RI" under columnGeography: 8, White Non-Hispanic, 2016, 2016, 74935, 2687, "Washington County, RI", 05000US44009, washington-county-ri
Row containing "Washington County, RI" under columnGeography: 9, Hispanic, 2016, 2016, 54715, 49259, "Washington County, RI", 05000US44009, washington-county-ri
Row containing "Washington County, RI" under columnGeography: 0, Total, 2015, 2015, 72807, 2018.0000000000000, "Washington County, RI", 05000US44009, washington-county-ri
Row containing "Washington County, RI" under columnGeography: 1, White, 2015, 2015, 74124, 2231, "Washington County, RI", 05000US44009, washington-county-ri
Row containing "Washington County, RI" under columnGeography: 2, Black, 2015, 2015, 69850, 32800, "Washington County, RI", 05000US44009, washington-county-ri
Row containing "Washington County, RI" under columnGeography: 3, Native American, 2015, 2015, 29375, 28355, "Washington County, RI", 05000US44009, washington-county-ri
Row containing "Washington County, RI" under columnGeography: 4, Asian, 2015, 2015, 34773, 17313, "Washington County, RI", 05000US44009, washington-county-ri
Row containing "Washington County, RI" under columnGeography: 7, Two Or More, 2015, 2015, 48950, 27437, "Washington County, RI", 05000US44009, washington-county-ri
Row containing "Washington County, RI" under columnGeography: 8, White Non-Hispanic, 2015, 2015, 74326, 2237, "Washington County, RI", 05000US44009, washington-county-ri
Row containing "Washington County, RI" under columnGeography: 9, Hispanic, 2015, 2015, 55031, 5748, "Washington County, RI", 05000US44009, washington-county-ri
Row containing "Washington County, RI" under columnGeography: 0, Total, 2014, 2014, 72784, 1757, "Washington County, RI", 05000US44009, washington-county-ri
Row containing "Washington County, RI" under columnGeography: 1, White, 2014, 2014, 74110, 1884.0000000000000, "Washington County, RI", 05000US44009, washington-county-ri
Row containing "Washington County, RI" under columnGeography: 2, Black, 2014, 2014, 31727, 20189, "Washington County, RI", 05000US44009, washington-county-ri
Row containing "Washington County, RI" under columnGeography: 3, Native American, 2014, 2014, 34375, 24766, "Washington County, RI", 05000US44009, washington-county-ri
Row containing "Washington County, RI" under columnGeography: 4, Asian, 2014, 2014, 53638, 14033, "Washington County, RI", 05000US44009, washington-county-ri
Row containing "Washington County, RI" under columnGeography: 6, Other, 2014, 2014, 50613, 13807, "Washington County, RI", 05000US44009, washington-county-ri
Row containing "Washington County, RI" under columnGeography: 7, Two Or More, 2014, 2014, 50857, 6132, "Washington County, RI", 05000US44009, washington-county-ri
Row containing "Washington County, RI" under columnGeography: 8, White Non-Hispanic, 2014, 2014, 74142, 1887.0000000000000, "Washington County, RI", 05000US44009, washington-county-ri
Row containing "Washington County, RI" under columnGeography: 9, Hispanic, 2014, 2014, 55931, 15616, "Washington County, RI", 05000US44009, washington-county-ri
Row containing "Washington County, RI" under columnGeography: 0, Total, 2013, 2013, 72138, 2516, "Washington County, RI", 05000US44009, washington-county-ri
Row containing "Washington County, RI" under columnGeography: 1, White, 2013, 2013, 73923, 2847, "Washington County, RI", 05000US44009, washington-county-ri
Row containing "Washington County, RI" under columnGeography: 2, Black, 2013, 2013, 25543, 14026, "Washington County, RI", 05000US44009, washington-county-ri
Row containing "Washington County, RI" under columnGeography: 3, Native American, 2013, 2013, 31250, 23707, "Washington County, RI", 05000US44009, washington-county-ri
Row containing "Washington County, RI" under columnGeography: 4, Asian, 2013, 2013, 54122, 6114, "Washington County, RI", 05000US44009, washington-county-ri
Row containing "Washington County, RI" under columnGeography: 6, Other, 2013, 2013, 50343, 22843, "Washington County, RI", 05000US44009, washington-county-ri
Row containing "Washington County, RI" under columnGeography: 7, Two Or More, 2013, 2013, 50083, 26976, "Washington County, RI", 05000US44009, washington-county-ri
Row containing "Washington County, RI" under columnGeography: 8, White Non-Hispanic, 2013, 2013, 73944, 2858, "Washington County, RI", 05000US44009, washington-county-ri
Row containing "Washington County, RI" under columnGeography: 9, Hispanic, 2013, 2013, 53856, 18499, "Washington County, RI", 05000US44009, washington-county-ri
Row containing "Washington County, RI" under columnGeography: 0, Total, 2020, 2020, 86970, 3651, "Washington County, RI", 05000US44009, washington-county-ri
Row containing "Washington County, RI" under columnGeography: 1, White, 2020, 2020, 88147, 3942, "Washington County, RI", 05000US44009, washington-county-ri
Row containing "Washington County, RI" under columnGeography: 2, Black, 2020, 2020, 45849, 6614, "Washington County, RI", 05000US44009, washington-county-ri
Row containing "Washington County, RI" under columnGeography: 4, Asian, 2020, 2020, 69653, 31807.000000000000, "Washington County, RI", 05000US44009, washington-county-ri
Row containing "Washington County, RI" under columnGeography: 7, Two Or More, 2020, 2020, 96898, 42213, "Washington County, RI", 05000US44009, washington-county-ri
Row containing "Washington County, RI" under columnGeography: 8, White Non-Hispanic, 2020, 2020, 87516, 3859.0000000000000, "Washington County, RI", 05000US44009, washington-county-ri
Row containing "Washington County, RI" under columnGeography: 9, Hispanic, 2020, 2020, 104929, 30259, "Washington County, RI", 05000US44009, washington-county-ri
Row containing "Washington County, RI" under columnGeography: 0, Total, 2019, 2019, 85531, 2042, "Washington County, RI", 05000US44009, washington-county-ri
Row containing "Washington County, RI" under columnGeography: 1, White, 2019, 2019, 87019, 2150, "Washington County, RI", 05000US44009, washington-county-ri
Row containing "Washington County, RI" under columnGeography: 2, Black, 2019, 2019, 83011, 16035, "Washington County, RI", 05000US44009, washington-county-ri
Row containing "Washington County, RI" under columnGeography: 4, Asian, 2019, 2019, 75735, 11221, "Washington County, RI", 05000US44009, washington-county-ri
Row containing "Washington County, RI" under columnGeography: 8, White Non-Hispanic, 2019, 2019, 86857, 2237, "Washington County, RI", 05000US44009, washington-county-ri
Row containing "Washington County, RI" under columnGeography: 9, Hispanic, 2019, 2019, 83661, 58895, "Washington County, RI", 05000US44009, washington-county-ri
Row containing "Washington County, RI" under columnGeography: 0, Total, 2018, 2018, 81301, 2985, "Washington County, RI", 05000US44009, washington-county-ri
Row containing "Washington County, RI" under columnGeography: 1, White, 2018, 2018, 82240, 3183, "Washington County, RI", 05000US44009, washington-county-ri
Row containing "Washington County, RI" under columnGeography: 2, Black, 2018, 2018, 90313, 20795, "Washington County, RI", 05000US44009, washington-county-ri
Row containing "Washington County, RI" under columnGeography: 4, Asian, 2018, 2018, 75946, 10049, "Washington County, RI", 05000US44009, washington-county-ri
Row containing "Washington County, RI" under columnGeography: 8, White Non-Hispanic, 2018, 2018, 82166, 3288, "Washington County, RI", 05000US44009, washington-county-ri
Row containing "Washington County, RI" under columnGeography: 9, Hispanic, 2018, 2018, 82279, 56035, "Washington County, RI", 05000US44009, washington-county-ri
Row containing "Washington County, RI" under columnGeography: 0, Total, 2017, 2017, 77862, 2350, "Washington County, RI", 05000US44009, washington-county-ri
Row containing "Washington County, RI" under columnGeography: 1, White, 2017, 2017, 78350, 2452, "Washington County, RI", 05000US44009, washington-county-ri
Row containing "Washington County, RI" under columnGeography: 2, Black, 2017, 2017, 98250, 25121, "Washington County, RI", 05000US44009, washington-county-ri
Row containing "Washington County, RI" under columnGeography: 4, Asian, 2017, 2017, 73094, 34344, "Washington County, RI", 05000US44009, washington-county-ri
Row containing "Washington County, RI" under columnGeography: 8, White Non-Hispanic, 2017, 2017, 78364, 2455, "Washington County, RI", 05000US44009, washington-county-ri
Row containing "Washington County, RI" under columnGeography: 9, Hispanic, 2017, 2017, 66000, 46545, "Washington County, RI", 05000US44009, washington-county-ri
Row containing "Washington County, RI" under columnGeography: 0, Total, 2016, 2016, 74302, 2229, "Washington County, RI", 05000US44009, washington-county-ri
Row containing "Washington County, RI" under columnGeography: 1, White, 2016, 2016, 74962, 2699, "Washington County, RI", 05000US44009, washington-county-ri
Row containing "Washington County, RI" under columnGeography: 2, Black, 2016, 2016, 78333, 24435, "Washington County, RI", 05000US44009, washington-county-ri
Row containing "Washington County, RI" under columnGeography: 4, Asian, 2016, 2016, 53864, 34694, "Washington County, RI", 05000US44009, washington-county-ri
Row containing "Washington County, RI" under columnGeography: 6, Other, 2016, 2016, 54354, 43814, "Washington County, RI", 05000US44009, washington-county-ri
Row containing "Washington County, RI" under columnGeography: 7, Two Or More, 2016, 2016, 51860, 42964, "Washington County, RI", 05000US44009, washington-county-ri
Row containing "Washington County, RI" under columnGeography: 8, White Non-Hispanic, 2016, 2016, 74935, 2687, "Washington County, RI", 05000US44009, washington-county-ri
Row containing "Washington County, RI" under columnGeography: 9, Hispanic, 2016, 2016, 54715, 49259, "Washington County, RI", 05000US44009, washington-county-ri
Row containing "Washington County, RI" under columnGeography: 0, Total, 2015, 2015, 72807, 2018.0000000000000, "Washington County, RI", 05000US44009, washington-county-ri
Row containing "Washington County, RI" under columnGeography: 1, White, 2015, 2015, 74124, 2231, "Washington County, RI", 05000US44009, washington-county-ri
Row containing "Washington County, RI" under columnGeography: 2, Black, 2015, 2015, 69850, 32800, "Washington County, RI", 05000US44009, washington-county-ri
Row containing "Washington County, RI" under columnGeography: 3, Native American, 2015, 2015, 29375, 28355, "Washington County, RI", 05000US44009, washington-county-ri
Row containing "Washington County, RI" under columnGeography: 4, Asian, 2015, 2015, 34773, 17313, "Washington County, RI", 05000US44009, washington-county-ri
Row containing "Washington County, RI" under columnGeography: 7, Two Or More, 2015, 2015, 48950, 27437, "Washington County, RI", 05000US44009, washington-county-ri
Row containing "Washington County, RI" under columnGeography: 8, White Non-Hispanic, 2015, 2015, 74326, 2237, "Washington County, RI", 05000US44009, washington-county-ri
Row containing "Washington County, RI" under columnGeography: 9, Hispanic, 2015, 2015, 55031, 5748, "Washington County, RI", 05000US44009, washington-county-ri
Row containing "Washington County, RI" under columnGeography: 0, Total, 2014, 2014, 72784, 1757, "Washington County, RI", 05000US44009, washington-county-ri
Row containing "Washington County, RI" under columnGeography: 1, White, 2014, 2014, 74110, 1884.0000000000000, "Washington County, RI", 05000US44009, washington-county-ri
Row containing "Washington County, RI" under columnGeography: 2, Black, 2014, 2014, 31727, 20189, "Washington County, RI", 05000US44009, washington-county-ri
Row containing "Washington County, RI" under columnGeography: 3, Native American, 2014, 2014, 34375, 24766, "Washington County, RI", 05000US44009, washington-county-ri
Row containing "Washington County, RI" under columnGeography: 4, Asian, 2014, 2014, 53638, 14033, "Washington County, RI", 05000US44009, washington-county-ri
Row containing "Washington County, RI" under columnGeography: 6, Other, 2014, 2014, 50613, 13807, "Washington County, RI", 05000US44009, washington-county-ri
Row containing "Washington County, RI" under columnGeography: 7, Two Or More, 2014, 2014, 50857, 6132, "Washington County, RI", 05000US44009, washington-county-ri
Row containing "Washington County, RI" under columnGeography: 8, White Non-Hispanic, 2014, 2014, 74142, 1887.0000000000000, "Washington County, RI", 05000US44009, washington-county-ri
Row containing "Washington County, RI" under columnGeography: 9, Hispanic, 2014, 2014, 55931, 15616, "Washington County, RI", 05000US44009, washington-county-ri
Row containing "Washington County, RI" under columnGeography: 0, Total, 2013, 2013, 72138, 2516, "Washington County, RI", 05000US44009, washington-county-ri
Row containing "Washington County, RI" under columnGeography: 1, White, 2013, 2013, 73923, 2847, "Washington County, RI", 05000US44009, washington-county-ri
Row containing "Washington County, RI" under columnGeography: 2, Black, 2013, 2013, 25543, 14026, "Washington County, RI", 05000US44009, washington-county-ri
Row containing "Washington County, RI" under columnGeography: 3, Native American, 2013, 2013, 31250, 23707, "Washington County, RI", 05000US44009, washington-county-ri
Row containing "Washington County, RI" under columnGeography: 4, Asian, 2013, 2013, 54122, 6114, "Washington County, RI", 05000US44009, washington-county-ri
Row containing "Washington County, RI" under columnGeography: 6, Other, 2013, 2013, 50343, 22843, "Washington County, RI", 05000US44009, washington-county-ri
Row containing "Washington County, RI" under columnGeography: 7, Two Or More, 2013, 2013, 50083, 26976, "Washington County, RI", 05000US44009, washington-county-ri
Row containing "Washington County, RI" under columnGeography: 8, White Non-Hispanic, 2013, 2013, 73944, 2858, "Washington County, RI", 05000US44009, washington-county-ri
Row containing "Washington County, RI" under columnGeography: 9, Hispanic, 2013, 2013, 53856, 18499, "Washington County, RI", 05000US44009, washington-county-ri
Row containing "Washington County, RI" under columnGeography: 0, Total, 2020, 2020, 86970, 3651, "Washington County, RI", 05000US44009, washington-county-ri
Row containing "Washington County, RI" under columnGeography: 1, White, 2020, 2020, 88147, 3942, "Washington County, RI", 05000US44009, washington-county-ri
Row containing "Washington County, RI" under columnGeography: 2, Black, 2020, 2020, 45849, 6614, "Washington County, RI", 05000US44009, washington-county-ri
Row containing "Washington County, RI" under columnGeography: 4, Asian, 2020, 2020, 69653, 31807.000000000000, "Washington County, RI", 05000US44009, washington-county-ri
Row containing "Washington County, RI" under columnGeography: 7, Two Or More, 2020, 2020, 96898, 42213, "Washington County, RI", 05000US44009, washington-county-ri
Row containing "Washington County, RI" under columnGeography: 8, White Non-Hispanic, 2020, 2020, 87516, 3859.0000000000000, "Washington County, RI", 05000US44009, washington-county-ri
Row containing "Washington County, RI" under columnGeography: 9, Hispanic, 2020, 2020, 104929, 30259, "Washington County, RI", 05000US44009, washington-county-ri
Row containing "Washington County, RI" under columnGeography: 0, Total, 2019, 2019, 85531, 2042, "Washington County, RI", 05000US44009, washington-county-ri
Row containing "Washington County, RI" under columnGeography: 1, White, 2019, 2019, 87019, 2150, "Washington County, RI", 05000US44009, washington-county-ri
Row containing "Washington County, RI" under columnGeography: 2, Black, 2019, 2019, 83011, 16035, "Washington County, RI", 05000US44009, washington-county-ri
Row containing "Washington County, RI" under columnGeography: 4, Asian, 2019, 2019, 75735, 11221, "Washington County, RI", 05000US44009, washington-county-ri
Row containing "Washington County, RI" under columnGeography: 8, White Non-Hispanic, 2019, 2019, 86857, 2237, "Washington County, RI", 05000US44009, washington-county-ri
Row containing "Washington County, RI" under columnGeography: 9, Hispanic, 2019, 2019, 83661, 58895, "Washington County, RI", 05000US44009, washington-county-ri
Row containing "Washington County, RI" under columnGeography: 0, Total, 2018, 2018, 81301, 2985, "Washington County, RI", 05000US44009, washington-county-ri
Row containing "Washington County, RI" under columnGeography: 1, White, 2018, 2018, 82240, 3183, "Washington County, RI", 05000US44009, washington-county-ri
Row containing "Washington County, RI" under columnGeography: 2, Black, 2018, 2018, 90313, 20795, "Washington County, RI", 05000US44009, washington-county-ri
Row containing "Washington County, RI" under columnGeography: 4, Asian, 2018, 2018, 75946, 10049, "Washington County, RI", 05000US44009, washington-county-ri
Row containing "Washington County, RI" under columnGeography: 8, White Non-Hispanic, 2018, 2018, 82166, 3288, "Washington County, RI", 05000US44009, washington-county-ri
Row containing "Washington County, RI" under columnGeography: 9, Hispanic, 2018, 2018, 82279, 56035, "Washington County, RI", 05000US44009, washington-county-ri
Row containing "Washington County, RI" under columnGeography: 0, Total, 2017, 2017, 77862, 2350, "Washington County, RI", 05000US44009, washington-county-ri
Row containing "Washington County, RI" under columnGeography: 1, White, 2017, 2017, 78350, 2452, "Washington County, RI", 05000US44009, washington-county-ri
Row containing "Washington County, RI" under columnGeography: 2, Black, 2017, 2017, 98250, 25121, "Washington County, RI", 05000US44009, washington-county-ri
Row containing "Washington County, RI" under columnGeography: 4, Asian, 2017, 2017, 73094, 34344, "Washington County, RI", 05000US44009, washington-county-ri
Row containing "Washington County, RI" under columnGeography: 8, White Non-Hispanic, 2017, 2017, 78364, 2455, "Washington County, RI", 05000US44009, washington-county-ri
Row containing "Washington County, RI" under columnGeography: 9, Hispanic, 2017, 2017, 66000, 46545, "Washington County, RI", 05000US44009, washington-county-ri
Row containing "Washington County, RI" under columnGeography: 0, Total, 2016, 2016, 74302, 2229, "Washington County, RI", 05000US44009, washington-county-ri
Row containing "Washington County, RI" under columnGeography: 1, White, 2016, 2016, 74962, 2699, "Washington County, RI", 05000US44009, washington-county-ri
Row containing "Washington County, RI" under columnGeography: 2, Black, 2016, 2016, 78333, 24435, "Washington County, RI", 05000US44009, washington-county-ri
Row containing "Washington County, RI" under columnGeography: 4, Asian, 2016, 2016, 53864, 34694, "Washington County, RI", 05000US44009, washington-county-ri
Row containing "Washington County, RI" under columnGeography: 6, Other, 2016, 2016, 54354, 43814, "Washington County, RI", 05000US44009, washington-county-ri
Row containing "Washington County, RI" under columnGeography: 7, Two Or More, 2016, 2016, 51860, 42964, "Washington County, RI", 05000US44009, washington-county-ri
Row containing "Washington County, RI" under columnGeography: 8, White Non-Hispanic, 2016, 2016, 74935, 2687, "Washington County, RI", 05000US44009, washington-county-ri
Row containing "Washington County, RI" under columnGeography: 9, Hispanic, 2016, 2016, 54715, 49259, "Washington County, RI", 05000US44009, washington-county-ri
Row containing "Washington County, RI" under columnGeography: 0, Total, 2015, 2015, 72807, 2018.0000000000000, "Washington County, RI", 05000US44009, washington-county-ri
Row containing "Washington County, RI" under columnGeography: 1, White, 2015, 2015, 74124, 2231, "Washington County, RI", 05000US44009, washington-county-ri
Row containing "Washington County, RI" under columnGeography: 2, Black, 2015, 2015, 69850, 32800, "Washington County, RI", 05000US44009, washington-county-ri
Row containing "Washington County, RI" under columnGeography: 3, Native American, 2015, 2015, 29375, 28355, "Washington County, RI", 05000US44009, washington-county-ri
Row containing "Washington County, RI" under columnGeography: 4, Asian, 2015, 2015, 34773, 17313, "Washington County, RI", 05000US44009, washington-county-ri
Row containing "Washington County, RI" under columnGeography: 7, Two Or More, 2015, 2015, 48950, 27437, "Washington County, RI", 05000US44009, washington-county-ri
Row containing "Washington County, RI" under columnGeography: 8, White Non-Hispanic, 2015, 2015, 74326, 2237, "Washington County, RI", 05000US44009, washington-county-ri
Row containing "Washington County, RI" under columnGeography: 9, Hispanic, 2015, 2015, 55031, 5748, "Washington County, RI", 05000US44009, washington-county-ri
Row containing "Washington County, RI" under columnGeography: 0, Total, 2014, 2014, 72784, 1757, "Washington County, RI", 05000US44009, washington-county-ri
Row containing "Washington County, RI" under columnGeography: 1, White, 2014, 2014, 74110, 1884.0000000000000, "Washington County, RI", 05000US44009, washington-county-ri
Row containing "Washington County, RI" under columnGeography: 2, Black, 2014, 2014, 31727, 20189, "Washington County, RI", 05000US44009, washington-county-ri
Row containing "Washington County, RI" under columnGeography: 3, Native American, 2014, 2014, 34375, 24766, "Washington County, RI", 05000US44009, washington-county-ri
Row containing "Washington County, RI" under columnGeography: 4, Asian, 2014, 2014, 53638, 14033, "Washington County, RI", 05000US44009, washington-county-ri
Row containing "Washington County, RI" under columnGeography: 6, Other, 2014, 2014, 50613, 13807, "Washington County, RI", 05000US44009, washington-county-ri
Row containing "Washington County, RI" under columnGeography: 7, Two Or More, 2014, 2014, 50857, 6132, "Washington County, RI", 05000US44009, washington-county-ri
Row containing "Washington County, RI" under columnGeography: 8, White Non-Hispanic, 2014, 2014, 74142, 1887.0000000000000, "Washington County, RI", 05000US44009, washington-county-ri
Row containing "Washington County, RI" under columnGeography: 9, Hispanic, 2014, 2014, 55931, 15616, "Washington County, RI", 05000US44009, washington-county-ri
Row containing "Washington County, RI" under columnGeography: 0, Total, 2013, 2013, 72138, 2516, "Washington County, RI", 05000US44009, washington-county-ri
Row containing "Washington County, RI" under columnGeography: 1, White, 2013, 2013, 73923, 2847, "Washington County, RI", 05000US44009, washington-county-ri
Row containing "Washington County, RI" under columnGeography: 2, Black, 2013, 2013, 25543, 14026, "Washington County, RI", 05000US44009, washington-county-ri
Row containing "Washington County, RI" under columnGeography: 3, Native American, 2013, 2013, 31250, 23707, "Washington County, RI", 05000US44009, washington-county-ri
Row containing "Washington County, RI" under columnGeography: 4, Asian, 2013, 2013, 54122, 6114, "Washington County, RI", 05000US44009, washington-county-ri
Row containing "Washington County, RI" under columnGeography: 6, Other, 2013, 2013, 50343, 22843, "Washington County, RI", 05000US44009, washington-county-ri
Row containing "Washington County, RI" under columnGeography: 7, Two Or More, 2013, 2013, 50083, 26976, "Washington County, RI", 05000US44009, washington-county-ri
Row containing "Washington County, RI" under columnGeography: 8, White Non-Hispanic, 2013, 2013, 73944, 2858, "Washington County, RI", 05000US44009, washington-county-ri
Row containing "Washington County, RI" under columnGeography: 9, Hispanic, 2013, 2013, 53856, 18499, "Washington County, RI", 05000US44009, washington-county-ri
Row containing "Washington County, RI" under columnGeography: 0, Total, 2020, 2020, 86970, 3651, "Washington County, RI", 05000US44009, washington-county-ri
Row containing "Washington County, RI" under columnGeography: 1, White, 2020, 2020, 88147, 3942, "Washington County, RI", 05000US44009, washington-county-ri
Row containing "Washington County, RI" under columnGeography: 2, Black, 2020, 2020, 45849, 6614, "Washington County, RI", 05000US44009, washington-county-ri
Row containing "Washington County, RI" under columnGeography: 4, Asian, 2020, 2020, 69653, 31807.000000000000, "Washington County, RI", 05000US44009, washington-county-ri
Row containing "Washington County, RI" under columnGeography: 7, Two Or More, 2020, 2020, 96898, 42213, "Washington County, RI", 05000US44009, washington-county-ri
Row containing "Washington County, RI" under columnGeography: 8, White Non-Hispanic, 2020, 2020, 87516, 3859.0000000000000, "Washington County, RI", 05000US44009, washington-county-ri
Row containing "Washington County, RI" under columnGeography: 9, Hispanic, 2020, 2020, 104929, 30259, "Washington County, RI", 05000US44009, washington-county-ri
Row containing "Washington County, RI" under columnGeography: 0, Total, 2019, 2019, 85531, 2042, "Washington County, RI", 05000US44009, washington-county-ri
Row containing "Washington County, RI" under columnGeography: 1, White, 2019, 2019, 87019, 2150, "Washington County, RI", 05000US44009, washington-county-ri
Row containing "Washington County, RI" under columnGeography: 2, Black, 2019, 2019, 83011, 16035, "Washington County, RI", 05000US44009, washington-county-ri
Row containing "Washington County, RI" under columnGeography: 4, Asian, 2019, 2019, 75735, 11221, "Washington County, RI", 05000US44009, washington-county-ri
Row containing "Washington County, RI" under columnGeography: 8, White Non-Hispanic, 2019, 2019, 86857, 2237, "Washington County, RI", 05000US44009, washington-county-ri
Row containing "Washington County, RI" under columnGeography: 9, Hispanic, 2019, 2019, 83661, 58895, "Washington County, RI", 05000US44009, washington-county-ri
Row containing "Washington County, RI" under columnGeography: 0, Total, 2018, 2018, 81301, 2985, "Washington County, RI", 05000US44009, washington-county-ri
Row containing "Washington County, RI" under columnGeography: 1, White, 2018, 2018, 82240, 3183, "Washington County, RI", 05000US44009, washington-county-ri
Row containing "Washington County, RI" under columnGeography: 2, Black, 2018, 2018, 90313, 20795, "Washington County, RI", 05000US44009, washington-county-ri
Row containing "Washington County, RI" under columnGeography: 4, Asian, 2018, 2018, 75946, 10049, "Washington County, RI", 05000US44009, washington-county-ri
Row containing "Washington County, RI" under columnGeography: 8, White Non-Hispanic, 2018, 2018, 82166, 3288, "Washington County, RI", 05000US44009, washington-county-ri
Row containing "Washington County, RI" under columnGeography: 9, Hispanic, 2018, 2018, 82279, 56035, "Washington County, RI", 05000US44009, washington-county-ri
Row containing "Washington County, RI" under columnGeography: 0, Total, 2017, 2017, 77862, 2350, "Washington County, RI", 05000US44009, washington-county-ri
Row containing "Washington County, RI" under columnGeography: 1, White, 2017, 2017, 78350, 2452, "Washington County, RI", 05000US44009, washington-county-ri
Row containing "Washington County, RI" under columnGeography: 2, Black, 2017, 2017, 98250, 25121, "Washington County, RI", 05000US44009, washington-county-ri
Row containing "Washington County, RI" under columnGeography: 4, Asian, 2017, 2017, 73094, 34344, "Washington County, RI", 05000US44009, washington-county-ri
Row containing "Washington County, RI" under columnGeography: 8, White Non-Hispanic, 2017, 2017, 78364, 2455, "Washington County, RI", 05000US44009, washington-county-ri
Row containing "Washington County, RI" under columnGeography: 9, Hispanic, 2017, 2017, 66000, 46545, "Washington County, RI", 05000US44009, washington-county-ri
Row containing "Washington County, RI" under columnGeography: 0, Total, 2016, 2016, 74302, 2229, "Washington County, RI", 05000US44009, washington-county-ri
Row containing "Washington County, RI" under columnGeography: 1, White, 2016, 2016, 74962, 2699, "Washington County, RI", 05000US44009, washington-county-ri
Row containing "Washington County, RI" under columnGeography: 2, Black, 2016, 2016, 78333, 24435, "Washington County, RI", 05000US44009, washington-county-ri
Row containing "Washington County, RI" under columnGeography: 4, Asian, 2016, 2016, 53864, 34694, "Washington County, RI", 05000US44009, washington-county-ri
Row containing "Washington County, RI" under columnGeography: 6, Other, 2016, 2016, 54354, 43814, "Washington County, RI", 05000US44009, washington-county-ri
Row containing "Washington County, RI" under columnGeography: 7, Two Or More, 2016, 2016, 51860, 42964, "Washington County, RI", 05000US44009, washington-county-ri
Row containing "Washington County, RI" under columnGeography: 8, White Non-Hispanic, 2016, 2016, 74935, 2687, "Washington County, RI", 05000US44009, washington-county-ri
Row containing "Washington County, RI" under columnGeography: 9, Hispanic, 2016, 2016, 54715, 49259, "Washington County, RI", 05000US44009, washington-county-ri
Row containing "Washington County, RI" under columnGeography: 0, Total, 2015, 2015, 72807, 2018.0000000000000, "Washington County, RI", 05000US44009, washington-county-ri
Row containing "Washington County, RI" under columnGeography: 1, White, 2015, 2015, 74124, 2231, "Washington County, RI", 05000US44009, washington-county-ri
Row containing "Washington County, RI" under columnGeography: 2, Black, 2015, 2015, 69850, 32800, "Washington County, RI", 05000US44009, washington-county-ri
Row containing "Washington County, RI" under columnGeography: 3, Native American, 2015, 2015, 29375, 28355, "Washington County, RI", 05000US44009, washington-county-ri
Row containing "Washington County, RI" under columnGeography: 4, Asian, 2015, 2015, 34773, 17313, "Washington County, RI", 05000US44009, washington-county-ri
Row containing "Washington County, RI" under columnGeography: 7, Two Or More, 2015, 2015, 48950, 27437, "Washington County, RI", 05000US44009, washington-county-ri
Row containing "Washington County, RI" under columnGeography: 8, White Non-Hispanic, 2015, 2015, 74326, 2237, "Washington County, RI", 05000US44009, washington-county-ri
Row containing "Washington County, RI" under columnGeography: 9, Hispanic, 2015, 2015, 55031, 5748, "Washington County, RI", 05000US44009, washington-county-ri
Row containing "Washington County, RI" under columnGeography: 0, Total, 2014, 2014, 72784, 1757, "Washington County, RI", 05000US44009, washington-county-ri
Row containing "Washington County, RI" under columnGeography: 1, White, 2014, 2014, 74110, 1884.0000000000000, "Washington County, RI", 05000US44009, washington-county-ri
Row containing "Washington County, RI" under columnGeography: 2, Black, 2014, 2014, 31727, 20189, "Washington County, RI", 05000US44009, washington-county-ri
Row containing "Washington County, RI" under columnGeography: 3, Native American, 2014, 2014, 34375, 24766, "Washington County, RI", 05000US44009, washington-county-ri
Row containing "Washington County, RI" under columnGeography: 4, Asian, 2014, 2014, 53638, 14033, "Washington County, RI", 05000US44009, washington-county-ri
Row containing "Washington County, RI" under columnGeography: 6, Other, 2014, 2014, 50613, 13807, "Washington County, RI", 05000US44009, washington-county-ri
Row containing "Washington County, RI" under columnGeography: 7, Two Or More, 2014, 2014, 50857, 6132, "Washington County, RI", 05000US44009, washington-county-ri
Row containing "Washington County, RI" under columnGeography: 8, White Non-Hispanic, 2014, 2014, 74142, 1887.0000000000000, "Washington County, RI", 05000US44009, washington-county-ri
Row containing "Washington County, RI" under columnGeography: 9, Hispanic, 2014, 2014, 55931, 15616, "Washington County, RI", 05000US44009, washington-county-ri
Row containing "Washington County, RI" under columnGeography: 0, Total, 2013, 2013, 72138, 2516, "Washington County, RI", 05000US44009, washington-county-ri
Row containing "Washington County, RI" under columnGeography: 1, White, 2013, 2013, 73923, 2847, "Washington County, RI", 05000US44009, washington-county-ri
Row containing "Washington County, RI" under columnGeography: 2, Black, 2013, 2013, 25543, 14026, "Washington County, RI", 05000US44009, washington-county-ri
Row containing "Washington County, RI" under columnGeography: 3, Native American, 2013, 2013, 31250, 23707, "Washington County, RI", 05000US44009, washington-county-ri
Row containing "Washington County, RI" under columnGeography: 4, Asian, 2013, 2013, 54122, 6114, "Washington County, RI", 05000US44009, washington-county-ri
Row containing "Washington County, RI" under columnGeography: 6, Other, 2013, 2013, 50343, 22843, "Washington County, RI", 05000US44009, washington-county-ri
Row containing "Washington County, RI" under columnGeography: 7, Two Or More, 2013, 2013, 50083, 26976, "Washington County, RI", 05000US44009, washington-county-ri
Row containing "Washington County, RI" under columnGeography: 8, White Non-Hispanic, 2013, 2013, 73944, 2858, "Washington County, RI", 05000US44009, washington-county-ri
Row containing "Washington County, RI" under columnGeography: 9, Hispanic, 2013, 2013, 53856, 18499, "Washington County, RI", 05000US44009, washington-county-ri
]]></system-out>
  </testcase>
  <testcase name="testMakeSearchableWithHeader" classname="edu.brown.cs.student.SearchTest" time="0.012">
    <system-out><![CDATA[mismatched to row format: [see]
mismatched to row format: [hi, bye]
mismatched to row format: [you, tmr]
]]></system-out>
  </testcase>
  <testcase name="testUniqueSearchWithHeaderNotFound" classname="edu.brown.cs.student.SearchTest" time="0.009">
    <system-out><![CDATA[2315505646not found in given csv
$3not found in given csv under column index 2
MNnot found in given csv under column name State
$0.45not found in given csv under column name Average Weekly Earnings
]]></system-out>
  </testcase>
  <testcase name="testMakeSearchableNoHeader" classname="edu.brown.cs.student.SearchTest" time="0.014">
    <system-out><![CDATA[mismatched to row format: [see]
mismatched to row format: [you, tmr]
mismatched to row format: [you, tmr]
mismatched to row format: [see]
]]></system-out>
  </testcase>
  <testcase name="testRepeatSearchWithHeaderNotFound" classname="edu.brown.cs.student.SearchTest" time="0.024">
    <system-out><![CDATA[Washington County, Rnot found in given csv
"Washington County, RI"not found in given csv under column index 2
2020not found in given csv under column name ID Geography
]]></system-out>
  </testcase>
  <testcase name="testCheckStringEqualEqual" classname="edu.brown.cs.student.SearchTest" time="0.018"/>
  <testcase name="testNoHeaderFirstRowNotParsedOut" classname="edu.brown.cs.student.SearchTest" time="0.044">
    <system-out><![CDATA[Row containing ID Geography: ID Race, Race, ID Year, Year, Household Income by Race, Household Income by Race Moe, Geography, ID Geography, Slug Geography
]]></system-out>
  </testcase>
  <testcase name="testRestrictedDirectory" classname="edu.brown.cs.student.SearchTest" time="0.01">
    <system-out><![CDATA[.
]]></system-out>
  </testcase>
  <testcase name="testMalForm" classname="edu.brown.cs.student.SearchTest" time="0.005">
    <system-out><![CDATA[mismatched to row format: [Gemini, Roberto, Nick]
mismatched to row format: [Virgo]
mismatched to row format: [Libra]
mismatched to row format: [Aquarius]
Row containing Sophie: Capricorn, Sophie
mismatched to row format: [Gemini, Roberto, Nick]
mismatched to row format: [Virgo]
mismatched to row format: [Libra]
mismatched to row format: [Aquarius]
Row containing Sophie under column number 1: Capricorn, Sophie
mismatched to row format: [Gemini, Roberto, Nick]
mismatched to row format: [Virgo]
mismatched to row format: [Libra]
mismatched to row format: [Aquarius]
Row containing Leo under columnStar Sign: Leo, Gabi
mismatched to row format: [Gemini, Roberto, Nick]
mismatched to row format: [Virgo]
mismatched to row format: [Libra]
mismatched to row format: [Aquarius]
Libranot found in given csv
mismatched to row format: [Gemini, Roberto, Nick]
mismatched to row format: [Virgo]
mismatched to row format: [Libra]
mismatched to row format: [Aquarius]
Virgonot found in given csv under column index 0
mismatched to row format: [Gemini, Roberto, Nick]
mismatched to row format: [Virgo]
mismatched to row format: [Libra]
mismatched to row format: [Aquarius]
Robertonot found in given csv under column name Member
mismatched to row format: [Gemini, Roberto, Nick]
mismatched to row format: [Virgo]
mismatched to row format: [Libra]
mismatched to row format: [Aquarius]
Row containing Member: Star Sign, Member
mismatched to row format: [Gemini, Roberto, Nick]
mismatched to row format: [Virgo]
mismatched to row format: [Libra]
mismatched to row format: [Aquarius]
Row containing Star Sign under column number 0: Star Sign, Member
mismatched to row format: [Gemini, Roberto, Nick]
mismatched to row format: [Virgo]
mismatched to row format: [Libra]
mismatched to row format: [Aquarius]
mismatched to row format: [Gemini, Roberto, Nick]
mismatched to row format: [Virgo]
mismatched to row format: [Libra]
mismatched to row format: [Aquarius]
Libranot found in given csv
mismatched to row format: [Gemini, Roberto, Nick]
mismatched to row format: [Virgo]
mismatched to row format: [Libra]
mismatched to row format: [Aquarius]
Virgonot found in given csv under column index 0
mismatched to row format: [Gemini, Roberto, Nick]
mismatched to row format: [Virgo]
mismatched to row format: [Libra]
mismatched to row format: [Aquarius]
]]></system-out>
  </testcase>
  <testcase name="testNotFoundHeaderName" classname="edu.brown.cs.student.SearchTest" time="0.009">
    <system-out><![CDATA[Header name not found: Yeer
mismatched to row format: [Gemini, Roberto, Nick]
mismatched to row format: [Virgo]
mismatched to row format: [Libra]
mismatched to row format: [Aquarius]
Header name not found: Ster
]]></system-out>
  </testcase>
  <testcase name="testRepeatColValSameRowHeader" classname="edu.brown.cs.student.SearchTest" time="0.01">
    <system-out><![CDATA[Row containing 2020: Asian, 2020, 2020, 217156, Brown University, 214, brown-university, 0.069233258, Men, 1
Row containing 2020: Asian, 2020, 2020, 217156, Brown University, 214, brown-university, 0.069233258, Men, 1
Row containing 2020: Black or African American, 2020, 2020, 217156, Brown University, 77, brown-university, 0.024911032, Men, 1
Row containing 2020: Black or African American, 2020, 2020, 217156, Brown University, 77, brown-university, 0.024911032, Men, 1
Row containing 2020: Native Hawaiian or Other Pacific Islanders, 2020, 2020, 217156, Brown University, 3, brown-university, 0.00097056, Men, 1
Row containing 2020: Native Hawaiian or Other Pacific Islanders, 2020, 2020, 217156, Brown University, 3, brown-university, 0.00097056, Men, 1
Row containing 2020: Hispanic or Latino, 2020, 2020, 217156, Brown University, 143, brown-university, 0.046263345, Men, 1
Row containing 2020: Hispanic or Latino, 2020, 2020, 217156, Brown University, 143, brown-university, 0.046263345, Men, 1
Row containing 2020: Two or More Races, 2020, 2020, 217156, Brown University, 58, brown-university, 0.018764154, Men, 1
Row containing 2020: Two or More Races, 2020, 2020, 217156, Brown University, 58, brown-university, 0.018764154, Men, 1
Row containing 2020: American Indian or Alaska Native, 2020, 2020, 217156, Brown University, 4, brown-university, 0.00129408, Men, 1
Row containing 2020: American Indian or Alaska Native, 2020, 2020, 217156, Brown University, 4, brown-university, 0.00129408, Men, 1
Row containing 2020: Non-resident Alien, 2020, 2020, 217156, Brown University, 327, brown-university, 0.105791006, Men, 1
Row containing 2020: Non-resident Alien, 2020, 2020, 217156, Brown University, 327, brown-university, 0.105791006, Men, 1
Row containing 2020: White, 2020, 2020, 217156, Brown University, 691, brown-university, 0.223552248, Men, 1
Row containing 2020: White, 2020, 2020, 217156, Brown University, 691, brown-university, 0.223552248, Men, 1
Row containing 2020: Asian, 2020, 2020, 217156, Brown University, 235, brown-university, 0.076027176, Women, 2
Row containing 2020: Asian, 2020, 2020, 217156, Brown University, 235, brown-university, 0.076027176, Women, 2
Row containing 2020: Black or African American, 2020, 2020, 217156, Brown University, 95, brown-university, 0.03073439, Women, 2
Row containing 2020: Black or African American, 2020, 2020, 217156, Brown University, 95, brown-university, 0.03073439, Women, 2
Row containing 2020: Native Hawaiian or Other Pacific Islanders, 2020, 2020, 217156, Brown University, 4, brown-university, 0.00129408, Women, 2
Row containing 2020: Native Hawaiian or Other Pacific Islanders, 2020, 2020, 217156, Brown University, 4, brown-university, 0.00129408, Women, 2
Row containing 2020: Hispanic or Latino, 2020, 2020, 217156, Brown University, 207, brown-university, 0.066968619, Women, 2
Row containing 2020: Hispanic or Latino, 2020, 2020, 217156, Brown University, 207, brown-university, 0.066968619, Women, 2
Row containing 2020: Two or More Races, 2020, 2020, 217156, Brown University, 85, brown-university, 0.027499191, Women, 2
Row containing 2020: Two or More Races, 2020, 2020, 217156, Brown University, 85, brown-university, 0.027499191, Women, 2
Row containing 2020: American Indian or Alaska Native, 2020, 2020, 217156, Brown University, 7, brown-university, 0.002264639, Women, 2
Row containing 2020: American Indian or Alaska Native, 2020, 2020, 217156, Brown University, 7, brown-university, 0.002264639, Women, 2
Row containing 2020: Non-resident Alien, 2020, 2020, 217156, Brown University, 281, brown-university, 0.090909091, Women, 2
Row containing 2020: Non-resident Alien, 2020, 2020, 217156, Brown University, 281, brown-university, 0.090909091, Women, 2
Row containing 2020: White, 2020, 2020, 217156, Brown University, 660, brown-university, 0.213523132, Women, 2
Row containing 2020: White, 2020, 2020, 217156, Brown University, 660, brown-university, 0.213523132, Women, 2
Row containing 2020 under column number 1: Asian, 2020, 2020, 217156, Brown University, 214, brown-university, 0.069233258, Men, 1
Row containing 2020 under column number 1: Black or African American, 2020, 2020, 217156, Brown University, 77, brown-university, 0.024911032, Men, 1
Row containing 2020 under column number 1: Native Hawaiian or Other Pacific Islanders, 2020, 2020, 217156, Brown University, 3, brown-university, 0.00097056, Men, 1
Row containing 2020 under column number 1: Hispanic or Latino, 2020, 2020, 217156, Brown University, 143, brown-university, 0.046263345, Men, 1
Row containing 2020 under column number 1: Two or More Races, 2020, 2020, 217156, Brown University, 58, brown-university, 0.018764154, Men, 1
Row containing 2020 under column number 1: American Indian or Alaska Native, 2020, 2020, 217156, Brown University, 4, brown-university, 0.00129408, Men, 1
Row containing 2020 under column number 1: Non-resident Alien, 2020, 2020, 217156, Brown University, 327, brown-university, 0.105791006, Men, 1
Row containing 2020 under column number 1: White, 2020, 2020, 217156, Brown University, 691, brown-university, 0.223552248, Men, 1
Row containing 2020 under column number 1: Asian, 2020, 2020, 217156, Brown University, 235, brown-university, 0.076027176, Women, 2
Row containing 2020 under column number 1: Black or African American, 2020, 2020, 217156, Brown University, 95, brown-university, 0.03073439, Women, 2
Row containing 2020 under column number 1: Native Hawaiian or Other Pacific Islanders, 2020, 2020, 217156, Brown University, 4, brown-university, 0.00129408, Women, 2
Row containing 2020 under column number 1: Hispanic or Latino, 2020, 2020, 217156, Brown University, 207, brown-university, 0.066968619, Women, 2
Row containing 2020 under column number 1: Two or More Races, 2020, 2020, 217156, Brown University, 85, brown-university, 0.027499191, Women, 2
Row containing 2020 under column number 1: American Indian or Alaska Native, 2020, 2020, 217156, Brown University, 7, brown-university, 0.002264639, Women, 2
Row containing 2020 under column number 1: Non-resident Alien, 2020, 2020, 217156, Brown University, 281, brown-university, 0.090909091, Women, 2
Row containing 2020 under column number 1: White, 2020, 2020, 217156, Brown University, 660, brown-university, 0.213523132, Women, 2
Row containing 2020 under column number 2: Asian, 2020, 2020, 217156, Brown University, 214, brown-university, 0.069233258, Men, 1
Row containing 2020 under column number 2: Black or African American, 2020, 2020, 217156, Brown University, 77, brown-university, 0.024911032, Men, 1
Row containing 2020 under column number 2: Native Hawaiian or Other Pacific Islanders, 2020, 2020, 217156, Brown University, 3, brown-university, 0.00097056, Men, 1
Row containing 2020 under column number 2: Hispanic or Latino, 2020, 2020, 217156, Brown University, 143, brown-university, 0.046263345, Men, 1
Row containing 2020 under column number 2: Two or More Races, 2020, 2020, 217156, Brown University, 58, brown-university, 0.018764154, Men, 1
Row containing 2020 under column number 2: American Indian or Alaska Native, 2020, 2020, 217156, Brown University, 4, brown-university, 0.00129408, Men, 1
Row containing 2020 under column number 2: Non-resident Alien, 2020, 2020, 217156, Brown University, 327, brown-university, 0.105791006, Men, 1
Row containing 2020 under column number 2: White, 2020, 2020, 217156, Brown University, 691, brown-university, 0.223552248, Men, 1
Row containing 2020 under column number 2: Asian, 2020, 2020, 217156, Brown University, 235, brown-university, 0.076027176, Women, 2
Row containing 2020 under column number 2: Black or African American, 2020, 2020, 217156, Brown University, 95, brown-university, 0.03073439, Women, 2
Row containing 2020 under column number 2: Native Hawaiian or Other Pacific Islanders, 2020, 2020, 217156, Brown University, 4, brown-university, 0.00129408, Women, 2
Row containing 2020 under column number 2: Hispanic or Latino, 2020, 2020, 217156, Brown University, 207, brown-university, 0.066968619, Women, 2
Row containing 2020 under column number 2: Two or More Races, 2020, 2020, 217156, Brown University, 85, brown-university, 0.027499191, Women, 2
Row containing 2020 under column number 2: American Indian or Alaska Native, 2020, 2020, 217156, Brown University, 7, brown-university, 0.002264639, Women, 2
Row containing 2020 under column number 2: Non-resident Alien, 2020, 2020, 217156, Brown University, 281, brown-university, 0.090909091, Women, 2
Row containing 2020 under column number 2: White, 2020, 2020, 217156, Brown University, 660, brown-university, 0.213523132, Women, 2
]]></system-out>
  </testcase>
  <testcase name="testCheckStringEqualNotEqual" classname="edu.brown.cs.student.SearchTest" time="0.013"/>
  <testcase name="testUniqueSearchWithoutHeaderNotFound" classname="edu.brown.cs.student.SearchTest" time="0.034">
    <system-out><![CDATA[2021not found in given csv
Pacific Islandernot found in given csv under column index 5
Pacific Islandernot found in given csv under column index 2
]]></system-out>
  </testcase>
  <testcase name="testUniqueSearchWithoutHeaderFound" classname="edu.brown.cs.student.SearchTest" time="0.014">
    <system-out><![CDATA[Row containing  $673.14 : RI, Hispanic/Latino,  $673.14 , 74596.18851,  $0.64 , 14%
Row containing $0.64 under column number 4: RI, Hispanic/Latino,  $673.14 , 74596.18851,  $0.64 , 14%
]]></system-out>
  </testcase>
  <testcase name="testRepeatSearchWithoutHeaderFound" classname="edu.brown.cs.student.SearchTest" time="0.107">
    <system-out><![CDATA[Row containing 2020: 0, Total, 2020, 2020, 85413, 6122, "Bristol County, RI", 05000US44001, bristol-county-ri
Row containing 2020: 0, Total, 2020, 2020, 85413, 6122, "Bristol County, RI", 05000US44001, bristol-county-ri
Row containing 2020: 0, Total, 2020, 2020, 75857, 2022, "Kent County, RI", 05000US44003, kent-county-ri
Row containing 2020: 0, Total, 2020, 2020, 75857, 2022, "Kent County, RI", 05000US44003, kent-county-ri
Row containing 2020: 0, Total, 2020, 2020, 84282, 2629, "Newport County, RI", 05000US44005, newport-county-ri
Row containing 2020: 0, Total, 2020, 2020, 84282, 2629, "Newport County, RI", 05000US44005, newport-county-ri
Row containing 2020: 0, Total, 2020, 2020, 62323, 1270, "Providence County, RI", 05000US44007, providence-county-ri
Row containing 2020: 0, Total, 2020, 2020, 62323, 1270, "Providence County, RI", 05000US44007, providence-county-ri
Row containing 2020: 0, Total, 2020, 2020, 86970, 3651, "Washington County, RI", 05000US44009, washington-county-ri
Row containing 2020: 0, Total, 2020, 2020, 86970, 3651, "Washington County, RI", 05000US44009, washington-county-ri
Row containing 2020: 1, White, 2020, 2020, 85359, 6432, "Bristol County, RI", 05000US44001, bristol-county-ri
Row containing 2020: 1, White, 2020, 2020, 85359, 6432, "Bristol County, RI", 05000US44001, bristol-county-ri
Row containing 2020: 1, White, 2020, 2020, 75408, 2311, "Kent County, RI", 05000US44003, kent-county-ri
Row containing 2020: 1, White, 2020, 2020, 75408, 2311, "Kent County, RI", 05000US44003, kent-county-ri
Row containing 2020: 1, White, 2020, 2020, 87407, 3706, "Newport County, RI", 05000US44005, newport-county-ri
Row containing 2020: 1, White, 2020, 2020, 87407, 3706, "Newport County, RI", 05000US44005, newport-county-ri
Row containing 2020: 1, White, 2020, 2020, 67639, 1255, "Providence County, RI", 05000US44007, providence-county-ri
Row containing 2020: 1, White, 2020, 2020, 67639, 1255, "Providence County, RI", 05000US44007, providence-county-ri
Row containing 2020: 1, White, 2020, 2020, 88147, 3942, "Washington County, RI", 05000US44009, washington-county-ri
Row containing 2020: 1, White, 2020, 2020, 88147, 3942, "Washington County, RI", 05000US44009, washington-county-ri
Row containing 2020: 2, Black, 2020, 2020, 72443, 54768, "Bristol County, RI", 05000US44001, bristol-county-ri
Row containing 2020: 2, Black, 2020, 2020, 72443, 54768, "Bristol County, RI", 05000US44001, bristol-county-ri
Row containing 2020: 2, Black, 2020, 2020, 100375, 20176, "Kent County, RI", 05000US44003, kent-county-ri
Row containing 2020: 2, Black, 2020, 2020, 100375, 20176, "Kent County, RI", 05000US44003, kent-county-ri
Row containing 2020: 2, Black, 2020, 2020, 46622, 14559, "Newport County, RI", 05000US44005, newport-county-ri
Row containing 2020: 2, Black, 2020, 2020, 46622, 14559, "Newport County, RI", 05000US44005, newport-county-ri
Row containing 2020: 2, Black, 2020, 2020, 46084, 3384.0000000000000, "Providence County, RI", 05000US44007, providence-county-ri
Row containing 2020: 2, Black, 2020, 2020, 46084, 3384.0000000000000, "Providence County, RI", 05000US44007, providence-county-ri
Row containing 2020: 2, Black, 2020, 2020, 45849, 6614, "Washington County, RI", 05000US44009, washington-county-ri
Row containing 2020: 2, Black, 2020, 2020, 45849, 6614, "Washington County, RI", 05000US44009, washington-county-ri
Row containing 2020: 3, Native American, 2020, 2020, 36106, 16192, "Providence County, RI", 05000US44007, providence-county-ri
Row containing 2020: 3, Native American, 2020, 2020, 36106, 16192, "Providence County, RI", 05000US44007, providence-county-ri
Row containing 2020: 4, Asian, 2020, 2020, 69612, 53700, "Bristol County, RI", 05000US44001, bristol-county-ri
Row containing 2020: 4, Asian, 2020, 2020, 69612, 53700, "Bristol County, RI", 05000US44001, bristol-county-ri
Row containing 2020: 4, Asian, 2020, 2020, 97578, 18617, "Kent County, RI", 05000US44003, kent-county-ri
Row containing 2020: 4, Asian, 2020, 2020, 97578, 18617, "Kent County, RI", 05000US44003, kent-county-ri
Row containing 2020: 4, Asian, 2020, 2020, 110350, 12239, "Newport County, RI", 05000US44005, newport-county-ri
Row containing 2020: 4, Asian, 2020, 2020, 110350, 12239, "Newport County, RI", 05000US44005, newport-county-ri
Row containing 2020: 4, Asian, 2020, 2020, 81438, 5762, "Providence County, RI", 05000US44007, providence-county-ri
Row containing 2020: 4, Asian, 2020, 2020, 81438, 5762, "Providence County, RI", 05000US44007, providence-county-ri
Row containing 2020: 4, Asian, 2020, 2020, 69653, 31807.000000000000, "Washington County, RI", 05000US44009, washington-county-ri
Row containing 2020: 4, Asian, 2020, 2020, 69653, 31807.000000000000, "Washington County, RI", 05000US44009, washington-county-ri
Row containing 2020: 5, Pacific Islander, 2020, 2020, 43990, 4351, "Providence County, RI", 05000US44007, providence-county-ri
Row containing 2020: 5, Pacific Islander, 2020, 2020, 43990, 4351, "Providence County, RI", 05000US44007, providence-county-ri
Row containing 2020: 6, Other, 2020, 2020, 60446, 13988, "Kent County, RI", 05000US44003, kent-county-ri
Row containing 2020: 6, Other, 2020, 2020, 60446, 13988, "Kent County, RI", 05000US44003, kent-county-ri
Row containing 2020: 6, Other, 2020, 2020, 29375, 2225, "Newport County, RI", 05000US44005, newport-county-ri
Row containing 2020: 6, Other, 2020, 2020, 29375, 2225, "Newport County, RI", 05000US44005, newport-county-ri
Row containing 2020: 6, Other, 2020, 2020, 40706, 4024, "Providence County, RI", 05000US44007, providence-county-ri
Row containing 2020: 6, Other, 2020, 2020, 40706, 4024, "Providence County, RI", 05000US44007, providence-county-ri
Row containing 2020: 7, Two Or More, 2020, 2020, 100250, 22504, "Bristol County, RI", 05000US44001, bristol-county-ri
Row containing 2020: 7, Two Or More, 2020, 2020, 100250, 22504, "Bristol County, RI", 05000US44001, bristol-county-ri
Row containing 2020: 7, Two Or More, 2020, 2020, 75938, 26788, "Kent County, RI", 05000US44003, kent-county-ri
Row containing 2020: 7, Two Or More, 2020, 2020, 75938, 26788, "Kent County, RI", 05000US44003, kent-county-ri
Row containing 2020: 7, Two Or More, 2020, 2020, 83574, 5944, "Newport County, RI", 05000US44005, newport-county-ri
Row containing 2020: 7, Two Or More, 2020, 2020, 83574, 5944, "Newport County, RI", 05000US44005, newport-county-ri
Row containing 2020: 7, Two Or More, 2020, 2020, 47163, 8892, "Providence County, RI", 05000US44007, providence-county-ri
Row containing 2020: 7, Two Or More, 2020, 2020, 47163, 8892, "Providence County, RI", 05000US44007, providence-county-ri
Row containing 2020: 7, Two Or More, 2020, 2020, 96898, 42213, "Washington County, RI", 05000US44009, washington-county-ri
Row containing 2020: 7, Two Or More, 2020, 2020, 96898, 42213, "Washington County, RI", 05000US44009, washington-county-ri
Row containing 2020: 8, White Non-Hispanic, 2020, 2020, 86463, 7051, "Bristol County, RI", 05000US44001, bristol-county-ri
Row containing 2020: 8, White Non-Hispanic, 2020, 2020, 86463, 7051, "Bristol County, RI", 05000US44001, bristol-county-ri
Row containing 2020: 8, White Non-Hispanic, 2020, 2020, 75265, 2318, "Kent County, RI", 05000US44003, kent-county-ri
Row containing 2020: 8, White Non-Hispanic, 2020, 2020, 75265, 2318, "Kent County, RI", 05000US44003, kent-county-ri
Row containing 2020: 8, White Non-Hispanic, 2020, 2020, 87713, 3638, "Newport County, RI", 05000US44005, newport-county-ri
Row containing 2020: 8, White Non-Hispanic, 2020, 2020, 87713, 3638, "Newport County, RI", 05000US44005, newport-county-ri
Row containing 2020: 8, White Non-Hispanic, 2020, 2020, 71428, 1376, "Providence County, RI", 05000US44007, providence-county-ri
Row containing 2020: 8, White Non-Hispanic, 2020, 2020, 71428, 1376, "Providence County, RI", 05000US44007, providence-county-ri
Row containing 2020: 8, White Non-Hispanic, 2020, 2020, 87516, 3859.0000000000000, "Washington County, RI", 05000US44009, washington-county-ri
Row containing 2020: 8, White Non-Hispanic, 2020, 2020, 87516, 3859.0000000000000, "Washington County, RI", 05000US44009, washington-county-ri
Row containing 2020: 9, Hispanic, 2020, 2020, 64167, 25729, "Bristol County, RI", 05000US44001, bristol-county-ri
Row containing 2020: 9, Hispanic, 2020, 2020, 64167, 25729, "Bristol County, RI", 05000US44001, bristol-county-ri
Row containing 2020: 9, Hispanic, 2020, 2020, 76602, 14152, "Kent County, RI", 05000US44003, kent-county-ri
Row containing 2020: 9, Hispanic, 2020, 2020, 76602, 14152, "Kent County, RI", 05000US44003, kent-county-ri
Row containing 2020: 9, Hispanic, 2020, 2020, 56652, 33449, "Newport County, RI", 05000US44005, newport-county-ri
Row containing 2020: 9, Hispanic, 2020, 2020, 56652, 33449, "Newport County, RI", 05000US44005, newport-county-ri
Row containing 2020: 9, Hispanic, 2020, 2020, 41592, 1749, "Providence County, RI", 05000US44007, providence-county-ri
Row containing 2020: 9, Hispanic, 2020, 2020, 41592, 1749, "Providence County, RI", 05000US44007, providence-county-ri
Row containing 2020: 9, Hispanic, 2020, 2020, 104929, 30259, "Washington County, RI", 05000US44009, washington-county-ri
Row containing 2020: 9, Hispanic, 2020, 2020, 104929, 30259, "Washington County, RI", 05000US44009, washington-county-ri
Row containing 2020: 0, Total, 2020, 2020, 85413, 6122, "Bristol County, RI", 05000US44001, bristol-county-ri
Row containing 2020: 0, Total, 2020, 2020, 85413, 6122, "Bristol County, RI", 05000US44001, bristol-county-ri
Row containing 2020: 0, Total, 2020, 2020, 75857, 2022, "Kent County, RI", 05000US44003, kent-county-ri
Row containing 2020: 0, Total, 2020, 2020, 75857, 2022, "Kent County, RI", 05000US44003, kent-county-ri
Row containing 2020: 0, Total, 2020, 2020, 84282, 2629, "Newport County, RI", 05000US44005, newport-county-ri
Row containing 2020: 0, Total, 2020, 2020, 84282, 2629, "Newport County, RI", 05000US44005, newport-county-ri
Row containing 2020: 0, Total, 2020, 2020, 62323, 1270, "Providence County, RI", 05000US44007, providence-county-ri
Row containing 2020: 0, Total, 2020, 2020, 62323, 1270, "Providence County, RI", 05000US44007, providence-county-ri
Row containing 2020: 0, Total, 2020, 2020, 86970, 3651, "Washington County, RI", 05000US44009, washington-county-ri
Row containing 2020: 0, Total, 2020, 2020, 86970, 3651, "Washington County, RI", 05000US44009, washington-county-ri
Row containing 2020: 1, White, 2020, 2020, 85359, 6432, "Bristol County, RI", 05000US44001, bristol-county-ri
Row containing 2020: 1, White, 2020, 2020, 85359, 6432, "Bristol County, RI", 05000US44001, bristol-county-ri
Row containing 2020: 1, White, 2020, 2020, 75408, 2311, "Kent County, RI", 05000US44003, kent-county-ri
Row containing 2020: 1, White, 2020, 2020, 75408, 2311, "Kent County, RI", 05000US44003, kent-county-ri
Row containing 2020: 1, White, 2020, 2020, 87407, 3706, "Newport County, RI", 05000US44005, newport-county-ri
Row containing 2020: 1, White, 2020, 2020, 87407, 3706, "Newport County, RI", 05000US44005, newport-county-ri
Row containing 2020: 1, White, 2020, 2020, 67639, 1255, "Providence County, RI", 05000US44007, providence-county-ri
Row containing 2020: 1, White, 2020, 2020, 67639, 1255, "Providence County, RI", 05000US44007, providence-county-ri
Row containing 2020: 1, White, 2020, 2020, 88147, 3942, "Washington County, RI", 05000US44009, washington-county-ri
Row containing 2020: 1, White, 2020, 2020, 88147, 3942, "Washington County, RI", 05000US44009, washington-county-ri
Row containing 2020: 2, Black, 2020, 2020, 72443, 54768, "Bristol County, RI", 05000US44001, bristol-county-ri
Row containing 2020: 2, Black, 2020, 2020, 72443, 54768, "Bristol County, RI", 05000US44001, bristol-county-ri
Row containing 2020: 2, Black, 2020, 2020, 100375, 20176, "Kent County, RI", 05000US44003, kent-county-ri
Row containing 2020: 2, Black, 2020, 2020, 100375, 20176, "Kent County, RI", 05000US44003, kent-county-ri
Row containing 2020: 2, Black, 2020, 2020, 46622, 14559, "Newport County, RI", 05000US44005, newport-county-ri
Row containing 2020: 2, Black, 2020, 2020, 46622, 14559, "Newport County, RI", 05000US44005, newport-county-ri
Row containing 2020: 2, Black, 2020, 2020, 46084, 3384.0000000000000, "Providence County, RI", 05000US44007, providence-county-ri
Row containing 2020: 2, Black, 2020, 2020, 46084, 3384.0000000000000, "Providence County, RI", 05000US44007, providence-county-ri
Row containing 2020: 2, Black, 2020, 2020, 45849, 6614, "Washington County, RI", 05000US44009, washington-county-ri
Row containing 2020: 2, Black, 2020, 2020, 45849, 6614, "Washington County, RI", 05000US44009, washington-county-ri
Row containing 2020: 3, Native American, 2020, 2020, 36106, 16192, "Providence County, RI", 05000US44007, providence-county-ri
Row containing 2020: 3, Native American, 2020, 2020, 36106, 16192, "Providence County, RI", 05000US44007, providence-county-ri
Row containing 2020: 4, Asian, 2020, 2020, 69612, 53700, "Bristol County, RI", 05000US44001, bristol-county-ri
Row containing 2020: 4, Asian, 2020, 2020, 69612, 53700, "Bristol County, RI", 05000US44001, bristol-county-ri
Row containing 2020: 4, Asian, 2020, 2020, 97578, 18617, "Kent County, RI", 05000US44003, kent-county-ri
Row containing 2020: 4, Asian, 2020, 2020, 97578, 18617, "Kent County, RI", 05000US44003, kent-county-ri
Row containing 2020: 4, Asian, 2020, 2020, 110350, 12239, "Newport County, RI", 05000US44005, newport-county-ri
Row containing 2020: 4, Asian, 2020, 2020, 110350, 12239, "Newport County, RI", 05000US44005, newport-county-ri
Row containing 2020: 4, Asian, 2020, 2020, 81438, 5762, "Providence County, RI", 05000US44007, providence-county-ri
Row containing 2020: 4, Asian, 2020, 2020, 81438, 5762, "Providence County, RI", 05000US44007, providence-county-ri
Row containing 2020: 4, Asian, 2020, 2020, 69653, 31807.000000000000, "Washington County, RI", 05000US44009, washington-county-ri
Row containing 2020: 4, Asian, 2020, 2020, 69653, 31807.000000000000, "Washington County, RI", 05000US44009, washington-county-ri
Row containing 2020: 5, Pacific Islander, 2020, 2020, 43990, 4351, "Providence County, RI", 05000US44007, providence-county-ri
Row containing 2020: 5, Pacific Islander, 2020, 2020, 43990, 4351, "Providence County, RI", 05000US44007, providence-county-ri
Row containing 2020: 6, Other, 2020, 2020, 60446, 13988, "Kent County, RI", 05000US44003, kent-county-ri
Row containing 2020: 6, Other, 2020, 2020, 60446, 13988, "Kent County, RI", 05000US44003, kent-county-ri
Row containing 2020: 6, Other, 2020, 2020, 29375, 2225, "Newport County, RI", 05000US44005, newport-county-ri
Row containing 2020: 6, Other, 2020, 2020, 29375, 2225, "Newport County, RI", 05000US44005, newport-county-ri
Row containing 2020: 6, Other, 2020, 2020, 40706, 4024, "Providence County, RI", 05000US44007, providence-county-ri
Row containing 2020: 6, Other, 2020, 2020, 40706, 4024, "Providence County, RI", 05000US44007, providence-county-ri
Row containing 2020: 7, Two Or More, 2020, 2020, 100250, 22504, "Bristol County, RI", 05000US44001, bristol-county-ri
Row containing 2020: 7, Two Or More, 2020, 2020, 100250, 22504, "Bristol County, RI", 05000US44001, bristol-county-ri
Row containing 2020: 7, Two Or More, 2020, 2020, 75938, 26788, "Kent County, RI", 05000US44003, kent-county-ri
Row containing 2020: 7, Two Or More, 2020, 2020, 75938, 26788, "Kent County, RI", 05000US44003, kent-county-ri
Row containing 2020: 7, Two Or More, 2020, 2020, 83574, 5944, "Newport County, RI", 05000US44005, newport-county-ri
Row containing 2020: 7, Two Or More, 2020, 2020, 83574, 5944, "Newport County, RI", 05000US44005, newport-county-ri
Row containing 2020: 7, Two Or More, 2020, 2020, 47163, 8892, "Providence County, RI", 05000US44007, providence-county-ri
Row containing 2020: 7, Two Or More, 2020, 2020, 47163, 8892, "Providence County, RI", 05000US44007, providence-county-ri
Row containing 2020: 7, Two Or More, 2020, 2020, 96898, 42213, "Washington County, RI", 05000US44009, washington-county-ri
Row containing 2020: 7, Two Or More, 2020, 2020, 96898, 42213, "Washington County, RI", 05000US44009, washington-county-ri
Row containing 2020: 8, White Non-Hispanic, 2020, 2020, 86463, 7051, "Bristol County, RI", 05000US44001, bristol-county-ri
Row containing 2020: 8, White Non-Hispanic, 2020, 2020, 86463, 7051, "Bristol County, RI", 05000US44001, bristol-county-ri
Row containing 2020: 8, White Non-Hispanic, 2020, 2020, 75265, 2318, "Kent County, RI", 05000US44003, kent-county-ri
Row containing 2020: 8, White Non-Hispanic, 2020, 2020, 75265, 2318, "Kent County, RI", 05000US44003, kent-county-ri
Row containing 2020: 8, White Non-Hispanic, 2020, 2020, 87713, 3638, "Newport County, RI", 05000US44005, newport-county-ri
Row containing 2020: 8, White Non-Hispanic, 2020, 2020, 87713, 3638, "Newport County, RI", 05000US44005, newport-county-ri
Row containing 2020: 8, White Non-Hispanic, 2020, 2020, 71428, 1376, "Providence County, RI", 05000US44007, providence-county-ri
Row containing 2020: 8, White Non-Hispanic, 2020, 2020, 71428, 1376, "Providence County, RI", 05000US44007, providence-county-ri
Row containing 2020: 8, White Non-Hispanic, 2020, 2020, 87516, 3859.0000000000000, "Washington County, RI", 05000US44009, washington-county-ri
Row containing 2020: 8, White Non-Hispanic, 2020, 2020, 87516, 3859.0000000000000, "Washington County, RI", 05000US44009, washington-county-ri
Row containing 2020: 9, Hispanic, 2020, 2020, 64167, 25729, "Bristol County, RI", 05000US44001, bristol-county-ri
Row containing 2020: 9, Hispanic, 2020, 2020, 64167, 25729, "Bristol County, RI", 05000US44001, bristol-county-ri
Row containing 2020: 9, Hispanic, 2020, 2020, 76602, 14152, "Kent County, RI", 05000US44003, kent-county-ri
Row containing 2020: 9, Hispanic, 2020, 2020, 76602, 14152, "Kent County, RI", 05000US44003, kent-county-ri
Row containing 2020: 9, Hispanic, 2020, 2020, 56652, 33449, "Newport County, RI", 05000US44005, newport-county-ri
Row containing 2020: 9, Hispanic, 2020, 2020, 56652, 33449, "Newport County, RI", 05000US44005, newport-county-ri
Row containing 2020: 9, Hispanic, 2020, 2020, 41592, 1749, "Providence County, RI", 05000US44007, providence-county-ri
Row containing 2020: 9, Hispanic, 2020, 2020, 41592, 1749, "Providence County, RI", 05000US44007, providence-county-ri
Row containing 2020: 9, Hispanic, 2020, 2020, 104929, 30259, "Washington County, RI", 05000US44009, washington-county-ri
Row containing 2020: 9, Hispanic, 2020, 2020, 104929, 30259, "Washington County, RI", 05000US44009, washington-county-ri
Row containing 2020: 0, Total, 2020, 2020, 85413, 6122, "Bristol County, RI", 05000US44001, bristol-county-ri
Row containing 2020: 0, Total, 2020, 2020, 85413, 6122, "Bristol County, RI", 05000US44001, bristol-county-ri
Row containing 2020: 0, Total, 2020, 2020, 75857, 2022, "Kent County, RI", 05000US44003, kent-county-ri
Row containing 2020: 0, Total, 2020, 2020, 75857, 2022, "Kent County, RI", 05000US44003, kent-county-ri
Row containing 2020: 0, Total, 2020, 2020, 84282, 2629, "Newport County, RI", 05000US44005, newport-county-ri
Row containing 2020: 0, Total, 2020, 2020, 84282, 2629, "Newport County, RI", 05000US44005, newport-county-ri
Row containing 2020: 0, Total, 2020, 2020, 62323, 1270, "Providence County, RI", 05000US44007, providence-county-ri
Row containing 2020: 0, Total, 2020, 2020, 62323, 1270, "Providence County, RI", 05000US44007, providence-county-ri
Row containing 2020: 0, Total, 2020, 2020, 86970, 3651, "Washington County, RI", 05000US44009, washington-county-ri
Row containing 2020: 0, Total, 2020, 2020, 86970, 3651, "Washington County, RI", 05000US44009, washington-county-ri
Row containing 2020: 1, White, 2020, 2020, 85359, 6432, "Bristol County, RI", 05000US44001, bristol-county-ri
Row containing 2020: 1, White, 2020, 2020, 85359, 6432, "Bristol County, RI", 05000US44001, bristol-county-ri
Row containing 2020: 1, White, 2020, 2020, 75408, 2311, "Kent County, RI", 05000US44003, kent-county-ri
Row containing 2020: 1, White, 2020, 2020, 75408, 2311, "Kent County, RI", 05000US44003, kent-county-ri
Row containing 2020: 1, White, 2020, 2020, 87407, 3706, "Newport County, RI", 05000US44005, newport-county-ri
Row containing 2020: 1, White, 2020, 2020, 87407, 3706, "Newport County, RI", 05000US44005, newport-county-ri
Row containing 2020: 1, White, 2020, 2020, 67639, 1255, "Providence County, RI", 05000US44007, providence-county-ri
Row containing 2020: 1, White, 2020, 2020, 67639, 1255, "Providence County, RI", 05000US44007, providence-county-ri
Row containing 2020: 1, White, 2020, 2020, 88147, 3942, "Washington County, RI", 05000US44009, washington-county-ri
Row containing 2020: 1, White, 2020, 2020, 88147, 3942, "Washington County, RI", 05000US44009, washington-county-ri
Row containing 2020: 2, Black, 2020, 2020, 72443, 54768, "Bristol County, RI", 05000US44001, bristol-county-ri
Row containing 2020: 2, Black, 2020, 2020, 72443, 54768, "Bristol County, RI", 05000US44001, bristol-county-ri
Row containing 2020: 2, Black, 2020, 2020, 100375, 20176, "Kent County, RI", 05000US44003, kent-county-ri
Row containing 2020: 2, Black, 2020, 2020, 100375, 20176, "Kent County, RI", 05000US44003, kent-county-ri
Row containing 2020: 2, Black, 2020, 2020, 46622, 14559, "Newport County, RI", 05000US44005, newport-county-ri
Row containing 2020: 2, Black, 2020, 2020, 46622, 14559, "Newport County, RI", 05000US44005, newport-county-ri
Row containing 2020: 2, Black, 2020, 2020, 46084, 3384.0000000000000, "Providence County, RI", 05000US44007, providence-county-ri
Row containing 2020: 2, Black, 2020, 2020, 46084, 3384.0000000000000, "Providence County, RI", 05000US44007, providence-county-ri
Row containing 2020: 2, Black, 2020, 2020, 45849, 6614, "Washington County, RI", 05000US44009, washington-county-ri
Row containing 2020: 2, Black, 2020, 2020, 45849, 6614, "Washington County, RI", 05000US44009, washington-county-ri
Row containing 2020: 3, Native American, 2020, 2020, 36106, 16192, "Providence County, RI", 05000US44007, providence-county-ri
Row containing 2020: 3, Native American, 2020, 2020, 36106, 16192, "Providence County, RI", 05000US44007, providence-county-ri
Row containing 2020: 4, Asian, 2020, 2020, 69612, 53700, "Bristol County, RI", 05000US44001, bristol-county-ri
Row containing 2020: 4, Asian, 2020, 2020, 69612, 53700, "Bristol County, RI", 05000US44001, bristol-county-ri
Row containing 2020: 4, Asian, 2020, 2020, 97578, 18617, "Kent County, RI", 05000US44003, kent-county-ri
Row containing 2020: 4, Asian, 2020, 2020, 97578, 18617, "Kent County, RI", 05000US44003, kent-county-ri
Row containing 2020: 4, Asian, 2020, 2020, 110350, 12239, "Newport County, RI", 05000US44005, newport-county-ri
Row containing 2020: 4, Asian, 2020, 2020, 110350, 12239, "Newport County, RI", 05000US44005, newport-county-ri
Row containing 2020: 4, Asian, 2020, 2020, 81438, 5762, "Providence County, RI", 05000US44007, providence-county-ri
Row containing 2020: 4, Asian, 2020, 2020, 81438, 5762, "Providence County, RI", 05000US44007, providence-county-ri
Row containing 2020: 4, Asian, 2020, 2020, 69653, 31807.000000000000, "Washington County, RI", 05000US44009, washington-county-ri
Row containing 2020: 4, Asian, 2020, 2020, 69653, 31807.000000000000, "Washington County, RI", 05000US44009, washington-county-ri
Row containing 2020: 5, Pacific Islander, 2020, 2020, 43990, 4351, "Providence County, RI", 05000US44007, providence-county-ri
Row containing 2020: 5, Pacific Islander, 2020, 2020, 43990, 4351, "Providence County, RI", 05000US44007, providence-county-ri
Row containing 2020: 6, Other, 2020, 2020, 60446, 13988, "Kent County, RI", 05000US44003, kent-county-ri
Row containing 2020: 6, Other, 2020, 2020, 60446, 13988, "Kent County, RI", 05000US44003, kent-county-ri
Row containing 2020: 6, Other, 2020, 2020, 29375, 2225, "Newport County, RI", 05000US44005, newport-county-ri
Row containing 2020: 6, Other, 2020, 2020, 29375, 2225, "Newport County, RI", 05000US44005, newport-county-ri
Row containing 2020: 6, Other, 2020, 2020, 40706, 4024, "Providence County, RI", 05000US44007, providence-county-ri
Row containing 2020: 6, Other, 2020, 2020, 40706, 4024, "Providence County, RI", 05000US44007, providence-county-ri
Row containing 2020: 7, Two Or More, 2020, 2020, 100250, 22504, "Bristol County, RI", 05000US44001, bristol-county-ri
Row containing 2020: 7, Two Or More, 2020, 2020, 100250, 22504, "Bristol County, RI", 05000US44001, bristol-county-ri
Row containing 2020: 7, Two Or More, 2020, 2020, 75938, 26788, "Kent County, RI", 05000US44003, kent-county-ri
Row containing 2020: 7, Two Or More, 2020, 2020, 75938, 26788, "Kent County, RI", 05000US44003, kent-county-ri
Row containing 2020: 7, Two Or More, 2020, 2020, 83574, 5944, "Newport County, RI", 05000US44005, newport-county-ri
Row containing 2020: 7, Two Or More, 2020, 2020, 83574, 5944, "Newport County, RI", 05000US44005, newport-county-ri
Row containing 2020: 7, Two Or More, 2020, 2020, 47163, 8892, "Providence County, RI", 05000US44007, providence-county-ri
Row containing 2020: 7, Two Or More, 2020, 2020, 47163, 8892, "Providence County, RI", 05000US44007, providence-county-ri
Row containing 2020: 7, Two Or More, 2020, 2020, 96898, 42213, "Washington County, RI", 05000US44009, washington-county-ri
Row containing 2020: 7, Two Or More, 2020, 2020, 96898, 42213, "Washington County, RI", 05000US44009, washington-county-ri
Row containing 2020: 8, White Non-Hispanic, 2020, 2020, 86463, 7051, "Bristol County, RI", 05000US44001, bristol-county-ri
Row containing 2020: 8, White Non-Hispanic, 2020, 2020, 86463, 7051, "Bristol County, RI", 05000US44001, bristol-county-ri
Row containing 2020: 8, White Non-Hispanic, 2020, 2020, 75265, 2318, "Kent County, RI", 05000US44003, kent-county-ri
Row containing 2020: 8, White Non-Hispanic, 2020, 2020, 75265, 2318, "Kent County, RI", 05000US44003, kent-county-ri
Row containing 2020: 8, White Non-Hispanic, 2020, 2020, 87713, 3638, "Newport County, RI", 05000US44005, newport-county-ri
Row containing 2020: 8, White Non-Hispanic, 2020, 2020, 87713, 3638, "Newport County, RI", 05000US44005, newport-county-ri
Row containing 2020: 8, White Non-Hispanic, 2020, 2020, 71428, 1376, "Providence County, RI", 05000US44007, providence-county-ri
Row containing 2020: 8, White Non-Hispanic, 2020, 2020, 71428, 1376, "Providence County, RI", 05000US44007, providence-county-ri
Row containing 2020: 8, White Non-Hispanic, 2020, 2020, 87516, 3859.0000000000000, "Washington County, RI", 05000US44009, washington-county-ri
Row containing 2020: 8, White Non-Hispanic, 2020, 2020, 87516, 3859.0000000000000, "Washington County, RI", 05000US44009, washington-county-ri
Row containing 2020: 9, Hispanic, 2020, 2020, 64167, 25729, "Bristol County, RI", 05000US44001, bristol-county-ri
Row containing 2020: 9, Hispanic, 2020, 2020, 64167, 25729, "Bristol County, RI", 05000US44001, bristol-county-ri
Row containing 2020: 9, Hispanic, 2020, 2020, 76602, 14152, "Kent County, RI", 05000US44003, kent-county-ri
Row containing 2020: 9, Hispanic, 2020, 2020, 76602, 14152, "Kent County, RI", 05000US44003, kent-county-ri
Row containing 2020: 9, Hispanic, 2020, 2020, 56652, 33449, "Newport County, RI", 05000US44005, newport-county-ri
Row containing 2020: 9, Hispanic, 2020, 2020, 56652, 33449, "Newport County, RI", 05000US44005, newport-county-ri
Row containing 2020: 9, Hispanic, 2020, 2020, 41592, 1749, "Providence County, RI", 05000US44007, providence-county-ri
Row containing 2020: 9, Hispanic, 2020, 2020, 41592, 1749, "Providence County, RI", 05000US44007, providence-county-ri
Row containing 2020: 9, Hispanic, 2020, 2020, 104929, 30259, "Washington County, RI", 05000US44009, washington-county-ri
Row containing 2020: 9, Hispanic, 2020, 2020, 104929, 30259, "Washington County, RI", 05000US44009, washington-county-ri
Row containing 2020: 0, Total, 2020, 2020, 85413, 6122, "Bristol County, RI", 05000US44001, bristol-county-ri
Row containing 2020: 0, Total, 2020, 2020, 85413, 6122, "Bristol County, RI", 05000US44001, bristol-county-ri
Row containing 2020: 0, Total, 2020, 2020, 75857, 2022, "Kent County, RI", 05000US44003, kent-county-ri
Row containing 2020: 0, Total, 2020, 2020, 75857, 2022, "Kent County, RI", 05000US44003, kent-county-ri
Row containing 2020: 0, Total, 2020, 2020, 84282, 2629, "Newport County, RI", 05000US44005, newport-county-ri
Row containing 2020: 0, Total, 2020, 2020, 84282, 2629, "Newport County, RI", 05000US44005, newport-county-ri
Row containing 2020: 0, Total, 2020, 2020, 62323, 1270, "Providence County, RI", 05000US44007, providence-county-ri
Row containing 2020: 0, Total, 2020, 2020, 62323, 1270, "Providence County, RI", 05000US44007, providence-county-ri
Row containing 2020: 0, Total, 2020, 2020, 86970, 3651, "Washington County, RI", 05000US44009, washington-county-ri
Row containing 2020: 0, Total, 2020, 2020, 86970, 3651, "Washington County, RI", 05000US44009, washington-county-ri
Row containing 2020: 1, White, 2020, 2020, 85359, 6432, "Bristol County, RI", 05000US44001, bristol-county-ri
Row containing 2020: 1, White, 2020, 2020, 85359, 6432, "Bristol County, RI", 05000US44001, bristol-county-ri
Row containing 2020: 1, White, 2020, 2020, 75408, 2311, "Kent County, RI", 05000US44003, kent-county-ri
Row containing 2020: 1, White, 2020, 2020, 75408, 2311, "Kent County, RI", 05000US44003, kent-county-ri
Row containing 2020: 1, White, 2020, 2020, 87407, 3706, "Newport County, RI", 05000US44005, newport-county-ri
Row containing 2020: 1, White, 2020, 2020, 87407, 3706, "Newport County, RI", 05000US44005, newport-county-ri
Row containing 2020: 1, White, 2020, 2020, 67639, 1255, "Providence County, RI", 05000US44007, providence-county-ri
Row containing 2020: 1, White, 2020, 2020, 67639, 1255, "Providence County, RI", 05000US44007, providence-county-ri
Row containing 2020: 1, White, 2020, 2020, 88147, 3942, "Washington County, RI", 05000US44009, washington-county-ri
Row containing 2020: 1, White, 2020, 2020, 88147, 3942, "Washington County, RI", 05000US44009, washington-county-ri
Row containing 2020: 2, Black, 2020, 2020, 72443, 54768, "Bristol County, RI", 05000US44001, bristol-county-ri
Row containing 2020: 2, Black, 2020, 2020, 72443, 54768, "Bristol County, RI", 05000US44001, bristol-county-ri
Row containing 2020: 2, Black, 2020, 2020, 100375, 20176, "Kent County, RI", 05000US44003, kent-county-ri
Row containing 2020: 2, Black, 2020, 2020, 100375, 20176, "Kent County, RI", 05000US44003, kent-county-ri
Row containing 2020: 2, Black, 2020, 2020, 46622, 14559, "Newport County, RI", 05000US44005, newport-county-ri
Row containing 2020: 2, Black, 2020, 2020, 46622, 14559, "Newport County, RI", 05000US44005, newport-county-ri
Row containing 2020: 2, Black, 2020, 2020, 46084, 3384.0000000000000, "Providence County, RI", 05000US44007, providence-county-ri
Row containing 2020: 2, Black, 2020, 2020, 46084, 3384.0000000000000, "Providence County, RI", 05000US44007, providence-county-ri
Row containing 2020: 2, Black, 2020, 2020, 45849, 6614, "Washington County, RI", 05000US44009, washington-county-ri
Row containing 2020: 2, Black, 2020, 2020, 45849, 6614, "Washington County, RI", 05000US44009, washington-county-ri
Row containing 2020: 3, Native American, 2020, 2020, 36106, 16192, "Providence County, RI", 05000US44007, providence-county-ri
Row containing 2020: 3, Native American, 2020, 2020, 36106, 16192, "Providence County, RI", 05000US44007, providence-county-ri
Row containing 2020: 4, Asian, 2020, 2020, 69612, 53700, "Bristol County, RI", 05000US44001, bristol-county-ri
Row containing 2020: 4, Asian, 2020, 2020, 69612, 53700, "Bristol County, RI", 05000US44001, bristol-county-ri
Row containing 2020: 4, Asian, 2020, 2020, 97578, 18617, "Kent County, RI", 05000US44003, kent-county-ri
Row containing 2020: 4, Asian, 2020, 2020, 97578, 18617, "Kent County, RI", 05000US44003, kent-county-ri
Row containing 2020: 4, Asian, 2020, 2020, 110350, 12239, "Newport County, RI", 05000US44005, newport-county-ri
Row containing 2020: 4, Asian, 2020, 2020, 110350, 12239, "Newport County, RI", 05000US44005, newport-county-ri
Row containing 2020: 4, Asian, 2020, 2020, 81438, 5762, "Providence County, RI", 05000US44007, providence-county-ri
Row containing 2020: 4, Asian, 2020, 2020, 81438, 5762, "Providence County, RI", 05000US44007, providence-county-ri
Row containing 2020: 4, Asian, 2020, 2020, 69653, 31807.000000000000, "Washington County, RI", 05000US44009, washington-county-ri
Row containing 2020: 4, Asian, 2020, 2020, 69653, 31807.000000000000, "Washington County, RI", 05000US44009, washington-county-ri
Row containing 2020: 5, Pacific Islander, 2020, 2020, 43990, 4351, "Providence County, RI", 05000US44007, providence-county-ri
Row containing 2020: 5, Pacific Islander, 2020, 2020, 43990, 4351, "Providence County, RI", 05000US44007, providence-county-ri
Row containing 2020: 6, Other, 2020, 2020, 60446, 13988, "Kent County, RI", 05000US44003, kent-county-ri
Row containing 2020: 6, Other, 2020, 2020, 60446, 13988, "Kent County, RI", 05000US44003, kent-county-ri
Row containing 2020: 6, Other, 2020, 2020, 29375, 2225, "Newport County, RI", 05000US44005, newport-county-ri
Row containing 2020: 6, Other, 2020, 2020, 29375, 2225, "Newport County, RI", 05000US44005, newport-county-ri
Row containing 2020: 6, Other, 2020, 2020, 40706, 4024, "Providence County, RI", 05000US44007, providence-county-ri
Row containing 2020: 6, Other, 2020, 2020, 40706, 4024, "Providence County, RI", 05000US44007, providence-county-ri
Row containing 2020: 7, Two Or More, 2020, 2020, 100250, 22504, "Bristol County, RI", 05000US44001, bristol-county-ri
Row containing 2020: 7, Two Or More, 2020, 2020, 100250, 22504, "Bristol County, RI", 05000US44001, bristol-county-ri
Row containing 2020: 7, Two Or More, 2020, 2020, 75938, 26788, "Kent County, RI", 05000US44003, kent-county-ri
Row containing 2020: 7, Two Or More, 2020, 2020, 75938, 26788, "Kent County, RI", 05000US44003, kent-county-ri
Row containing 2020: 7, Two Or More, 2020, 2020, 83574, 5944, "Newport County, RI", 05000US44005, newport-county-ri
Row containing 2020: 7, Two Or More, 2020, 2020, 83574, 5944, "Newport County, RI", 05000US44005, newport-county-ri
Row containing 2020: 7, Two Or More, 2020, 2020, 47163, 8892, "Providence County, RI", 05000US44007, providence-county-ri
Row containing 2020: 7, Two Or More, 2020, 2020, 47163, 8892, "Providence County, RI", 05000US44007, providence-county-ri
Row containing 2020: 7, Two Or More, 2020, 2020, 96898, 42213, "Washington County, RI", 05000US44009, washington-county-ri
Row containing 2020: 7, Two Or More, 2020, 2020, 96898, 42213, "Washington County, RI", 05000US44009, washington-county-ri
Row containing 2020: 8, White Non-Hispanic, 2020, 2020, 86463, 7051, "Bristol County, RI", 05000US44001, bristol-county-ri
Row containing 2020: 8, White Non-Hispanic, 2020, 2020, 86463, 7051, "Bristol County, RI", 05000US44001, bristol-county-ri
Row containing 2020: 8, White Non-Hispanic, 2020, 2020, 75265, 2318, "Kent County, RI", 05000US44003, kent-county-ri
Row containing 2020: 8, White Non-Hispanic, 2020, 2020, 75265, 2318, "Kent County, RI", 05000US44003, kent-county-ri
Row containing 2020: 8, White Non-Hispanic, 2020, 2020, 87713, 3638, "Newport County, RI", 05000US44005, newport-county-ri
Row containing 2020: 8, White Non-Hispanic, 2020, 2020, 87713, 3638, "Newport County, RI", 05000US44005, newport-county-ri
Row containing 2020: 8, White Non-Hispanic, 2020, 2020, 71428, 1376, "Providence County, RI", 05000US44007, providence-county-ri
Row containing 2020: 8, White Non-Hispanic, 2020, 2020, 71428, 1376, "Providence County, RI", 05000US44007, providence-county-ri
Row containing 2020: 8, White Non-Hispanic, 2020, 2020, 87516, 3859.0000000000000, "Washington County, RI", 05000US44009, washington-county-ri
Row containing 2020: 8, White Non-Hispanic, 2020, 2020, 87516, 3859.0000000000000, "Washington County, RI", 05000US44009, washington-county-ri
Row containing 2020: 9, Hispanic, 2020, 2020, 64167, 25729, "Bristol County, RI", 05000US44001, bristol-county-ri
Row containing 2020: 9, Hispanic, 2020, 2020, 64167, 25729, "Bristol County, RI", 05000US44001, bristol-county-ri
Row containing 2020: 9, Hispanic, 2020, 2020, 76602, 14152, "Kent County, RI", 05000US44003, kent-county-ri
Row containing 2020: 9, Hispanic, 2020, 2020, 76602, 14152, "Kent County, RI", 05000US44003, kent-county-ri
Row containing 2020: 9, Hispanic, 2020, 2020, 56652, 33449, "Newport County, RI", 05000US44005, newport-county-ri
Row containing 2020: 9, Hispanic, 2020, 2020, 56652, 33449, "Newport County, RI", 05000US44005, newport-county-ri
Row containing 2020: 9, Hispanic, 2020, 2020, 41592, 1749, "Providence County, RI", 05000US44007, providence-county-ri
Row containing 2020: 9, Hispanic, 2020, 2020, 41592, 1749, "Providence County, RI", 05000US44007, providence-county-ri
Row containing 2020: 9, Hispanic, 2020, 2020, 104929, 30259, "Washington County, RI", 05000US44009, washington-county-ri
Row containing 2020: 9, Hispanic, 2020, 2020, 104929, 30259, "Washington County, RI", 05000US44009, washington-county-ri
Row containing 2020: 0, Total, 2020, 2020, 85413, 6122, "Bristol County, RI", 05000US44001, bristol-county-ri
Row containing 2020: 0, Total, 2020, 2020, 85413, 6122, "Bristol County, RI", 05000US44001, bristol-county-ri
Row containing 2020: 0, Total, 2020, 2020, 75857, 2022, "Kent County, RI", 05000US44003, kent-county-ri
Row containing 2020: 0, Total, 2020, 2020, 75857, 2022, "Kent County, RI", 05000US44003, kent-county-ri
Row containing 2020: 0, Total, 2020, 2020, 84282, 2629, "Newport County, RI", 05000US44005, newport-county-ri
Row containing 2020: 0, Total, 2020, 2020, 84282, 2629, "Newport County, RI", 05000US44005, newport-county-ri
Row containing 2020: 0, Total, 2020, 2020, 62323, 1270, "Providence County, RI", 05000US44007, providence-county-ri
Row containing 2020: 0, Total, 2020, 2020, 62323, 1270, "Providence County, RI", 05000US44007, providence-county-ri
Row containing 2020: 0, Total, 2020, 2020, 86970, 3651, "Washington County, RI", 05000US44009, washington-county-ri
Row containing 2020: 0, Total, 2020, 2020, 86970, 3651, "Washington County, RI", 05000US44009, washington-county-ri
Row containing 2020: 1, White, 2020, 2020, 85359, 6432, "Bristol County, RI", 05000US44001, bristol-county-ri
Row containing 2020: 1, White, 2020, 2020, 85359, 6432, "Bristol County, RI", 05000US44001, bristol-county-ri
Row containing 2020: 1, White, 2020, 2020, 75408, 2311, "Kent County, RI", 05000US44003, kent-county-ri
Row containing 2020: 1, White, 2020, 2020, 75408, 2311, "Kent County, RI", 05000US44003, kent-county-ri
Row containing 2020: 1, White, 2020, 2020, 87407, 3706, "Newport County, RI", 05000US44005, newport-county-ri
Row containing 2020: 1, White, 2020, 2020, 87407, 3706, "Newport County, RI", 05000US44005, newport-county-ri
Row containing 2020: 1, White, 2020, 2020, 67639, 1255, "Providence County, RI", 05000US44007, providence-county-ri
Row containing 2020: 1, White, 2020, 2020, 67639, 1255, "Providence County, RI", 05000US44007, providence-county-ri
Row containing 2020: 1, White, 2020, 2020, 88147, 3942, "Washington County, RI", 05000US44009, washington-county-ri
Row containing 2020: 1, White, 2020, 2020, 88147, 3942, "Washington County, RI", 05000US44009, washington-county-ri
Row containing 2020: 2, Black, 2020, 2020, 72443, 54768, "Bristol County, RI", 05000US44001, bristol-county-ri
Row containing 2020: 2, Black, 2020, 2020, 72443, 54768, "Bristol County, RI", 05000US44001, bristol-county-ri
Row containing 2020: 2, Black, 2020, 2020, 100375, 20176, "Kent County, RI", 05000US44003, kent-county-ri
Row containing 2020: 2, Black, 2020, 2020, 100375, 20176, "Kent County, RI", 05000US44003, kent-county-ri
Row containing 2020: 2, Black, 2020, 2020, 46622, 14559, "Newport County, RI", 05000US44005, newport-county-ri
Row containing 2020: 2, Black, 2020, 2020, 46622, 14559, "Newport County, RI", 05000US44005, newport-county-ri
Row containing 2020: 2, Black, 2020, 2020, 46084, 3384.0000000000000, "Providence County, RI", 05000US44007, providence-county-ri
Row containing 2020: 2, Black, 2020, 2020, 46084, 3384.0000000000000, "Providence County, RI", 05000US44007, providence-county-ri
Row containing 2020: 2, Black, 2020, 2020, 45849, 6614, "Washington County, RI", 05000US44009, washington-county-ri
Row containing 2020: 2, Black, 2020, 2020, 45849, 6614, "Washington County, RI", 05000US44009, washington-county-ri
Row containing 2020: 3, Native American, 2020, 2020, 36106, 16192, "Providence County, RI", 05000US44007, providence-county-ri
Row containing 2020: 3, Native American, 2020, 2020, 36106, 16192, "Providence County, RI", 05000US44007, providence-county-ri
Row containing 2020: 4, Asian, 2020, 2020, 69612, 53700, "Bristol County, RI", 05000US44001, bristol-county-ri
Row containing 2020: 4, Asian, 2020, 2020, 69612, 53700, "Bristol County, RI", 05000US44001, bristol-county-ri
Row containing 2020: 4, Asian, 2020, 2020, 97578, 18617, "Kent County, RI", 05000US44003, kent-county-ri
Row containing 2020: 4, Asian, 2020, 2020, 97578, 18617, "Kent County, RI", 05000US44003, kent-county-ri
Row containing 2020: 4, Asian, 2020, 2020, 110350, 12239, "Newport County, RI", 05000US44005, newport-county-ri
Row containing 2020: 4, Asian, 2020, 2020, 110350, 12239, "Newport County, RI", 05000US44005, newport-county-ri
Row containing 2020: 4, Asian, 2020, 2020, 81438, 5762, "Providence County, RI", 05000US44007, providence-county-ri
Row containing 2020: 4, Asian, 2020, 2020, 81438, 5762, "Providence County, RI", 05000US44007, providence-county-ri
Row containing 2020: 4, Asian, 2020, 2020, 69653, 31807.000000000000, "Washington County, RI", 05000US44009, washington-county-ri
Row containing 2020: 4, Asian, 2020, 2020, 69653, 31807.000000000000, "Washington County, RI", 05000US44009, washington-county-ri
Row containing 2020: 5, Pacific Islander, 2020, 2020, 43990, 4351, "Providence County, RI", 05000US44007, providence-county-ri
Row containing 2020: 5, Pacific Islander, 2020, 2020, 43990, 4351, "Providence County, RI", 05000US44007, providence-county-ri
Row containing 2020: 6, Other, 2020, 2020, 60446, 13988, "Kent County, RI", 05000US44003, kent-county-ri
Row containing 2020: 6, Other, 2020, 2020, 60446, 13988, "Kent County, RI", 05000US44003, kent-county-ri
Row containing 2020: 6, Other, 2020, 2020, 29375, 2225, "Newport County, RI", 05000US44005, newport-county-ri
Row containing 2020: 6, Other, 2020, 2020, 29375, 2225, "Newport County, RI", 05000US44005, newport-county-ri
Row containing 2020: 6, Other, 2020, 2020, 40706, 4024, "Providence County, RI", 05000US44007, providence-county-ri
Row containing 2020: 6, Other, 2020, 2020, 40706, 4024, "Providence County, RI", 05000US44007, providence-county-ri
Row containing 2020: 7, Two Or More, 2020, 2020, 100250, 22504, "Bristol County, RI", 05000US44001, bristol-county-ri
Row containing 2020: 7, Two Or More, 2020, 2020, 100250, 22504, "Bristol County, RI", 05000US44001, bristol-county-ri
Row containing 2020: 7, Two Or More, 2020, 2020, 75938, 26788, "Kent County, RI", 05000US44003, kent-county-ri
Row containing 2020: 7, Two Or More, 2020, 2020, 75938, 26788, "Kent County, RI", 05000US44003, kent-county-ri
Row containing 2020: 7, Two Or More, 2020, 2020, 83574, 5944, "Newport County, RI", 05000US44005, newport-county-ri
Row containing 2020: 7, Two Or More, 2020, 2020, 83574, 5944, "Newport County, RI", 05000US44005, newport-county-ri
Row containing 2020: 7, Two Or More, 2020, 2020, 47163, 8892, "Providence County, RI", 05000US44007, providence-county-ri
Row containing 2020: 7, Two Or More, 2020, 2020, 47163, 8892, "Providence County, RI", 05000US44007, providence-county-ri
Row containing 2020: 7, Two Or More, 2020, 2020, 96898, 42213, "Washington County, RI", 05000US44009, washington-county-ri
Row containing 2020: 7, Two Or More, 2020, 2020, 96898, 42213, "Washington County, RI", 05000US44009, washington-county-ri
Row containing 2020: 8, White Non-Hispanic, 2020, 2020, 86463, 7051, "Bristol County, RI", 05000US44001, bristol-county-ri
Row containing 2020: 8, White Non-Hispanic, 2020, 2020, 86463, 7051, "Bristol County, RI", 05000US44001, bristol-county-ri
Row containing 2020: 8, White Non-Hispanic, 2020, 2020, 75265, 2318, "Kent County, RI", 05000US44003, kent-county-ri
Row containing 2020: 8, White Non-Hispanic, 2020, 2020, 75265, 2318, "Kent County, RI", 05000US44003, kent-county-ri
Row containing 2020: 8, White Non-Hispanic, 2020, 2020, 87713, 3638, "Newport County, RI", 05000US44005, newport-county-ri
Row containing 2020: 8, White Non-Hispanic, 2020, 2020, 87713, 3638, "Newport County, RI", 05000US44005, newport-county-ri
Row containing 2020: 8, White Non-Hispanic, 2020, 2020, 71428, 1376, "Providence County, RI", 05000US44007, providence-county-ri
Row containing 2020: 8, White Non-Hispanic, 2020, 2020, 71428, 1376, "Providence County, RI", 05000US44007, providence-county-ri
Row containing 2020: 8, White Non-Hispanic, 2020, 2020, 87516, 3859.0000000000000, "Washington County, RI", 05000US44009, washington-county-ri
Row containing 2020: 8, White Non-Hispanic, 2020, 2020, 87516, 3859.0000000000000, "Washington County, RI", 05000US44009, washington-county-ri
Row containing 2020: 9, Hispanic, 2020, 2020, 64167, 25729, "Bristol County, RI", 05000US44001, bristol-county-ri
Row containing 2020: 9, Hispanic, 2020, 2020, 64167, 25729, "Bristol County, RI", 05000US44001, bristol-county-ri
Row containing 2020: 9, Hispanic, 2020, 2020, 76602, 14152, "Kent County, RI", 05000US44003, kent-county-ri
Row containing 2020: 9, Hispanic, 2020, 2020, 76602, 14152, "Kent County, RI", 05000US44003, kent-county-ri
Row containing 2020: 9, Hispanic, 2020, 2020, 56652, 33449, "Newport County, RI", 05000US44005, newport-county-ri
Row containing 2020: 9, Hispanic, 2020, 2020, 56652, 33449, "Newport County, RI", 05000US44005, newport-county-ri
Row containing 2020: 9, Hispanic, 2020, 2020, 41592, 1749, "Providence County, RI", 05000US44007, providence-county-ri
Row containing 2020: 9, Hispanic, 2020, 2020, 41592, 1749, "Providence County, RI", 05000US44007, providence-county-ri
Row containing 2020: 9, Hispanic, 2020, 2020, 104929, 30259, "Washington County, RI", 05000US44009, washington-county-ri
Row containing 2020: 9, Hispanic, 2020, 2020, 104929, 30259, "Washington County, RI", 05000US44009, washington-county-ri
Row containing 2020: 0, Total, 2020, 2020, 85413, 6122, "Bristol County, RI", 05000US44001, bristol-county-ri
Row containing 2020: 0, Total, 2020, 2020, 85413, 6122, "Bristol County, RI", 05000US44001, bristol-county-ri
Row containing 2020: 0, Total, 2020, 2020, 75857, 2022, "Kent County, RI", 05000US44003, kent-county-ri
Row containing 2020: 0, Total, 2020, 2020, 75857, 2022, "Kent County, RI", 05000US44003, kent-county-ri
Row containing 2020: 0, Total, 2020, 2020, 84282, 2629, "Newport County, RI", 05000US44005, newport-county-ri
Row containing 2020: 0, Total, 2020, 2020, 84282, 2629, "Newport County, RI", 05000US44005, newport-county-ri
Row containing 2020: 0, Total, 2020, 2020, 62323, 1270, "Providence County, RI", 05000US44007, providence-county-ri
Row containing 2020: 0, Total, 2020, 2020, 62323, 1270, "Providence County, RI", 05000US44007, providence-county-ri
Row containing 2020: 0, Total, 2020, 2020, 86970, 3651, "Washington County, RI", 05000US44009, washington-county-ri
Row containing 2020: 0, Total, 2020, 2020, 86970, 3651, "Washington County, RI", 05000US44009, washington-county-ri
Row containing 2020: 1, White, 2020, 2020, 85359, 6432, "Bristol County, RI", 05000US44001, bristol-county-ri
Row containing 2020: 1, White, 2020, 2020, 85359, 6432, "Bristol County, RI", 05000US44001, bristol-county-ri
Row containing 2020: 1, White, 2020, 2020, 75408, 2311, "Kent County, RI", 05000US44003, kent-county-ri
Row containing 2020: 1, White, 2020, 2020, 75408, 2311, "Kent County, RI", 05000US44003, kent-county-ri
Row containing 2020: 1, White, 2020, 2020, 87407, 3706, "Newport County, RI", 05000US44005, newport-county-ri
Row containing 2020: 1, White, 2020, 2020, 87407, 3706, "Newport County, RI", 05000US44005, newport-county-ri
Row containing 2020: 1, White, 2020, 2020, 67639, 1255, "Providence County, RI", 05000US44007, providence-county-ri
Row containing 2020: 1, White, 2020, 2020, 67639, 1255, "Providence County, RI", 05000US44007, providence-county-ri
Row containing 2020: 1, White, 2020, 2020, 88147, 3942, "Washington County, RI", 05000US44009, washington-county-ri
Row containing 2020: 1, White, 2020, 2020, 88147, 3942, "Washington County, RI", 05000US44009, washington-county-ri
Row containing 2020: 2, Black, 2020, 2020, 72443, 54768, "Bristol County, RI", 05000US44001, bristol-county-ri
Row containing 2020: 2, Black, 2020, 2020, 72443, 54768, "Bristol County, RI", 05000US44001, bristol-county-ri
Row containing 2020: 2, Black, 2020, 2020, 100375, 20176, "Kent County, RI", 05000US44003, kent-county-ri
Row containing 2020: 2, Black, 2020, 2020, 100375, 20176, "Kent County, RI", 05000US44003, kent-county-ri
Row containing 2020: 2, Black, 2020, 2020, 46622, 14559, "Newport County, RI", 05000US44005, newport-county-ri
Row containing 2020: 2, Black, 2020, 2020, 46622, 14559, "Newport County, RI", 05000US44005, newport-county-ri
Row containing 2020: 2, Black, 2020, 2020, 46084, 3384.0000000000000, "Providence County, RI", 05000US44007, providence-county-ri
Row containing 2020: 2, Black, 2020, 2020, 46084, 3384.0000000000000, "Providence County, RI", 05000US44007, providence-county-ri
Row containing 2020: 2, Black, 2020, 2020, 45849, 6614, "Washington County, RI", 05000US44009, washington-county-ri
Row containing 2020: 2, Black, 2020, 2020, 45849, 6614, "Washington County, RI", 05000US44009, washington-county-ri
Row containing 2020: 3, Native American, 2020, 2020, 36106, 16192, "Providence County, RI", 05000US44007, providence-county-ri
Row containing 2020: 3, Native American, 2020, 2020, 36106, 16192, "Providence County, RI", 05000US44007, providence-county-ri
Row containing 2020: 4, Asian, 2020, 2020, 69612, 53700, "Bristol County, RI", 05000US44001, bristol-county-ri
Row containing 2020: 4, Asian, 2020, 2020, 69612, 53700, "Bristol County, RI", 05000US44001, bristol-county-ri
Row containing 2020: 4, Asian, 2020, 2020, 97578, 18617, "Kent County, RI", 05000US44003, kent-county-ri
Row containing 2020: 4, Asian, 2020, 2020, 97578, 18617, "Kent County, RI", 05000US44003, kent-county-ri
Row containing 2020: 4, Asian, 2020, 2020, 110350, 12239, "Newport County, RI", 05000US44005, newport-county-ri
Row containing 2020: 4, Asian, 2020, 2020, 110350, 12239, "Newport County, RI", 05000US44005, newport-county-ri
Row containing 2020: 4, Asian, 2020, 2020, 81438, 5762, "Providence County, RI", 05000US44007, providence-county-ri
Row containing 2020: 4, Asian, 2020, 2020, 81438, 5762, "Providence County, RI", 05000US44007, providence-county-ri
Row containing 2020: 4, Asian, 2020, 2020, 69653, 31807.000000000000, "Washington County, RI", 05000US44009, washington-county-ri
Row containing 2020: 4, Asian, 2020, 2020, 69653, 31807.000000000000, "Washington County, RI", 05000US44009, washington-county-ri
Row containing 2020: 5, Pacific Islander, 2020, 2020, 43990, 4351, "Providence County, RI", 05000US44007, providence-county-ri
Row containing 2020: 5, Pacific Islander, 2020, 2020, 43990, 4351, "Providence County, RI", 05000US44007, providence-county-ri
Row containing 2020: 6, Other, 2020, 2020, 60446, 13988, "Kent County, RI", 05000US44003, kent-county-ri
Row containing 2020: 6, Other, 2020, 2020, 60446, 13988, "Kent County, RI", 05000US44003, kent-county-ri
Row containing 2020: 6, Other, 2020, 2020, 29375, 2225, "Newport County, RI", 05000US44005, newport-county-ri
Row containing 2020: 6, Other, 2020, 2020, 29375, 2225, "Newport County, RI", 05000US44005, newport-county-ri
Row containing 2020: 6, Other, 2020, 2020, 40706, 4024, "Providence County, RI", 05000US44007, providence-county-ri
Row containing 2020: 6, Other, 2020, 2020, 40706, 4024, "Providence County, RI", 05000US44007, providence-county-ri
Row containing 2020: 7, Two Or More, 2020, 2020, 100250, 22504, "Bristol County, RI", 05000US44001, bristol-county-ri
Row containing 2020: 7, Two Or More, 2020, 2020, 100250, 22504, "Bristol County, RI", 05000US44001, bristol-county-ri
Row containing 2020: 7, Two Or More, 2020, 2020, 75938, 26788, "Kent County, RI", 05000US44003, kent-county-ri
Row containing 2020: 7, Two Or More, 2020, 2020, 75938, 26788, "Kent County, RI", 05000US44003, kent-county-ri
Row containing 2020: 7, Two Or More, 2020, 2020, 83574, 5944, "Newport County, RI", 05000US44005, newport-county-ri
Row containing 2020: 7, Two Or More, 2020, 2020, 83574, 5944, "Newport County, RI", 05000US44005, newport-county-ri
Row containing 2020: 7, Two Or More, 2020, 2020, 47163, 8892, "Providence County, RI", 05000US44007, providence-county-ri
Row containing 2020: 7, Two Or More, 2020, 2020, 47163, 8892, "Providence County, RI", 05000US44007, providence-county-ri
Row containing 2020: 7, Two Or More, 2020, 2020, 96898, 42213, "Washington County, RI", 05000US44009, washington-county-ri
Row containing 2020: 7, Two Or More, 2020, 2020, 96898, 42213, "Washington County, RI", 05000US44009, washington-county-ri
Row containing 2020: 8, White Non-Hispanic, 2020, 2020, 86463, 7051, "Bristol County, RI", 05000US44001, bristol-county-ri
Row containing 2020: 8, White Non-Hispanic, 2020, 2020, 86463, 7051, "Bristol County, RI", 05000US44001, bristol-county-ri
Row containing 2020: 8, White Non-Hispanic, 2020, 2020, 75265, 2318, "Kent County, RI", 05000US44003, kent-county-ri
Row containing 2020: 8, White Non-Hispanic, 2020, 2020, 75265, 2318, "Kent County, RI", 05000US44003, kent-county-ri
Row containing 2020: 8, White Non-Hispanic, 2020, 2020, 87713, 3638, "Newport County, RI", 05000US44005, newport-county-ri
Row containing 2020: 8, White Non-Hispanic, 2020, 2020, 87713, 3638, "Newport County, RI", 05000US44005, newport-county-ri
Row containing 2020: 8, White Non-Hispanic, 2020, 2020, 71428, 1376, "Providence County, RI", 05000US44007, providence-county-ri
Row containing 2020: 8, White Non-Hispanic, 2020, 2020, 71428, 1376, "Providence County, RI", 05000US44007, providence-county-ri
Row containing 2020: 8, White Non-Hispanic, 2020, 2020, 87516, 3859.0000000000000, "Washington County, RI", 05000US44009, washington-county-ri
Row containing 2020: 8, White Non-Hispanic, 2020, 2020, 87516, 3859.0000000000000, "Washington County, RI", 05000US44009, washington-county-ri
Row containing 2020: 9, Hispanic, 2020, 2020, 64167, 25729, "Bristol County, RI", 05000US44001, bristol-county-ri
Row containing 2020: 9, Hispanic, 2020, 2020, 64167, 25729, "Bristol County, RI", 05000US44001, bristol-county-ri
Row containing 2020: 9, Hispanic, 2020, 2020, 76602, 14152, "Kent County, RI", 05000US44003, kent-county-ri
Row containing 2020: 9, Hispanic, 2020, 2020, 76602, 14152, "Kent County, RI", 05000US44003, kent-county-ri
Row containing 2020: 9, Hispanic, 2020, 2020, 56652, 33449, "Newport County, RI", 05000US44005, newport-county-ri
Row containing 2020: 9, Hispanic, 2020, 2020, 56652, 33449, "Newport County, RI", 05000US44005, newport-county-ri
Row containing 2020: 9, Hispanic, 2020, 2020, 41592, 1749, "Providence County, RI", 05000US44007, providence-county-ri
Row containing 2020: 9, Hispanic, 2020, 2020, 41592, 1749, "Providence County, RI", 05000US44007, providence-county-ri
Row containing 2020: 9, Hispanic, 2020, 2020, 104929, 30259, "Washington County, RI", 05000US44009, washington-county-ri
Row containing 2020: 9, Hispanic, 2020, 2020, 104929, 30259, "Washington County, RI", 05000US44009, washington-county-ri
Row containing 2020: 0, Total, 2020, 2020, 85413, 6122, "Bristol County, RI", 05000US44001, bristol-county-ri
Row containing 2020: 0, Total, 2020, 2020, 85413, 6122, "Bristol County, RI", 05000US44001, bristol-county-ri
Row containing 2020: 0, Total, 2020, 2020, 75857, 2022, "Kent County, RI", 05000US44003, kent-county-ri
Row containing 2020: 0, Total, 2020, 2020, 75857, 2022, "Kent County, RI", 05000US44003, kent-county-ri
Row containing 2020: 0, Total, 2020, 2020, 84282, 2629, "Newport County, RI", 05000US44005, newport-county-ri
Row containing 2020: 0, Total, 2020, 2020, 84282, 2629, "Newport County, RI", 05000US44005, newport-county-ri
Row containing 2020: 0, Total, 2020, 2020, 62323, 1270, "Providence County, RI", 05000US44007, providence-county-ri
Row containing 2020: 0, Total, 2020, 2020, 62323, 1270, "Providence County, RI", 05000US44007, providence-county-ri
Row containing 2020: 0, Total, 2020, 2020, 86970, 3651, "Washington County, RI", 05000US44009, washington-county-ri
Row containing 2020: 0, Total, 2020, 2020, 86970, 3651, "Washington County, RI", 05000US44009, washington-county-ri
Row containing 2020: 1, White, 2020, 2020, 85359, 6432, "Bristol County, RI", 05000US44001, bristol-county-ri
Row containing 2020: 1, White, 2020, 2020, 85359, 6432, "Bristol County, RI", 05000US44001, bristol-county-ri
Row containing 2020: 1, White, 2020, 2020, 75408, 2311, "Kent County, RI", 05000US44003, kent-county-ri
Row containing 2020: 1, White, 2020, 2020, 75408, 2311, "Kent County, RI", 05000US44003, kent-county-ri
Row containing 2020: 1, White, 2020, 2020, 87407, 3706, "Newport County, RI", 05000US44005, newport-county-ri
Row containing 2020: 1, White, 2020, 2020, 87407, 3706, "Newport County, RI", 05000US44005, newport-county-ri
Row containing 2020: 1, White, 2020, 2020, 67639, 1255, "Providence County, RI", 05000US44007, providence-county-ri
Row containing 2020: 1, White, 2020, 2020, 67639, 1255, "Providence County, RI", 05000US44007, providence-county-ri
Row containing 2020: 1, White, 2020, 2020, 88147, 3942, "Washington County, RI", 05000US44009, washington-county-ri
Row containing 2020: 1, White, 2020, 2020, 88147, 3942, "Washington County, RI", 05000US44009, washington-county-ri
Row containing 2020: 2, Black, 2020, 2020, 72443, 54768, "Bristol County, RI", 05000US44001, bristol-county-ri
Row containing 2020: 2, Black, 2020, 2020, 72443, 54768, "Bristol County, RI", 05000US44001, bristol-county-ri
Row containing 2020: 2, Black, 2020, 2020, 100375, 20176, "Kent County, RI", 05000US44003, kent-county-ri
Row containing 2020: 2, Black, 2020, 2020, 100375, 20176, "Kent County, RI", 05000US44003, kent-county-ri
Row containing 2020: 2, Black, 2020, 2020, 46622, 14559, "Newport County, RI", 05000US44005, newport-county-ri
Row containing 2020: 2, Black, 2020, 2020, 46622, 14559, "Newport County, RI", 05000US44005, newport-county-ri
Row containing 2020: 2, Black, 2020, 2020, 46084, 3384.0000000000000, "Providence County, RI", 05000US44007, providence-county-ri
Row containing 2020: 2, Black, 2020, 2020, 46084, 3384.0000000000000, "Providence County, RI", 05000US44007, providence-county-ri
Row containing 2020: 2, Black, 2020, 2020, 45849, 6614, "Washington County, RI", 05000US44009, washington-county-ri
Row containing 2020: 2, Black, 2020, 2020, 45849, 6614, "Washington County, RI", 05000US44009, washington-county-ri
Row containing 2020: 3, Native American, 2020, 2020, 36106, 16192, "Providence County, RI", 05000US44007, providence-county-ri
Row containing 2020: 3, Native American, 2020, 2020, 36106, 16192, "Providence County, RI", 05000US44007, providence-county-ri
Row containing 2020: 4, Asian, 2020, 2020, 69612, 53700, "Bristol County, RI", 05000US44001, bristol-county-ri
Row containing 2020: 4, Asian, 2020, 2020, 69612, 53700, "Bristol County, RI", 05000US44001, bristol-county-ri
Row containing 2020: 4, Asian, 2020, 2020, 97578, 18617, "Kent County, RI", 05000US44003, kent-county-ri
Row containing 2020: 4, Asian, 2020, 2020, 97578, 18617, "Kent County, RI", 05000US44003, kent-county-ri
Row containing 2020: 4, Asian, 2020, 2020, 110350, 12239, "Newport County, RI", 05000US44005, newport-county-ri
Row containing 2020: 4, Asian, 2020, 2020, 110350, 12239, "Newport County, RI", 05000US44005, newport-county-ri
Row containing 2020: 4, Asian, 2020, 2020, 81438, 5762, "Providence County, RI", 05000US44007, providence-county-ri
Row containing 2020: 4, Asian, 2020, 2020, 81438, 5762, "Providence County, RI", 05000US44007, providence-county-ri
Row containing 2020: 4, Asian, 2020, 2020, 69653, 31807.000000000000, "Washington County, RI", 05000US44009, washington-county-ri
Row containing 2020: 4, Asian, 2020, 2020, 69653, 31807.000000000000, "Washington County, RI", 05000US44009, washington-county-ri
Row containing 2020: 5, Pacific Islander, 2020, 2020, 43990, 4351, "Providence County, RI", 05000US44007, providence-county-ri
Row containing 2020: 5, Pacific Islander, 2020, 2020, 43990, 4351, "Providence County, RI", 05000US44007, providence-county-ri
Row containing 2020: 6, Other, 2020, 2020, 60446, 13988, "Kent County, RI", 05000US44003, kent-county-ri
Row containing 2020: 6, Other, 2020, 2020, 60446, 13988, "Kent County, RI", 05000US44003, kent-county-ri
Row containing 2020: 6, Other, 2020, 2020, 29375, 2225, "Newport County, RI", 05000US44005, newport-county-ri
Row containing 2020: 6, Other, 2020, 2020, 29375, 2225, "Newport County, RI", 05000US44005, newport-county-ri
Row containing 2020: 6, Other, 2020, 2020, 40706, 4024, "Providence County, RI", 05000US44007, providence-county-ri
Row containing 2020: 6, Other, 2020, 2020, 40706, 4024, "Providence County, RI", 05000US44007, providence-county-ri
Row containing 2020: 7, Two Or More, 2020, 2020, 100250, 22504, "Bristol County, RI", 05000US44001, bristol-county-ri
Row containing 2020: 7, Two Or More, 2020, 2020, 100250, 22504, "Bristol County, RI", 05000US44001, bristol-county-ri
Row containing 2020: 7, Two Or More, 2020, 2020, 75938, 26788, "Kent County, RI", 05000US44003, kent-county-ri
Row containing 2020: 7, Two Or More, 2020, 2020, 75938, 26788, "Kent County, RI", 05000US44003, kent-county-ri
Row containing 2020: 7, Two Or More, 2020, 2020, 83574, 5944, "Newport County, RI", 05000US44005, newport-county-ri
Row containing 2020: 7, Two Or More, 2020, 2020, 83574, 5944, "Newport County, RI", 05000US44005, newport-county-ri
Row containing 2020: 7, Two Or More, 2020, 2020, 47163, 8892, "Providence County, RI", 05000US44007, providence-county-ri
Row containing 2020: 7, Two Or More, 2020, 2020, 47163, 8892, "Providence County, RI", 05000US44007, providence-county-ri
Row containing 2020: 7, Two Or More, 2020, 2020, 96898, 42213, "Washington County, RI", 05000US44009, washington-county-ri
Row containing 2020: 7, Two Or More, 2020, 2020, 96898, 42213, "Washington County, RI", 05000US44009, washington-county-ri
Row containing 2020: 8, White Non-Hispanic, 2020, 2020, 86463, 7051, "Bristol County, RI", 05000US44001, bristol-county-ri
Row containing 2020: 8, White Non-Hispanic, 2020, 2020, 86463, 7051, "Bristol County, RI", 05000US44001, bristol-county-ri
Row containing 2020: 8, White Non-Hispanic, 2020, 2020, 75265, 2318, "Kent County, RI", 05000US44003, kent-county-ri
Row containing 2020: 8, White Non-Hispanic, 2020, 2020, 75265, 2318, "Kent County, RI", 05000US44003, kent-county-ri
Row containing 2020: 8, White Non-Hispanic, 2020, 2020, 87713, 3638, "Newport County, RI", 05000US44005, newport-county-ri
Row containing 2020: 8, White Non-Hispanic, 2020, 2020, 87713, 3638, "Newport County, RI", 05000US44005, newport-county-ri
Row containing 2020: 8, White Non-Hispanic, 2020, 2020, 71428, 1376, "Providence County, RI", 05000US44007, providence-county-ri
Row containing 2020: 8, White Non-Hispanic, 2020, 2020, 71428, 1376, "Providence County, RI", 05000US44007, providence-county-ri
Row containing 2020: 8, White Non-Hispanic, 2020, 2020, 87516, 3859.0000000000000, "Washington County, RI", 05000US44009, washington-county-ri
Row containing 2020: 8, White Non-Hispanic, 2020, 2020, 87516, 3859.0000000000000, "Washington County, RI", 05000US44009, washington-county-ri
Row containing 2020: 9, Hispanic, 2020, 2020, 64167, 25729, "Bristol County, RI", 05000US44001, bristol-county-ri
Row containing 2020: 9, Hispanic, 2020, 2020, 64167, 25729, "Bristol County, RI", 05000US44001, bristol-county-ri
Row containing 2020: 9, Hispanic, 2020, 2020, 76602, 14152, "Kent County, RI", 05000US44003, kent-county-ri
Row containing 2020: 9, Hispanic, 2020, 2020, 76602, 14152, "Kent County, RI", 05000US44003, kent-county-ri
Row containing 2020: 9, Hispanic, 2020, 2020, 56652, 33449, "Newport County, RI", 05000US44005, newport-county-ri
Row containing 2020: 9, Hispanic, 2020, 2020, 56652, 33449, "Newport County, RI", 05000US44005, newport-county-ri
Row containing 2020: 9, Hispanic, 2020, 2020, 41592, 1749, "Providence County, RI", 05000US44007, providence-county-ri
Row containing 2020: 9, Hispanic, 2020, 2020, 41592, 1749, "Providence County, RI", 05000US44007, providence-county-ri
Row containing 2020: 9, Hispanic, 2020, 2020, 104929, 30259, "Washington County, RI", 05000US44009, washington-county-ri
Row containing 2020: 9, Hispanic, 2020, 2020, 104929, 30259, "Washington County, RI", 05000US44009, washington-county-ri
Row containing "Kent County, RI" under column number 6: 0, Total, 2020, 2020, 75857, 2022, "Kent County, RI", 05000US44003, kent-county-ri
Row containing "Kent County, RI" under column number 6: 1, White, 2020, 2020, 75408, 2311, "Kent County, RI", 05000US44003, kent-county-ri
Row containing "Kent County, RI" under column number 6: 2, Black, 2020, 2020, 100375, 20176, "Kent County, RI", 05000US44003, kent-county-ri
Row containing "Kent County, RI" under column number 6: 4, Asian, 2020, 2020, 97578, 18617, "Kent County, RI", 05000US44003, kent-county-ri
Row containing "Kent County, RI" under column number 6: 6, Other, 2020, 2020, 60446, 13988, "Kent County, RI", 05000US44003, kent-county-ri
Row containing "Kent County, RI" under column number 6: 7, Two Or More, 2020, 2020, 75938, 26788, "Kent County, RI", 05000US44003, kent-county-ri
Row containing "Kent County, RI" under column number 6: 8, White Non-Hispanic, 2020, 2020, 75265, 2318, "Kent County, RI", 05000US44003, kent-county-ri
Row containing "Kent County, RI" under column number 6: 9, Hispanic, 2020, 2020, 76602, 14152, "Kent County, RI", 05000US44003, kent-county-ri
Row containing "Kent County, RI" under column number 6: 0, Total, 2019, 2019, 73521, 1703, "Kent County, RI", 05000US44003, kent-county-ri
Row containing "Kent County, RI" under column number 6: 1, White, 2019, 2019, 73415, 1906, "Kent County, RI", 05000US44003, kent-county-ri
Row containing "Kent County, RI" under column number 6: 2, Black, 2019, 2019, 79609, 17881, "Kent County, RI", 05000US44003, kent-county-ri
Row containing "Kent County, RI" under column number 6: 4, Asian, 2019, 2019, 92268, 9257, "Kent County, RI", 05000US44003, kent-county-ri
Row containing "Kent County, RI" under column number 6: 6, Other, 2019, 2019, 70179, 23312, "Kent County, RI", 05000US44003, kent-county-ri
Row containing "Kent County, RI" under column number 6: 7, Two Or More, 2019, 2019, 58112, 11419, "Kent County, RI", 05000US44003, kent-county-ri
Row containing "Kent County, RI" under column number 6: 8, White Non-Hispanic, 2019, 2019, 73316, 1864.0000000000000, "Kent County, RI", 05000US44003, kent-county-ri
Row containing "Kent County, RI" under column number 6: 9, Hispanic, 2019, 2019, 74685, 11265, "Kent County, RI", 05000US44003, kent-county-ri
Row containing "Kent County, RI" under column number 6: 0, Total, 2018, 2018, 70223, 1879.0000000000000, "Kent County, RI", 05000US44003, kent-county-ri
Row containing "Kent County, RI" under column number 6: 1, White, 2018, 2018, 70402, 1972, "Kent County, RI", 05000US44003, kent-county-ri
Row containing "Kent County, RI" under column number 6: 2, Black, 2018, 2018, 63472, 21347, "Kent County, RI", 05000US44003, kent-county-ri
Row containing "Kent County, RI" under column number 6: 4, Asian, 2018, 2018, 97879, 17549, "Kent County, RI", 05000US44003, kent-county-ri
Row containing "Kent County, RI" under column number 6: 6, Other, 2018, 2018, 75679, 31076, "Kent County, RI", 05000US44003, kent-county-ri
Row containing "Kent County, RI" under column number 6: 7, Two Or More, 2018, 2018, 48083, 14257, "Kent County, RI", 05000US44003, kent-county-ri
Row containing "Kent County, RI" under column number 6: 8, White Non-Hispanic, 2018, 2018, 70286, 2041.0000000000000, "Kent County, RI", 05000US44003, kent-county-ri
Row containing "Kent County, RI" under column number 6: 9, Hispanic, 2018, 2018, 73906, 14038, "Kent County, RI", 05000US44003, kent-county-ri
Row containing "Kent County, RI" under column number 6: 0, Total, 2017, 2017, 69047, 2197, "Kent County, RI", 05000US44003, kent-county-ri
Row containing "Kent County, RI" under column number 6: 1, White, 2017, 2017, 69912, 2016.0000000000000, "Kent County, RI", 05000US44003, kent-county-ri
Row containing "Kent County, RI" under column number 6: 2, Black, 2017, 2017, 40024, 9584, "Kent County, RI", 05000US44003, kent-county-ri
Row containing "Kent County, RI" under column number 6: 4, Asian, 2017, 2017, 95000, 16888, "Kent County, RI", 05000US44003, kent-county-ri
Row containing "Kent County, RI" under column number 6: 6, Other, 2017, 2017, 42304, 23495, "Kent County, RI", 05000US44003, kent-county-ri
Row containing "Kent County, RI" under column number 6: 7, Two Or More, 2017, 2017, 44000, 11831, "Kent County, RI", 05000US44003, kent-county-ri
Row containing "Kent County, RI" under column number 6: 8, White Non-Hispanic, 2017, 2017, 69724, 2055, "Kent County, RI", 05000US44003, kent-county-ri
Row containing "Kent County, RI" under column number 6: 9, Hispanic, 2017, 2017, 65069, 14243.000000000000, "Kent County, RI", 05000US44003, kent-county-ri
Row containing "Kent County, RI" under column number 6: 0, Total, 2016, 2016, 65592, 1418, "Kent County, RI", 05000US44003, kent-county-ri
Row containing "Kent County, RI" under column number 6: 1, White, 2016, 2016, 66116, 1376, "Kent County, RI", 05000US44003, kent-county-ri
Row containing "Kent County, RI" under column number 6: 2, Black, 2016, 2016, 50750, 21955, "Kent County, RI", 05000US44003, kent-county-ri
Row containing "Kent County, RI" under column number 6: 4, Asian, 2016, 2016, 84451, 15969.000000000000, "Kent County, RI", 05000US44003, kent-county-ri
Row containing "Kent County, RI" under column number 6: 6, Other, 2016, 2016, 48849, 9012, "Kent County, RI", 05000US44003, kent-county-ri
Row containing "Kent County, RI" under column number 6: 7, Two Or More, 2016, 2016, 34136, 7418, "Kent County, RI", 05000US44003, kent-county-ri
Row containing "Kent County, RI" under column number 6: 8, White Non-Hispanic, 2016, 2016, 66010, 1360, "Kent County, RI", 05000US44003, kent-county-ri
Row containing "Kent County, RI" under column number 6: 9, Hispanic, 2016, 2016, 59375, 14497, "Kent County, RI", 05000US44003, kent-county-ri
Row containing "Kent County, RI" under column number 6: 0, Total, 2015, 2015, 64383, 1384, "Kent County, RI", 05000US44003, kent-county-ri
Row containing "Kent County, RI" under column number 6: 1, White, 2015, 2015, 65089, 1594, "Kent County, RI", 05000US44003, kent-county-ri
Row containing "Kent County, RI" under column number 6: 2, Black, 2015, 2015, 46339, 14032, "Kent County, RI", 05000US44003, kent-county-ri
Row containing "Kent County, RI" under column number 6: 3, Native American, 2015, 2015, 30882, 23254, "Kent County, RI", 05000US44003, kent-county-ri
Row containing "Kent County, RI" under column number 6: 4, Asian, 2015, 2015, 72306, 11596, "Kent County, RI", 05000US44003, kent-county-ri
Row containing "Kent County, RI" under column number 6: 6, Other, 2015, 2015, 49959, 11854, "Kent County, RI", 05000US44003, kent-county-ri
Row containing "Kent County, RI" under column number 6: 7, Two Or More, 2015, 2015, 38750, 18572, "Kent County, RI", 05000US44003, kent-county-ri
Row containing "Kent County, RI" under column number 6: 8, White Non-Hispanic, 2015, 2015, 65274, 1634, "Kent County, RI", 05000US44003, kent-county-ri
Row containing "Kent County, RI" under column number 6: 9, Hispanic, 2015, 2015, 49607, 5303, "Kent County, RI", 05000US44003, kent-county-ri
Row containing "Kent County, RI" under column number 6: 0, Total, 2014, 2014, 62976, 1421, "Kent County, RI", 05000US44003, kent-county-ri
Row containing "Kent County, RI" under column number 6: 1, White, 2014, 2014, 63702, 1404, "Kent County, RI", 05000US44003, kent-county-ri
Row containing "Kent County, RI" under column number 6: 2, Black, 2014, 2014, 42350, 18515, "Kent County, RI", 05000US44003, kent-county-ri
Row containing "Kent County, RI" under column number 6: 3, Native American, 2014, 2014, 38393, 18498, "Kent County, RI", 05000US44003, kent-county-ri
Row containing "Kent County, RI" under column number 6: 4, Asian, 2014, 2014, 73173, 11564, "Kent County, RI", 05000US44003, kent-county-ri
Row containing "Kent County, RI" under column number 6: 6, Other, 2014, 2014, 48787, 4356, "Kent County, RI", 05000US44003, kent-county-ri
Row containing "Kent County, RI" under column number 6: 7, Two Or More, 2014, 2014, 31861, 6940.000000000000, "Kent County, RI", 05000US44003, kent-county-ri
Row containing "Kent County, RI" under column number 6: 8, White Non-Hispanic, 2014, 2014, 63791, 1417, "Kent County, RI", 05000US44003, kent-county-ri
Row containing "Kent County, RI" under column number 6: 9, Hispanic, 2014, 2014, 49142, 3220, "Kent County, RI", 05000US44003, kent-county-ri
Row containing "Kent County, RI" under column number 6: 0, Total, 2013, 2013, 62279, 1484, "Kent County, RI", 05000US44003, kent-county-ri
Row containing "Kent County, RI" under column number 6: 1, White, 2013, 2013, 62855, 1339, "Kent County, RI", 05000US44003, kent-county-ri
Row containing "Kent County, RI" under column number 6: 2, Black, 2013, 2013, 42091, 17780, "Kent County, RI", 05000US44003, kent-county-ri
Row containing "Kent County, RI" under column number 6: 3, Native American, 2013, 2013, 42936, 22989, "Kent County, RI", 05000US44003, kent-county-ri
Row containing "Kent County, RI" under column number 6: 4, Asian, 2013, 2013, 69161, 10626, "Kent County, RI", 05000US44003, kent-county-ri
Row containing "Kent County, RI" under column number 6: 6, Other, 2013, 2013, 50058, 8385, "Kent County, RI", 05000US44003, kent-county-ri
Row containing "Kent County, RI" under column number 6: 7, Two Or More, 2013, 2013, 42708, 17404, "Kent County, RI", 05000US44003, kent-county-ri
Row containing "Kent County, RI" under column number 6: 8, White Non-Hispanic, 2013, 2013, 63066, 1303, "Kent County, RI", 05000US44003, kent-county-ri
Row containing "Kent County, RI" under column number 6: 9, Hispanic, 2013, 2013, 46123, 5749, "Kent County, RI", 05000US44003, kent-county-ri
Row containing "Kent County, RI" under column number 6: 0, Total, 2020, 2020, 75857, 2022, "Kent County, RI", 05000US44003, kent-county-ri
Row containing "Kent County, RI" under column number 6: 1, White, 2020, 2020, 75408, 2311, "Kent County, RI", 05000US44003, kent-county-ri
Row containing "Kent County, RI" under column number 6: 2, Black, 2020, 2020, 100375, 20176, "Kent County, RI", 05000US44003, kent-county-ri
Row containing "Kent County, RI" under column number 6: 4, Asian, 2020, 2020, 97578, 18617, "Kent County, RI", 05000US44003, kent-county-ri
Row containing "Kent County, RI" under column number 6: 6, Other, 2020, 2020, 60446, 13988, "Kent County, RI", 05000US44003, kent-county-ri
Row containing "Kent County, RI" under column number 6: 7, Two Or More, 2020, 2020, 75938, 26788, "Kent County, RI", 05000US44003, kent-county-ri
Row containing "Kent County, RI" under column number 6: 8, White Non-Hispanic, 2020, 2020, 75265, 2318, "Kent County, RI", 05000US44003, kent-county-ri
Row containing "Kent County, RI" under column number 6: 9, Hispanic, 2020, 2020, 76602, 14152, "Kent County, RI", 05000US44003, kent-county-ri
Row containing "Kent County, RI" under column number 6: 0, Total, 2019, 2019, 73521, 1703, "Kent County, RI", 05000US44003, kent-county-ri
Row containing "Kent County, RI" under column number 6: 1, White, 2019, 2019, 73415, 1906, "Kent County, RI", 05000US44003, kent-county-ri
Row containing "Kent County, RI" under column number 6: 2, Black, 2019, 2019, 79609, 17881, "Kent County, RI", 05000US44003, kent-county-ri
Row containing "Kent County, RI" under column number 6: 4, Asian, 2019, 2019, 92268, 9257, "Kent County, RI", 05000US44003, kent-county-ri
Row containing "Kent County, RI" under column number 6: 6, Other, 2019, 2019, 70179, 23312, "Kent County, RI", 05000US44003, kent-county-ri
Row containing "Kent County, RI" under column number 6: 7, Two Or More, 2019, 2019, 58112, 11419, "Kent County, RI", 05000US44003, kent-county-ri
Row containing "Kent County, RI" under column number 6: 8, White Non-Hispanic, 2019, 2019, 73316, 1864.0000000000000, "Kent County, RI", 05000US44003, kent-county-ri
Row containing "Kent County, RI" under column number 6: 9, Hispanic, 2019, 2019, 74685, 11265, "Kent County, RI", 05000US44003, kent-county-ri
Row containing "Kent County, RI" under column number 6: 0, Total, 2018, 2018, 70223, 1879.0000000000000, "Kent County, RI", 05000US44003, kent-county-ri
Row containing "Kent County, RI" under column number 6: 1, White, 2018, 2018, 70402, 1972, "Kent County, RI", 05000US44003, kent-county-ri
Row containing "Kent County, RI" under column number 6: 2, Black, 2018, 2018, 63472, 21347, "Kent County, RI", 05000US44003, kent-county-ri
Row containing "Kent County, RI" under column number 6: 4, Asian, 2018, 2018, 97879, 17549, "Kent County, RI", 05000US44003, kent-county-ri
Row containing "Kent County, RI" under column number 6: 6, Other, 2018, 2018, 75679, 31076, "Kent County, RI", 05000US44003, kent-county-ri
Row containing "Kent County, RI" under column number 6: 7, Two Or More, 2018, 2018, 48083, 14257, "Kent County, RI", 05000US44003, kent-county-ri
Row containing "Kent County, RI" under column number 6: 8, White Non-Hispanic, 2018, 2018, 70286, 2041.0000000000000, "Kent County, RI", 05000US44003, kent-county-ri
Row containing "Kent County, RI" under column number 6: 9, Hispanic, 2018, 2018, 73906, 14038, "Kent County, RI", 05000US44003, kent-county-ri
Row containing "Kent County, RI" under column number 6: 0, Total, 2017, 2017, 69047, 2197, "Kent County, RI", 05000US44003, kent-county-ri
Row containing "Kent County, RI" under column number 6: 1, White, 2017, 2017, 69912, 2016.0000000000000, "Kent County, RI", 05000US44003, kent-county-ri
Row containing "Kent County, RI" under column number 6: 2, Black, 2017, 2017, 40024, 9584, "Kent County, RI", 05000US44003, kent-county-ri
Row containing "Kent County, RI" under column number 6: 4, Asian, 2017, 2017, 95000, 16888, "Kent County, RI", 05000US44003, kent-county-ri
Row containing "Kent County, RI" under column number 6: 6, Other, 2017, 2017, 42304, 23495, "Kent County, RI", 05000US44003, kent-county-ri
Row containing "Kent County, RI" under column number 6: 7, Two Or More, 2017, 2017, 44000, 11831, "Kent County, RI", 05000US44003, kent-county-ri
Row containing "Kent County, RI" under column number 6: 8, White Non-Hispanic, 2017, 2017, 69724, 2055, "Kent County, RI", 05000US44003, kent-county-ri
Row containing "Kent County, RI" under column number 6: 9, Hispanic, 2017, 2017, 65069, 14243.000000000000, "Kent County, RI", 05000US44003, kent-county-ri
Row containing "Kent County, RI" under column number 6: 0, Total, 2016, 2016, 65592, 1418, "Kent County, RI", 05000US44003, kent-county-ri
Row containing "Kent County, RI" under column number 6: 1, White, 2016, 2016, 66116, 1376, "Kent County, RI", 05000US44003, kent-county-ri
Row containing "Kent County, RI" under column number 6: 2, Black, 2016, 2016, 50750, 21955, "Kent County, RI", 05000US44003, kent-county-ri
Row containing "Kent County, RI" under column number 6: 4, Asian, 2016, 2016, 84451, 15969.000000000000, "Kent County, RI", 05000US44003, kent-county-ri
Row containing "Kent County, RI" under column number 6: 6, Other, 2016, 2016, 48849, 9012, "Kent County, RI", 05000US44003, kent-county-ri
Row containing "Kent County, RI" under column number 6: 7, Two Or More, 2016, 2016, 34136, 7418, "Kent County, RI", 05000US44003, kent-county-ri
Row containing "Kent County, RI" under column number 6: 8, White Non-Hispanic, 2016, 2016, 66010, 1360, "Kent County, RI", 05000US44003, kent-county-ri
Row containing "Kent County, RI" under column number 6: 9, Hispanic, 2016, 2016, 59375, 14497, "Kent County, RI", 05000US44003, kent-county-ri
Row containing "Kent County, RI" under column number 6: 0, Total, 2015, 2015, 64383, 1384, "Kent County, RI", 05000US44003, kent-county-ri
Row containing "Kent County, RI" under column number 6: 1, White, 2015, 2015, 65089, 1594, "Kent County, RI", 05000US44003, kent-county-ri
Row containing "Kent County, RI" under column number 6: 2, Black, 2015, 2015, 46339, 14032, "Kent County, RI", 05000US44003, kent-county-ri
Row containing "Kent County, RI" under column number 6: 3, Native American, 2015, 2015, 30882, 23254, "Kent County, RI", 05000US44003, kent-county-ri
Row containing "Kent County, RI" under column number 6: 4, Asian, 2015, 2015, 72306, 11596, "Kent County, RI", 05000US44003, kent-county-ri
Row containing "Kent County, RI" under column number 6: 6, Other, 2015, 2015, 49959, 11854, "Kent County, RI", 05000US44003, kent-county-ri
Row containing "Kent County, RI" under column number 6: 7, Two Or More, 2015, 2015, 38750, 18572, "Kent County, RI", 05000US44003, kent-county-ri
Row containing "Kent County, RI" under column number 6: 8, White Non-Hispanic, 2015, 2015, 65274, 1634, "Kent County, RI", 05000US44003, kent-county-ri
Row containing "Kent County, RI" under column number 6: 9, Hispanic, 2015, 2015, 49607, 5303, "Kent County, RI", 05000US44003, kent-county-ri
Row containing "Kent County, RI" under column number 6: 0, Total, 2014, 2014, 62976, 1421, "Kent County, RI", 05000US44003, kent-county-ri
Row containing "Kent County, RI" under column number 6: 1, White, 2014, 2014, 63702, 1404, "Kent County, RI", 05000US44003, kent-county-ri
Row containing "Kent County, RI" under column number 6: 2, Black, 2014, 2014, 42350, 18515, "Kent County, RI", 05000US44003, kent-county-ri
Row containing "Kent County, RI" under column number 6: 3, Native American, 2014, 2014, 38393, 18498, "Kent County, RI", 05000US44003, kent-county-ri
Row containing "Kent County, RI" under column number 6: 4, Asian, 2014, 2014, 73173, 11564, "Kent County, RI", 05000US44003, kent-county-ri
Row containing "Kent County, RI" under column number 6: 6, Other, 2014, 2014, 48787, 4356, "Kent County, RI", 05000US44003, kent-county-ri
Row containing "Kent County, RI" under column number 6: 7, Two Or More, 2014, 2014, 31861, 6940.000000000000, "Kent County, RI", 05000US44003, kent-county-ri
Row containing "Kent County, RI" under column number 6: 8, White Non-Hispanic, 2014, 2014, 63791, 1417, "Kent County, RI", 05000US44003, kent-county-ri
Row containing "Kent County, RI" under column number 6: 9, Hispanic, 2014, 2014, 49142, 3220, "Kent County, RI", 05000US44003, kent-county-ri
Row containing "Kent County, RI" under column number 6: 0, Total, 2013, 2013, 62279, 1484, "Kent County, RI", 05000US44003, kent-county-ri
Row containing "Kent County, RI" under column number 6: 1, White, 2013, 2013, 62855, 1339, "Kent County, RI", 05000US44003, kent-county-ri
Row containing "Kent County, RI" under column number 6: 2, Black, 2013, 2013, 42091, 17780, "Kent County, RI", 05000US44003, kent-county-ri
Row containing "Kent County, RI" under column number 6: 3, Native American, 2013, 2013, 42936, 22989, "Kent County, RI", 05000US44003, kent-county-ri
Row containing "Kent County, RI" under column number 6: 4, Asian, 2013, 2013, 69161, 10626, "Kent County, RI", 05000US44003, kent-county-ri
Row containing "Kent County, RI" under column number 6: 6, Other, 2013, 2013, 50058, 8385, "Kent County, RI", 05000US44003, kent-county-ri
Row containing "Kent County, RI" under column number 6: 7, Two Or More, 2013, 2013, 42708, 17404, "Kent County, RI", 05000US44003, kent-county-ri
Row containing "Kent County, RI" under column number 6: 8, White Non-Hispanic, 2013, 2013, 63066, 1303, "Kent County, RI", 05000US44003, kent-county-ri
Row containing "Kent County, RI" under column number 6: 9, Hispanic, 2013, 2013, 46123, 5749, "Kent County, RI", 05000US44003, kent-county-ri
Row containing "Kent County, RI" under column number 6: 0, Total, 2020, 2020, 75857, 2022, "Kent County, RI", 05000US44003, kent-county-ri
Row containing "Kent County, RI" under column number 6: 1, White, 2020, 2020, 75408, 2311, "Kent County, RI", 05000US44003, kent-county-ri
Row containing "Kent County, RI" under column number 6: 2, Black, 2020, 2020, 100375, 20176, "Kent County, RI", 05000US44003, kent-county-ri
Row containing "Kent County, RI" under column number 6: 4, Asian, 2020, 2020, 97578, 18617, "Kent County, RI", 05000US44003, kent-county-ri
Row containing "Kent County, RI" under column number 6: 6, Other, 2020, 2020, 60446, 13988, "Kent County, RI", 05000US44003, kent-county-ri
Row containing "Kent County, RI" under column number 6: 7, Two Or More, 2020, 2020, 75938, 26788, "Kent County, RI", 05000US44003, kent-county-ri
Row containing "Kent County, RI" under column number 6: 8, White Non-Hispanic, 2020, 2020, 75265, 2318, "Kent County, RI", 05000US44003, kent-county-ri
Row containing "Kent County, RI" under column number 6: 9, Hispanic, 2020, 2020, 76602, 14152, "Kent County, RI", 05000US44003, kent-county-ri
Row containing "Kent County, RI" under column number 6: 0, Total, 2019, 2019, 73521, 1703, "Kent County, RI", 05000US44003, kent-county-ri
Row containing "Kent County, RI" under column number 6: 1, White, 2019, 2019, 73415, 1906, "Kent County, RI", 05000US44003, kent-county-ri
Row containing "Kent County, RI" under column number 6: 2, Black, 2019, 2019, 79609, 17881, "Kent County, RI", 05000US44003, kent-county-ri
Row containing "Kent County, RI" under column number 6: 4, Asian, 2019, 2019, 92268, 9257, "Kent County, RI", 05000US44003, kent-county-ri
Row containing "Kent County, RI" under column number 6: 6, Other, 2019, 2019, 70179, 23312, "Kent County, RI", 05000US44003, kent-county-ri
Row containing "Kent County, RI" under column number 6: 7, Two Or More, 2019, 2019, 58112, 11419, "Kent County, RI", 05000US44003, kent-county-ri
Row containing "Kent County, RI" under column number 6: 8, White Non-Hispanic, 2019, 2019, 73316, 1864.0000000000000, "Kent County, RI", 05000US44003, kent-county-ri
Row containing "Kent County, RI" under column number 6: 9, Hispanic, 2019, 2019, 74685, 11265, "Kent County, RI", 05000US44003, kent-county-ri
Row containing "Kent County, RI" under column number 6: 0, Total, 2018, 2018, 70223, 1879.0000000000000, "Kent County, RI", 05000US44003, kent-county-ri
Row containing "Kent County, RI" under column number 6: 1, White, 2018, 2018, 70402, 1972, "Kent County, RI", 05000US44003, kent-county-ri
Row containing "Kent County, RI" under column number 6: 2, Black, 2018, 2018, 63472, 21347, "Kent County, RI", 05000US44003, kent-county-ri
Row containing "Kent County, RI" under column number 6: 4, Asian, 2018, 2018, 97879, 17549, "Kent County, RI", 05000US44003, kent-county-ri
Row containing "Kent County, RI" under column number 6: 6, Other, 2018, 2018, 75679, 31076, "Kent County, RI", 05000US44003, kent-county-ri
Row containing "Kent County, RI" under column number 6: 7, Two Or More, 2018, 2018, 48083, 14257, "Kent County, RI", 05000US44003, kent-county-ri
Row containing "Kent County, RI" under column number 6: 8, White Non-Hispanic, 2018, 2018, 70286, 2041.0000000000000, "Kent County, RI", 05000US44003, kent-county-ri
Row containing "Kent County, RI" under column number 6: 9, Hispanic, 2018, 2018, 73906, 14038, "Kent County, RI", 05000US44003, kent-county-ri
Row containing "Kent County, RI" under column number 6: 0, Total, 2017, 2017, 69047, 2197, "Kent County, RI", 05000US44003, kent-county-ri
Row containing "Kent County, RI" under column number 6: 1, White, 2017, 2017, 69912, 2016.0000000000000, "Kent County, RI", 05000US44003, kent-county-ri
Row containing "Kent County, RI" under column number 6: 2, Black, 2017, 2017, 40024, 9584, "Kent County, RI", 05000US44003, kent-county-ri
Row containing "Kent County, RI" under column number 6: 4, Asian, 2017, 2017, 95000, 16888, "Kent County, RI", 05000US44003, kent-county-ri
Row containing "Kent County, RI" under column number 6: 6, Other, 2017, 2017, 42304, 23495, "Kent County, RI", 05000US44003, kent-county-ri
Row containing "Kent County, RI" under column number 6: 7, Two Or More, 2017, 2017, 44000, 11831, "Kent County, RI", 05000US44003, kent-county-ri
Row containing "Kent County, RI" under column number 6: 8, White Non-Hispanic, 2017, 2017, 69724, 2055, "Kent County, RI", 05000US44003, kent-county-ri
Row containing "Kent County, RI" under column number 6: 9, Hispanic, 2017, 2017, 65069, 14243.000000000000, "Kent County, RI", 05000US44003, kent-county-ri
Row containing "Kent County, RI" under column number 6: 0, Total, 2016, 2016, 65592, 1418, "Kent County, RI", 05000US44003, kent-county-ri
Row containing "Kent County, RI" under column number 6: 1, White, 2016, 2016, 66116, 1376, "Kent County, RI", 05000US44003, kent-county-ri
Row containing "Kent County, RI" under column number 6: 2, Black, 2016, 2016, 50750, 21955, "Kent County, RI", 05000US44003, kent-county-ri
Row containing "Kent County, RI" under column number 6: 4, Asian, 2016, 2016, 84451, 15969.000000000000, "Kent County, RI", 05000US44003, kent-county-ri
Row containing "Kent County, RI" under column number 6: 6, Other, 2016, 2016, 48849, 9012, "Kent County, RI", 05000US44003, kent-county-ri
Row containing "Kent County, RI" under column number 6: 7, Two Or More, 2016, 2016, 34136, 7418, "Kent County, RI", 05000US44003, kent-county-ri
Row containing "Kent County, RI" under column number 6: 8, White Non-Hispanic, 2016, 2016, 66010, 1360, "Kent County, RI", 05000US44003, kent-county-ri
Row containing "Kent County, RI" under column number 6: 9, Hispanic, 2016, 2016, 59375, 14497, "Kent County, RI", 05000US44003, kent-county-ri
Row containing "Kent County, RI" under column number 6: 0, Total, 2015, 2015, 64383, 1384, "Kent County, RI", 05000US44003, kent-county-ri
Row containing "Kent County, RI" under column number 6: 1, White, 2015, 2015, 65089, 1594, "Kent County, RI", 05000US44003, kent-county-ri
Row containing "Kent County, RI" under column number 6: 2, Black, 2015, 2015, 46339, 14032, "Kent County, RI", 05000US44003, kent-county-ri
Row containing "Kent County, RI" under column number 6: 3, Native American, 2015, 2015, 30882, 23254, "Kent County, RI", 05000US44003, kent-county-ri
Row containing "Kent County, RI" under column number 6: 4, Asian, 2015, 2015, 72306, 11596, "Kent County, RI", 05000US44003, kent-county-ri
Row containing "Kent County, RI" under column number 6: 6, Other, 2015, 2015, 49959, 11854, "Kent County, RI", 05000US44003, kent-county-ri
Row containing "Kent County, RI" under column number 6: 7, Two Or More, 2015, 2015, 38750, 18572, "Kent County, RI", 05000US44003, kent-county-ri
Row containing "Kent County, RI" under column number 6: 8, White Non-Hispanic, 2015, 2015, 65274, 1634, "Kent County, RI", 05000US44003, kent-county-ri
Row containing "Kent County, RI" under column number 6: 9, Hispanic, 2015, 2015, 49607, 5303, "Kent County, RI", 05000US44003, kent-county-ri
Row containing "Kent County, RI" under column number 6: 0, Total, 2014, 2014, 62976, 1421, "Kent County, RI", 05000US44003, kent-county-ri
Row containing "Kent County, RI" under column number 6: 1, White, 2014, 2014, 63702, 1404, "Kent County, RI", 05000US44003, kent-county-ri
Row containing "Kent County, RI" under column number 6: 2, Black, 2014, 2014, 42350, 18515, "Kent County, RI", 05000US44003, kent-county-ri
Row containing "Kent County, RI" under column number 6: 3, Native American, 2014, 2014, 38393, 18498, "Kent County, RI", 05000US44003, kent-county-ri
Row containing "Kent County, RI" under column number 6: 4, Asian, 2014, 2014, 73173, 11564, "Kent County, RI", 05000US44003, kent-county-ri
Row containing "Kent County, RI" under column number 6: 6, Other, 2014, 2014, 48787, 4356, "Kent County, RI", 05000US44003, kent-county-ri
Row containing "Kent County, RI" under column number 6: 7, Two Or More, 2014, 2014, 31861, 6940.000000000000, "Kent County, RI", 05000US44003, kent-county-ri
Row containing "Kent County, RI" under column number 6: 8, White Non-Hispanic, 2014, 2014, 63791, 1417, "Kent County, RI", 05000US44003, kent-county-ri
Row containing "Kent County, RI" under column number 6: 9, Hispanic, 2014, 2014, 49142, 3220, "Kent County, RI", 05000US44003, kent-county-ri
Row containing "Kent County, RI" under column number 6: 0, Total, 2013, 2013, 62279, 1484, "Kent County, RI", 05000US44003, kent-county-ri
Row containing "Kent County, RI" under column number 6: 1, White, 2013, 2013, 62855, 1339, "Kent County, RI", 05000US44003, kent-county-ri
Row containing "Kent County, RI" under column number 6: 2, Black, 2013, 2013, 42091, 17780, "Kent County, RI", 05000US44003, kent-county-ri
Row containing "Kent County, RI" under column number 6: 3, Native American, 2013, 2013, 42936, 22989, "Kent County, RI", 05000US44003, kent-county-ri
Row containing "Kent County, RI" under column number 6: 4, Asian, 2013, 2013, 69161, 10626, "Kent County, RI", 05000US44003, kent-county-ri
Row containing "Kent County, RI" under column number 6: 6, Other, 2013, 2013, 50058, 8385, "Kent County, RI", 05000US44003, kent-county-ri
Row containing "Kent County, RI" under column number 6: 7, Two Or More, 2013, 2013, 42708, 17404, "Kent County, RI", 05000US44003, kent-county-ri
Row containing "Kent County, RI" under column number 6: 8, White Non-Hispanic, 2013, 2013, 63066, 1303, "Kent County, RI", 05000US44003, kent-county-ri
Row containing "Kent County, RI" under column number 6: 9, Hispanic, 2013, 2013, 46123, 5749, "Kent County, RI", 05000US44003, kent-county-ri
Row containing "Kent County, RI" under column number 6: 0, Total, 2020, 2020, 75857, 2022, "Kent County, RI", 05000US44003, kent-county-ri
Row containing "Kent County, RI" under column number 6: 1, White, 2020, 2020, 75408, 2311, "Kent County, RI", 05000US44003, kent-county-ri
Row containing "Kent County, RI" under column number 6: 2, Black, 2020, 2020, 100375, 20176, "Kent County, RI", 05000US44003, kent-county-ri
Row containing "Kent County, RI" under column number 6: 4, Asian, 2020, 2020, 97578, 18617, "Kent County, RI", 05000US44003, kent-county-ri
Row containing "Kent County, RI" under column number 6: 6, Other, 2020, 2020, 60446, 13988, "Kent County, RI", 05000US44003, kent-county-ri
Row containing "Kent County, RI" under column number 6: 7, Two Or More, 2020, 2020, 75938, 26788, "Kent County, RI", 05000US44003, kent-county-ri
Row containing "Kent County, RI" under column number 6: 8, White Non-Hispanic, 2020, 2020, 75265, 2318, "Kent County, RI", 05000US44003, kent-county-ri
Row containing "Kent County, RI" under column number 6: 9, Hispanic, 2020, 2020, 76602, 14152, "Kent County, RI", 05000US44003, kent-county-ri
Row containing "Kent County, RI" under column number 6: 0, Total, 2019, 2019, 73521, 1703, "Kent County, RI", 05000US44003, kent-county-ri
Row containing "Kent County, RI" under column number 6: 1, White, 2019, 2019, 73415, 1906, "Kent County, RI", 05000US44003, kent-county-ri
Row containing "Kent County, RI" under column number 6: 2, Black, 2019, 2019, 79609, 17881, "Kent County, RI", 05000US44003, kent-county-ri
Row containing "Kent County, RI" under column number 6: 4, Asian, 2019, 2019, 92268, 9257, "Kent County, RI", 05000US44003, kent-county-ri
Row containing "Kent County, RI" under column number 6: 6, Other, 2019, 2019, 70179, 23312, "Kent County, RI", 05000US44003, kent-county-ri
Row containing "Kent County, RI" under column number 6: 7, Two Or More, 2019, 2019, 58112, 11419, "Kent County, RI", 05000US44003, kent-county-ri
Row containing "Kent County, RI" under column number 6: 8, White Non-Hispanic, 2019, 2019, 73316, 1864.0000000000000, "Kent County, RI", 05000US44003, kent-county-ri
Row containing "Kent County, RI" under column number 6: 9, Hispanic, 2019, 2019, 74685, 11265, "Kent County, RI", 05000US44003, kent-county-ri
Row containing "Kent County, RI" under column number 6: 0, Total, 2018, 2018, 70223, 1879.0000000000000, "Kent County, RI", 05000US44003, kent-county-ri
Row containing "Kent County, RI" under column number 6: 1, White, 2018, 2018, 70402, 1972, "Kent County, RI", 05000US44003, kent-county-ri
Row containing "Kent County, RI" under column number 6: 2, Black, 2018, 2018, 63472, 21347, "Kent County, RI", 05000US44003, kent-county-ri
Row containing "Kent County, RI" under column number 6: 4, Asian, 2018, 2018, 97879, 17549, "Kent County, RI", 05000US44003, kent-county-ri
Row containing "Kent County, RI" under column number 6: 6, Other, 2018, 2018, 75679, 31076, "Kent County, RI", 05000US44003, kent-county-ri
Row containing "Kent County, RI" under column number 6: 7, Two Or More, 2018, 2018, 48083, 14257, "Kent County, RI", 05000US44003, kent-county-ri
Row containing "Kent County, RI" under column number 6: 8, White Non-Hispanic, 2018, 2018, 70286, 2041.0000000000000, "Kent County, RI", 05000US44003, kent-county-ri
Row containing "Kent County, RI" under column number 6: 9, Hispanic, 2018, 2018, 73906, 14038, "Kent County, RI", 05000US44003, kent-county-ri
Row containing "Kent County, RI" under column number 6: 0, Total, 2017, 2017, 69047, 2197, "Kent County, RI", 05000US44003, kent-county-ri
Row containing "Kent County, RI" under column number 6: 1, White, 2017, 2017, 69912, 2016.0000000000000, "Kent County, RI", 05000US44003, kent-county-ri
Row containing "Kent County, RI" under column number 6: 2, Black, 2017, 2017, 40024, 9584, "Kent County, RI", 05000US44003, kent-county-ri
Row containing "Kent County, RI" under column number 6: 4, Asian, 2017, 2017, 95000, 16888, "Kent County, RI", 05000US44003, kent-county-ri
Row containing "Kent County, RI" under column number 6: 6, Other, 2017, 2017, 42304, 23495, "Kent County, RI", 05000US44003, kent-county-ri
Row containing "Kent County, RI" under column number 6: 7, Two Or More, 2017, 2017, 44000, 11831, "Kent County, RI", 05000US44003, kent-county-ri
Row containing "Kent County, RI" under column number 6: 8, White Non-Hispanic, 2017, 2017, 69724, 2055, "Kent County, RI", 05000US44003, kent-county-ri
Row containing "Kent County, RI" under column number 6: 9, Hispanic, 2017, 2017, 65069, 14243.000000000000, "Kent County, RI", 05000US44003, kent-county-ri
Row containing "Kent County, RI" under column number 6: 0, Total, 2016, 2016, 65592, 1418, "Kent County, RI", 05000US44003, kent-county-ri
Row containing "Kent County, RI" under column number 6: 1, White, 2016, 2016, 66116, 1376, "Kent County, RI", 05000US44003, kent-county-ri
Row containing "Kent County, RI" under column number 6: 2, Black, 2016, 2016, 50750, 21955, "Kent County, RI", 05000US44003, kent-county-ri
Row containing "Kent County, RI" under column number 6: 4, Asian, 2016, 2016, 84451, 15969.000000000000, "Kent County, RI", 05000US44003, kent-county-ri
Row containing "Kent County, RI" under column number 6: 6, Other, 2016, 2016, 48849, 9012, "Kent County, RI", 05000US44003, kent-county-ri
Row containing "Kent County, RI" under column number 6: 7, Two Or More, 2016, 2016, 34136, 7418, "Kent County, RI", 05000US44003, kent-county-ri
Row containing "Kent County, RI" under column number 6: 8, White Non-Hispanic, 2016, 2016, 66010, 1360, "Kent County, RI", 05000US44003, kent-county-ri
Row containing "Kent County, RI" under column number 6: 9, Hispanic, 2016, 2016, 59375, 14497, "Kent County, RI", 05000US44003, kent-county-ri
Row containing "Kent County, RI" under column number 6: 0, Total, 2015, 2015, 64383, 1384, "Kent County, RI", 05000US44003, kent-county-ri
Row containing "Kent County, RI" under column number 6: 1, White, 2015, 2015, 65089, 1594, "Kent County, RI", 05000US44003, kent-county-ri
Row containing "Kent County, RI" under column number 6: 2, Black, 2015, 2015, 46339, 14032, "Kent County, RI", 05000US44003, kent-county-ri
Row containing "Kent County, RI" under column number 6: 3, Native American, 2015, 2015, 30882, 23254, "Kent County, RI", 05000US44003, kent-county-ri
Row containing "Kent County, RI" under column number 6: 4, Asian, 2015, 2015, 72306, 11596, "Kent County, RI", 05000US44003, kent-county-ri
Row containing "Kent County, RI" under column number 6: 6, Other, 2015, 2015, 49959, 11854, "Kent County, RI", 05000US44003, kent-county-ri
Row containing "Kent County, RI" under column number 6: 7, Two Or More, 2015, 2015, 38750, 18572, "Kent County, RI", 05000US44003, kent-county-ri
Row containing "Kent County, RI" under column number 6: 8, White Non-Hispanic, 2015, 2015, 65274, 1634, "Kent County, RI", 05000US44003, kent-county-ri
Row containing "Kent County, RI" under column number 6: 9, Hispanic, 2015, 2015, 49607, 5303, "Kent County, RI", 05000US44003, kent-county-ri
Row containing "Kent County, RI" under column number 6: 0, Total, 2014, 2014, 62976, 1421, "Kent County, RI", 05000US44003, kent-county-ri
Row containing "Kent County, RI" under column number 6: 1, White, 2014, 2014, 63702, 1404, "Kent County, RI", 05000US44003, kent-county-ri
Row containing "Kent County, RI" under column number 6: 2, Black, 2014, 2014, 42350, 18515, "Kent County, RI", 05000US44003, kent-county-ri
Row containing "Kent County, RI" under column number 6: 3, Native American, 2014, 2014, 38393, 18498, "Kent County, RI", 05000US44003, kent-county-ri
Row containing "Kent County, RI" under column number 6: 4, Asian, 2014, 2014, 73173, 11564, "Kent County, RI", 05000US44003, kent-county-ri
Row containing "Kent County, RI" under column number 6: 6, Other, 2014, 2014, 48787, 4356, "Kent County, RI", 05000US44003, kent-county-ri
Row containing "Kent County, RI" under column number 6: 7, Two Or More, 2014, 2014, 31861, 6940.000000000000, "Kent County, RI", 05000US44003, kent-county-ri
Row containing "Kent County, RI" under column number 6: 8, White Non-Hispanic, 2014, 2014, 63791, 1417, "Kent County, RI", 05000US44003, kent-county-ri
Row containing "Kent County, RI" under column number 6: 9, Hispanic, 2014, 2014, 49142, 3220, "Kent County, RI", 05000US44003, kent-county-ri
Row containing "Kent County, RI" under column number 6: 0, Total, 2013, 2013, 62279, 1484, "Kent County, RI", 05000US44003, kent-county-ri
Row containing "Kent County, RI" under column number 6: 1, White, 2013, 2013, 62855, 1339, "Kent County, RI", 05000US44003, kent-county-ri
Row containing "Kent County, RI" under column number 6: 2, Black, 2013, 2013, 42091, 17780, "Kent County, RI", 05000US44003, kent-county-ri
Row containing "Kent County, RI" under column number 6: 3, Native American, 2013, 2013, 42936, 22989, "Kent County, RI", 05000US44003, kent-county-ri
Row containing "Kent County, RI" under column number 6: 4, Asian, 2013, 2013, 69161, 10626, "Kent County, RI", 05000US44003, kent-county-ri
Row containing "Kent County, RI" under column number 6: 6, Other, 2013, 2013, 50058, 8385, "Kent County, RI", 05000US44003, kent-county-ri
Row containing "Kent County, RI" under column number 6: 7, Two Or More, 2013, 2013, 42708, 17404, "Kent County, RI", 05000US44003, kent-county-ri
Row containing "Kent County, RI" under column number 6: 8, White Non-Hispanic, 2013, 2013, 63066, 1303, "Kent County, RI", 05000US44003, kent-county-ri
Row containing "Kent County, RI" under column number 6: 9, Hispanic, 2013, 2013, 46123, 5749, "Kent County, RI", 05000US44003, kent-county-ri
]]></system-out>
  </testcase>
  <testcase name="testRepeatSearchWithoutHeaderNotFound" classname="edu.brown.cs.student.SearchTest" time="0.025">
    <system-out><![CDATA[ID Racenot found in given csv
Bristol County, RInot found in given csv
ID Racenot found in given csv under column index 3
10not found in given csv under column index 0
]]></system-out>
  </testcase>
  <testcase name="testUniqueSearchWithHeaderFound" classname="edu.brown.cs.student.SearchTest" time="0.007">
    <system-out><![CDATA[Row containing 2315.505646: RI, Native American/American Indian,  $471.07 , 2315.505646,  $0.45 , 0%
Row containing 2315.505646: RI, Native American/American Indian,  $471.07 , 2315.505646,  $0.45 , 0%
Row containing Black under column number 1: RI, Black,  $770.26 , 30424.80376,  $0.73 , 6%
Row containing Black under column number 1: RI, Black,  $770.26 , 30424.80376,  $0.73 , 6%
Row containing 14% under columnEmployed Percent: RI, Hispanic/Latino,  $673.14 , 74596.18851,  $0.64 , 14%
Row containing 14% under columnEmployed Percent: RI, Hispanic/Latino,  $673.14 , 74596.18851,  $0.64 , 14%
]]></system-out>
  </testcase>
</testsuite>